<?xml version="1.0" encoding="UTF-8"?>
<testsuites name="jest tests" tests="310" failures="89" errors="0" time="106.725">
  <testsuite name="Certificate Provisioning System (CPS) Tools" errors="0" failures="0" skipped="0" timestamp="2025-06-30T09:16:44" time="0.116" tests="21">
    <testcase classname="Certificate Provisioning System (CPS) Tools createDVEnrollment should create a DV certificate enrollment" name="Certificate Provisioning System (CPS) Tools createDVEnrollment should create a DV certificate enrollment" time="0.002">
    </testcase>
    <testcase classname="Certificate Provisioning System (CPS) Tools createDVEnrollment should validate common name" name="Certificate Provisioning System (CPS) Tools createDVEnrollment should validate common name" time="0">
    </testcase>
    <testcase classname="Certificate Provisioning System (CPS) Tools getDVValidationChallenges should get DNS validation challenges" name="Certificate Provisioning System (CPS) Tools getDVValidationChallenges should get DNS validation challenges" time="0.001">
    </testcase>
    <testcase classname="Certificate Provisioning System (CPS) Tools getDVValidationChallenges should show validated status when complete" name="Certificate Provisioning System (CPS) Tools getDVValidationChallenges should show validated status when complete" time="0">
    </testcase>
    <testcase classname="Certificate Provisioning System (CPS) Tools checkDVEnrollmentStatus should check enrollment status" name="Certificate Provisioning System (CPS) Tools checkDVEnrollmentStatus should check enrollment status" time="0.014">
    </testcase>
    <testcase classname="Certificate Provisioning System (CPS) Tools checkDVEnrollmentStatus should show validation in progress" name="Certificate Provisioning System (CPS) Tools checkDVEnrollmentStatus should show validation in progress" time="0">
    </testcase>
    <testcase classname="Certificate Provisioning System (CPS) Tools listCertificateEnrollments should list certificate enrollments" name="Certificate Provisioning System (CPS) Tools listCertificateEnrollments should list certificate enrollments" time="0.001">
    </testcase>
    <testcase classname="Certificate Provisioning System (CPS) Tools linkCertificateToProperty should link certificate to property" name="Certificate Provisioning System (CPS) Tools linkCertificateToProperty should link certificate to property" time="0">
    </testcase>
    <testcase classname="Certificate Provisioning System (CPS) Tools downloadCSR should download CSR for third-party certificate enrollment" name="Certificate Provisioning System (CPS) Tools downloadCSR should download CSR for third-party certificate enrollment" time="0">
    </testcase>
    <testcase classname="Certificate Provisioning System (CPS) Tools downloadCSR should handle CSR download errors" name="Certificate Provisioning System (CPS) Tools downloadCSR should handle CSR download errors" time="0">
    </testcase>
    <testcase classname="Certificate Provisioning System (CPS) Tools uploadThirdPartyCertificate should upload third-party certificate successfully" name="Certificate Provisioning System (CPS) Tools uploadThirdPartyCertificate should upload third-party certificate successfully" time="0.001">
    </testcase>
    <testcase classname="Certificate Provisioning System (CPS) Tools uploadThirdPartyCertificate should validate certificate format" name="Certificate Provisioning System (CPS) Tools uploadThirdPartyCertificate should validate certificate format" time="0">
    </testcase>
    <testcase classname="Certificate Provisioning System (CPS) Tools uploadThirdPartyCertificate should validate trust chain format" name="Certificate Provisioning System (CPS) Tools uploadThirdPartyCertificate should validate trust chain format" time="0">
    </testcase>
    <testcase classname="Certificate Provisioning System (CPS) Tools updateCertificateEnrollment should update certificate enrollment configuration" name="Certificate Provisioning System (CPS) Tools updateCertificateEnrollment should update certificate enrollment configuration" time="0.001">
    </testcase>
    <testcase classname="Certificate Provisioning System (CPS) Tools updateCertificateEnrollment should handle update errors" name="Certificate Provisioning System (CPS) Tools updateCertificateEnrollment should handle update errors" time="0">
    </testcase>
    <testcase classname="Certificate Provisioning System (CPS) Tools deleteCertificateEnrollment should delete inactive certificate enrollment" name="Certificate Provisioning System (CPS) Tools deleteCertificateEnrollment should delete inactive certificate enrollment" time="0">
    </testcase>
    <testcase classname="Certificate Provisioning System (CPS) Tools deleteCertificateEnrollment should warn before deleting active certificate" name="Certificate Provisioning System (CPS) Tools deleteCertificateEnrollment should warn before deleting active certificate" time="0">
    </testcase>
    <testcase classname="Certificate Provisioning System (CPS) Tools deleteCertificateEnrollment should force delete active certificate when requested" name="Certificate Provisioning System (CPS) Tools deleteCertificateEnrollment should force delete active certificate when requested" time="0.001">
    </testcase>
    <testcase classname="Certificate Provisioning System (CPS) Tools monitorCertificateDeployment should monitor pending certificate deployment" name="Certificate Provisioning System (CPS) Tools monitorCertificateDeployment should monitor pending certificate deployment" time="0">
    </testcase>
    <testcase classname="Certificate Provisioning System (CPS) Tools monitorCertificateDeployment should monitor active certificate deployment" name="Certificate Provisioning System (CPS) Tools monitorCertificateDeployment should monitor active certificate deployment" time="0">
    </testcase>
    <testcase classname="Certificate Provisioning System (CPS) Tools monitorCertificateDeployment should handle monitoring errors" name="Certificate Provisioning System (CPS) Tools monitorCertificateDeployment should handle monitoring errors" time="0.001">
    </testcase>
  </testsuite>
  <testsuite name="CircuitBreaker" errors="0" failures="4" skipped="0" timestamp="2025-06-30T09:16:44" time="24.698" tests="34">
    <testcase classname="CircuitBreaker Initialization should initialize in CLOSED state" name="CircuitBreaker Initialization should initialize in CLOSED state" time="0.001">
    </testcase>
    <testcase classname="CircuitBreaker Initialization should emit initialized event" name="CircuitBreaker Initialization should emit initialized event" time="0.001">
    </testcase>
    <testcase classname="CircuitBreaker Initialization should use default configuration values" name="CircuitBreaker Initialization should use default configuration values" time="0">
    </testcase>
    <testcase classname="CircuitBreaker State Transitions - CLOSED to OPEN should move to OPEN after reaching failure threshold" name="CircuitBreaker State Transitions - CLOSED to OPEN should move to OPEN after reaching failure threshold" time="0">
    </testcase>
    <testcase classname="CircuitBreaker State Transitions - CLOSED to OPEN should track failure metrics correctly" name="CircuitBreaker State Transitions - CLOSED to OPEN should track failure metrics correctly" time="0">
    </testcase>
    <testcase classname="CircuitBreaker State Transitions - CLOSED to OPEN should emit requestFailure events" name="CircuitBreaker State Transitions - CLOSED to OPEN should emit requestFailure events" time="10.001">
      <failure>Error: thrown: &quot;Exceeded timeout of 10000 ms for a test while waiting for `done()` to be called.
Add a timeout value to this test to increase the timeout, if this is a long-running test. See https://jestjs.io/docs/api#testname-fn-timeout.&quot;
    at /Users/acedergr/Projects/alecs-mcp-server-akamai/__tests__/unit/resilience/CircuitBreaker.test.ts:94:5
    at _dispatchDescribe (/Users/acedergr/Projects/alecs-mcp-server-akamai/node_modules/jest-circus/build/jestAdapterInit.js:604:26)
    at describe (/Users/acedergr/Projects/alecs-mcp-server-akamai/node_modules/jest-circus/build/jestAdapterInit.js:572:44)
    at /Users/acedergr/Projects/alecs-mcp-server-akamai/__tests__/unit/resilience/CircuitBreaker.test.ts:50:3
    at _dispatchDescribe (/Users/acedergr/Projects/alecs-mcp-server-akamai/node_modules/jest-circus/build/jestAdapterInit.js:604:26)
    at describe (/Users/acedergr/Projects/alecs-mcp-server-akamai/node_modules/jest-circus/build/jestAdapterInit.js:572:44)
    at Object.&lt;anonymous&gt; (/Users/acedergr/Projects/alecs-mcp-server-akamai/__tests__/unit/resilience/CircuitBreaker.test.ts:3:1)
    at Runtime._execModule (/Users/acedergr/Projects/alecs-mcp-server-akamai/node_modules/jest-runtime/build/index.js:1264:24)
    at Runtime._loadModule (/Users/acedergr/Projects/alecs-mcp-server-akamai/node_modules/jest-runtime/build/index.js:940:12)
    at Runtime.requireModule (/Users/acedergr/Projects/alecs-mcp-server-akamai/node_modules/jest-runtime/build/index.js:828:12)
    at jestAdapter (/Users/acedergr/Projects/alecs-mcp-server-akamai/node_modules/jest-circus/build/runner.js:95:13)
    at runTestInternal (/Users/acedergr/Projects/alecs-mcp-server-akamai/node_modules/jest-runner/build/index.js:272:16)
    at runTest (/Users/acedergr/Projects/alecs-mcp-server-akamai/node_modules/jest-runner/build/index.js:340:7)</failure>
    </testcase>
    <testcase classname="CircuitBreaker State Transitions - OPEN to HALF_OPEN should reject requests immediately when OPEN" name="CircuitBreaker State Transitions - OPEN to HALF_OPEN should reject requests immediately when OPEN" time="0">
    </testcase>
    <testcase classname="CircuitBreaker State Transitions - OPEN to HALF_OPEN should move to HALF_OPEN after recovery timeout" name="CircuitBreaker State Transitions - OPEN to HALF_OPEN should move to HALF_OPEN after recovery timeout" time="1.104">
    </testcase>
    <testcase classname="CircuitBreaker State Transitions - OPEN to HALF_OPEN should emit requestRejected events when OPEN" name="CircuitBreaker State Transitions - OPEN to HALF_OPEN should emit requestRejected events when OPEN" time="0.001">
    </testcase>
    <testcase classname="CircuitBreaker State Transitions - HALF_OPEN to CLOSED should move to CLOSED after success threshold" name="CircuitBreaker State Transitions - HALF_OPEN to CLOSED should move to CLOSED after success threshold" time="1.101">
    </testcase>
    <testcase classname="CircuitBreaker State Transitions - HALF_OPEN to CLOSED should emit halfOpenSuccess events" name="CircuitBreaker State Transitions - HALF_OPEN to CLOSED should emit halfOpenSuccess events" time="1.101">
    </testcase>
    <testcase classname="CircuitBreaker State Transitions - HALF_OPEN to CLOSED should return to OPEN if failure occurs in HALF_OPEN" name="CircuitBreaker State Transitions - HALF_OPEN to CLOSED should return to OPEN if failure occurs in HALF_OPEN" time="1.107">
      <failure>Error: expect(received).toBe(expected) // Object.is equality

Expected: &quot;OPEN&quot;
Received: &quot;HALF_OPEN&quot;
    at Object.&lt;anonymous&gt; (/Users/acedergr/Projects/alecs-mcp-server-akamai/__tests__/unit/resilience/CircuitBreaker.test.ts:238:41)</failure>
    </testcase>
    <testcase classname="CircuitBreaker Success Execution should execute successful requests in CLOSED state" name="CircuitBreaker Success Execution should execute successful requests in CLOSED state" time="0.001">
    </testcase>
    <testcase classname="CircuitBreaker Success Execution should track success metrics" name="CircuitBreaker Success Execution should track success metrics" time="0">
    </testcase>
    <testcase classname="CircuitBreaker Success Execution should emit requestSuccess events" name="CircuitBreaker Success Execution should emit requestSuccess events" time="0">
    </testcase>
    <testcase classname="CircuitBreaker Expected Errors should not count expected errors towards failure threshold" name="CircuitBreaker Expected Errors should not count expected errors towards failure threshold" time="0.001">
    </testcase>
    <testcase classname="CircuitBreaker Expected Errors should emit expectedError events" name="CircuitBreaker Expected Errors should emit expectedError events" time="10">
      <failure>Error: thrown: &quot;Exceeded timeout of 10000 ms for a test while waiting for `done()` to be called.
Add a timeout value to this test to increase the timeout, if this is a long-running test. See https://jestjs.io/docs/api#testname-fn-timeout.&quot;
    at /Users/acedergr/Projects/alecs-mcp-server-akamai/__tests__/unit/resilience/CircuitBreaker.test.ts:310:5
    at _dispatchDescribe (/Users/acedergr/Projects/alecs-mcp-server-akamai/node_modules/jest-circus/build/jestAdapterInit.js:604:26)
    at describe (/Users/acedergr/Projects/alecs-mcp-server-akamai/node_modules/jest-circus/build/jestAdapterInit.js:572:44)
    at /Users/acedergr/Projects/alecs-mcp-server-akamai/__tests__/unit/resilience/CircuitBreaker.test.ts:279:3
    at _dispatchDescribe (/Users/acedergr/Projects/alecs-mcp-server-akamai/node_modules/jest-circus/build/jestAdapterInit.js:604:26)
    at describe (/Users/acedergr/Projects/alecs-mcp-server-akamai/node_modules/jest-circus/build/jestAdapterInit.js:572:44)
    at Object.&lt;anonymous&gt; (/Users/acedergr/Projects/alecs-mcp-server-akamai/__tests__/unit/resilience/CircuitBreaker.test.ts:3:1)
    at Runtime._execModule (/Users/acedergr/Projects/alecs-mcp-server-akamai/node_modules/jest-runtime/build/index.js:1264:24)
    at Runtime._loadModule (/Users/acedergr/Projects/alecs-mcp-server-akamai/node_modules/jest-runtime/build/index.js:940:12)
    at Runtime.requireModule (/Users/acedergr/Projects/alecs-mcp-server-akamai/node_modules/jest-runtime/build/index.js:828:12)
    at jestAdapter (/Users/acedergr/Projects/alecs-mcp-server-akamai/node_modules/jest-circus/build/runner.js:95:13)
    at runTestInternal (/Users/acedergr/Projects/alecs-mcp-server-akamai/node_modules/jest-runner/build/index.js:272:16)
    at runTest (/Users/acedergr/Projects/alecs-mcp-server-akamai/node_modules/jest-runner/build/index.js:340:7)</failure>
    </testcase>
    <testcase classname="CircuitBreaker Metrics and Statistics should calculate failure rate correctly" name="CircuitBreaker Metrics and Statistics should calculate failure rate correctly" time="0">
    </testcase>
    <testcase classname="CircuitBreaker Metrics and Statistics should track average response time" name="CircuitBreaker Metrics and Statistics should track average response time" time="0.102">
    </testcase>
    <testcase classname="CircuitBreaker Metrics and Statistics should calculate request rate" name="CircuitBreaker Metrics and Statistics should calculate request rate" time="0">
      <failure>Error: expect(received).toBeGreaterThan(expected)

Expected: &gt; 0
Received:   0
    at Object.&lt;anonymous&gt; (/Users/acedergr/Projects/alecs-mcp-server-akamai/__tests__/unit/resilience/CircuitBreaker.test.ts:365:33)</failure>
    </testcase>
    <testcase classname="CircuitBreaker Health Monitoring should perform periodic health checks" name="CircuitBreaker Health Monitoring should perform periodic health checks" time="0.102">
    </testcase>
    <testcase classname="CircuitBreaker Health Monitoring should emit high failure rate alerts" name="CircuitBreaker Health Monitoring should emit high failure rate alerts" time="0.002">
    </testcase>
    <testcase classname="CircuitBreaker Health Monitoring should emit high response time alerts" name="CircuitBreaker Health Monitoring should emit high response time alerts" time="0.001">
    </testcase>
    <testcase classname="CircuitBreaker Health Monitoring should check if circuit breaker is healthy" name="CircuitBreaker Health Monitoring should check if circuit breaker is healthy" time="0">
    </testcase>
    <testcase classname="CircuitBreaker Manual Control should allow forcing state" name="CircuitBreaker Manual Control should allow forcing state" time="0.001">
    </testcase>
    <testcase classname="CircuitBreaker Manual Control should allow manual reset" name="CircuitBreaker Manual Control should allow manual reset" time="0">
    </testcase>
    <testcase classname="CircuitBreaker Manual Control should emit reset event" name="CircuitBreaker Manual Control should emit reset event" time="0">
    </testcase>
    <testcase classname="CircuitBreaker Request Allowance should allow requests in CLOSED state" name="CircuitBreaker Request Allowance should allow requests in CLOSED state" time="0">
    </testcase>
    <testcase classname="CircuitBreaker Request Allowance should allow requests in HALF_OPEN state" name="CircuitBreaker Request Allowance should allow requests in HALF_OPEN state" time="0">
    </testcase>
    <testcase classname="CircuitBreaker Request Allowance should not allow requests in OPEN state before recovery timeout" name="CircuitBreaker Request Allowance should not allow requests in OPEN state before recovery timeout" time="0">
    </testcase>
    <testcase classname="CircuitBreaker Request Allowance should calculate time until retry correctly" name="CircuitBreaker Request Allowance should calculate time until retry correctly" time="0">
    </testcase>
    <testcase classname="CircuitBreaker Resource Cleanup should destroy and cleanup resources" name="CircuitBreaker Resource Cleanup should destroy and cleanup resources" time="0.012">
    </testcase>
    <testcase classname="CircuitBreaker Resource Cleanup should stop monitoring after destroy" name="CircuitBreaker Resource Cleanup should stop monitoring after destroy" time="0">
    </testcase>
    <testcase classname="CircuitBreaker Timeout Tracking should track timeout errors separately" name="CircuitBreaker Timeout Tracking should track timeout errors separately" time="0.001">
    </testcase>
  </testsuite>
  <testsuite name="MCP Protocol Compliance" errors="0" failures="0" skipped="20" timestamp="2025-06-30T09:17:09" time="0.069" tests="20">
    <testcase classname="MCP Protocol Compliance Request/Response Format Validation ListTools Request/Response should validate ListTools request schema" name="MCP Protocol Compliance Request/Response Format Validation ListTools Request/Response should validate ListTools request schema" time="0">
      <skipped/>
    </testcase>
    <testcase classname="MCP Protocol Compliance Request/Response Format Validation ListTools Request/Response should return properly formatted tool definitions" name="MCP Protocol Compliance Request/Response Format Validation ListTools Request/Response should return properly formatted tool definitions" time="0">
      <skipped/>
    </testcase>
    <testcase classname="MCP Protocol Compliance Request/Response Format Validation CallTool Request/Response should validate CallTool request schema" name="MCP Protocol Compliance Request/Response Format Validation CallTool Request/Response should validate CallTool request schema" time="0">
      <skipped/>
    </testcase>
    <testcase classname="MCP Protocol Compliance Request/Response Format Validation CallTool Request/Response should reject invalid tool names" name="MCP Protocol Compliance Request/Response Format Validation CallTool Request/Response should reject invalid tool names" time="0">
      <skipped/>
    </testcase>
    <testcase classname="MCP Protocol Compliance Request/Response Format Validation CallTool Request/Response should validate tool arguments against schema" name="MCP Protocol Compliance Request/Response Format Validation CallTool Request/Response should validate tool arguments against schema" time="0">
      <skipped/>
    </testcase>
    <testcase classname="MCP Protocol Compliance Request/Response Format Validation CallTool Request/Response should return proper content array format" name="MCP Protocol Compliance Request/Response Format Validation CallTool Request/Response should return proper content array format" time="0">
      <skipped/>
    </testcase>
    <testcase classname="MCP Protocol Compliance Request/Response Format Validation Malformed Request Handling should handle missing required fields gracefully" name="MCP Protocol Compliance Request/Response Format Validation Malformed Request Handling should handle missing required fields gracefully" time="0">
      <skipped/>
    </testcase>
    <testcase classname="MCP Protocol Compliance Request/Response Format Validation Malformed Request Handling should handle invalid JSON gracefully" name="MCP Protocol Compliance Request/Response Format Validation Malformed Request Handling should handle invalid JSON gracefully" time="0">
      <skipped/>
    </testcase>
    <testcase classname="MCP Protocol Compliance Request/Response Format Validation Malformed Request Handling should handle schema violations with clear errors" name="MCP Protocol Compliance Request/Response Format Validation Malformed Request Handling should handle schema violations with clear errors" time="0">
      <skipped/>
    </testcase>
    <testcase classname="MCP Protocol Compliance Error Response Standards should use MCP ErrorCode enum values" name="MCP Protocol Compliance Error Response Standards should use MCP ErrorCode enum values" time="0">
      <skipped/>
    </testcase>
    <testcase classname="MCP Protocol Compliance Error Response Standards should format errors according to MCP spec" name="MCP Protocol Compliance Error Response Standards should format errors according to MCP spec" time="0">
      <skipped/>
    </testcase>
    <testcase classname="MCP Protocol Compliance Error Response Standards should include helpful error context" name="MCP Protocol Compliance Error Response Standards should include helpful error context" time="0">
      <skipped/>
    </testcase>
    <testcase classname="MCP Protocol Compliance Protocol Version and Capabilities should announce correct protocol version" name="MCP Protocol Compliance Protocol Version and Capabilities should announce correct protocol version" time="0">
      <skipped/>
    </testcase>
    <testcase classname="MCP Protocol Compliance Protocol Version and Capabilities should announce tool capabilities only" name="MCP Protocol Compliance Protocol Version and Capabilities should announce tool capabilities only" time="0">
      <skipped/>
    </testcase>
    <testcase classname="MCP Protocol Compliance Content Type Handling should support text content type" name="MCP Protocol Compliance Content Type Handling should support text content type" time="0">
      <skipped/>
    </testcase>
    <testcase classname="MCP Protocol Compliance Content Type Handling should properly escape special characters in text" name="MCP Protocol Compliance Content Type Handling should properly escape special characters in text" time="0">
      <skipped/>
    </testcase>
    <testcase classname="MCP Protocol Compliance Request ID and Tracing should handle requests without IDs" name="MCP Protocol Compliance Request ID and Tracing should handle requests without IDs" time="0">
      <skipped/>
    </testcase>
    <testcase classname="MCP Protocol Compliance Request ID and Tracing should preserve request context through tool execution" name="MCP Protocol Compliance Request ID and Tracing should preserve request context through tool execution" time="0">
      <skipped/>
    </testcase>
    <testcase classname="MCP Protocol Compliance Streaming and Large Responses should handle large response data" name="MCP Protocol Compliance Streaming and Large Responses should handle large response data" time="0">
      <skipped/>
    </testcase>
    <testcase classname="MCP Protocol Compliance Streaming and Large Responses should handle empty responses appropriately" name="MCP Protocol Compliance Streaming and Large Responses should handle empty responses appropriately" time="0">
      <skipped/>
    </testcase>
  </testsuite>
  <testsuite name="EnhancedEdgeGrid" errors="0" failures="33" skipped="0" timestamp="2025-06-30T09:17:09" time="0.132" tests="33">
    <testcase classname="EnhancedEdgeGrid Initialization should initialize with EdgeGrid configuration" name="EnhancedEdgeGrid Initialization should initialize with EdgeGrid configuration" time="0">
      <failure>TypeError: EdgeGrid is not a constructor
    at new EnhancedEdgeGrid (/Users/acedergr/Projects/alecs-mcp-server-akamai/src/auth/EnhancedEdgeGrid.ts:71:21)
    at Object.&lt;anonymous&gt; (/Users/acedergr/Projects/alecs-mcp-server-akamai/__tests__/unit/auth/EnhancedEdgeGrid.test.ts:52:24)
    at Promise.finally.completed (/Users/acedergr/Projects/alecs-mcp-server-akamai/node_modules/jest-circus/build/jestAdapterInit.js:1559:28)
    at new Promise (&lt;anonymous&gt;)
    at callAsyncCircusFn (/Users/acedergr/Projects/alecs-mcp-server-akamai/node_modules/jest-circus/build/jestAdapterInit.js:1499:10)
    at _callCircusHook (/Users/acedergr/Projects/alecs-mcp-server-akamai/node_modules/jest-circus/build/jestAdapterInit.js:978:40)
    at _runTest (/Users/acedergr/Projects/alecs-mcp-server-akamai/node_modules/jest-circus/build/jestAdapterInit.js:943:5)
    at _runTestsForDescribeBlock (/Users/acedergr/Projects/alecs-mcp-server-akamai/node_modules/jest-circus/build/jestAdapterInit.js:839:13)
    at _runTestsForDescribeBlock (/Users/acedergr/Projects/alecs-mcp-server-akamai/node_modules/jest-circus/build/jestAdapterInit.js:829:11)
    at _runTestsForDescribeBlock (/Users/acedergr/Projects/alecs-mcp-server-akamai/node_modules/jest-circus/build/jestAdapterInit.js:829:11)
    at run (/Users/acedergr/Projects/alecs-mcp-server-akamai/node_modules/jest-circus/build/jestAdapterInit.js:757:3)
    at runAndTransformResultsToJestFormat (/Users/acedergr/Projects/alecs-mcp-server-akamai/node_modules/jest-circus/build/jestAdapterInit.js:1920:21)
    at jestAdapter (/Users/acedergr/Projects/alecs-mcp-server-akamai/node_modules/jest-circus/build/runner.js:101:19)
    at runTestInternal (/Users/acedergr/Projects/alecs-mcp-server-akamai/node_modules/jest-runner/build/index.js:272:16)
    at runTest (/Users/acedergr/Projects/alecs-mcp-server-akamai/node_modules/jest-runner/build/index.js:340:7)</failure>
    </testcase>
    <testcase classname="EnhancedEdgeGrid Initialization should apply monkey patch by default" name="EnhancedEdgeGrid Initialization should apply monkey patch by default" time="0">
      <failure>TypeError: EdgeGrid is not a constructor
    at new EnhancedEdgeGrid (/Users/acedergr/Projects/alecs-mcp-server-akamai/src/auth/EnhancedEdgeGrid.ts:71:21)
    at Object.&lt;anonymous&gt; (/Users/acedergr/Projects/alecs-mcp-server-akamai/__tests__/unit/auth/EnhancedEdgeGrid.test.ts:52:24)
    at Promise.finally.completed (/Users/acedergr/Projects/alecs-mcp-server-akamai/node_modules/jest-circus/build/jestAdapterInit.js:1559:28)
    at new Promise (&lt;anonymous&gt;)
    at callAsyncCircusFn (/Users/acedergr/Projects/alecs-mcp-server-akamai/node_modules/jest-circus/build/jestAdapterInit.js:1499:10)
    at _callCircusHook (/Users/acedergr/Projects/alecs-mcp-server-akamai/node_modules/jest-circus/build/jestAdapterInit.js:978:40)
    at _runTest (/Users/acedergr/Projects/alecs-mcp-server-akamai/node_modules/jest-circus/build/jestAdapterInit.js:943:5)
    at _runTestsForDescribeBlock (/Users/acedergr/Projects/alecs-mcp-server-akamai/node_modules/jest-circus/build/jestAdapterInit.js:839:13)
    at _runTestsForDescribeBlock (/Users/acedergr/Projects/alecs-mcp-server-akamai/node_modules/jest-circus/build/jestAdapterInit.js:829:11)
    at _runTestsForDescribeBlock (/Users/acedergr/Projects/alecs-mcp-server-akamai/node_modules/jest-circus/build/jestAdapterInit.js:829:11)
    at run (/Users/acedergr/Projects/alecs-mcp-server-akamai/node_modules/jest-circus/build/jestAdapterInit.js:757:3)
    at runAndTransformResultsToJestFormat (/Users/acedergr/Projects/alecs-mcp-server-akamai/node_modules/jest-circus/build/jestAdapterInit.js:1920:21)
    at jestAdapter (/Users/acedergr/Projects/alecs-mcp-server-akamai/node_modules/jest-circus/build/runner.js:101:19)
    at runTestInternal (/Users/acedergr/Projects/alecs-mcp-server-akamai/node_modules/jest-runner/build/index.js:272:16)
    at runTest (/Users/acedergr/Projects/alecs-mcp-server-akamai/node_modules/jest-runner/build/index.js:340:7)</failure>
    </testcase>
    <testcase classname="EnhancedEdgeGrid Initialization should skip monkey patch when disabled" name="EnhancedEdgeGrid Initialization should skip monkey patch when disabled" time="0.001">
      <failure>TypeError: EdgeGrid is not a constructor
    at new EnhancedEdgeGrid (/Users/acedergr/Projects/alecs-mcp-server-akamai/src/auth/EnhancedEdgeGrid.ts:71:21)
    at Object.&lt;anonymous&gt; (/Users/acedergr/Projects/alecs-mcp-server-akamai/__tests__/unit/auth/EnhancedEdgeGrid.test.ts:52:24)
    at Promise.finally.completed (/Users/acedergr/Projects/alecs-mcp-server-akamai/node_modules/jest-circus/build/jestAdapterInit.js:1559:28)
    at new Promise (&lt;anonymous&gt;)
    at callAsyncCircusFn (/Users/acedergr/Projects/alecs-mcp-server-akamai/node_modules/jest-circus/build/jestAdapterInit.js:1499:10)
    at _callCircusHook (/Users/acedergr/Projects/alecs-mcp-server-akamai/node_modules/jest-circus/build/jestAdapterInit.js:978:40)
    at _runTest (/Users/acedergr/Projects/alecs-mcp-server-akamai/node_modules/jest-circus/build/jestAdapterInit.js:943:5)
    at _runTestsForDescribeBlock (/Users/acedergr/Projects/alecs-mcp-server-akamai/node_modules/jest-circus/build/jestAdapterInit.js:839:13)
    at _runTestsForDescribeBlock (/Users/acedergr/Projects/alecs-mcp-server-akamai/node_modules/jest-circus/build/jestAdapterInit.js:829:11)
    at _runTestsForDescribeBlock (/Users/acedergr/Projects/alecs-mcp-server-akamai/node_modules/jest-circus/build/jestAdapterInit.js:829:11)
    at run (/Users/acedergr/Projects/alecs-mcp-server-akamai/node_modules/jest-circus/build/jestAdapterInit.js:757:3)
    at runAndTransformResultsToJestFormat (/Users/acedergr/Projects/alecs-mcp-server-akamai/node_modules/jest-circus/build/jestAdapterInit.js:1920:21)
    at jestAdapter (/Users/acedergr/Projects/alecs-mcp-server-akamai/node_modules/jest-circus/build/runner.js:101:19)
    at runTestInternal (/Users/acedergr/Projects/alecs-mcp-server-akamai/node_modules/jest-runner/build/index.js:272:16)
    at runTest (/Users/acedergr/Projects/alecs-mcp-server-akamai/node_modules/jest-runner/build/index.js:340:7)</failure>
    </testcase>
    <testcase classname="EnhancedEdgeGrid Initialization should emit monkeyPatchApplied event" name="EnhancedEdgeGrid Initialization should emit monkeyPatchApplied event" time="0">
      <failure>TypeError: EdgeGrid is not a constructor
    at new EnhancedEdgeGrid (/Users/acedergr/Projects/alecs-mcp-server-akamai/src/auth/EnhancedEdgeGrid.ts:71:21)
    at Object.&lt;anonymous&gt; (/Users/acedergr/Projects/alecs-mcp-server-akamai/__tests__/unit/auth/EnhancedEdgeGrid.test.ts:52:24)
    at Promise.finally.completed (/Users/acedergr/Projects/alecs-mcp-server-akamai/node_modules/jest-circus/build/jestAdapterInit.js:1559:28)
    at new Promise (&lt;anonymous&gt;)
    at callAsyncCircusFn (/Users/acedergr/Projects/alecs-mcp-server-akamai/node_modules/jest-circus/build/jestAdapterInit.js:1499:10)
    at _callCircusHook (/Users/acedergr/Projects/alecs-mcp-server-akamai/node_modules/jest-circus/build/jestAdapterInit.js:978:40)
    at _runTest (/Users/acedergr/Projects/alecs-mcp-server-akamai/node_modules/jest-circus/build/jestAdapterInit.js:943:5)
    at _runTestsForDescribeBlock (/Users/acedergr/Projects/alecs-mcp-server-akamai/node_modules/jest-circus/build/jestAdapterInit.js:839:13)
    at _runTestsForDescribeBlock (/Users/acedergr/Projects/alecs-mcp-server-akamai/node_modules/jest-circus/build/jestAdapterInit.js:829:11)
    at _runTestsForDescribeBlock (/Users/acedergr/Projects/alecs-mcp-server-akamai/node_modules/jest-circus/build/jestAdapterInit.js:829:11)
    at run (/Users/acedergr/Projects/alecs-mcp-server-akamai/node_modules/jest-circus/build/jestAdapterInit.js:757:3)
    at runAndTransformResultsToJestFormat (/Users/acedergr/Projects/alecs-mcp-server-akamai/node_modules/jest-circus/build/jestAdapterInit.js:1920:21)
    at jestAdapter (/Users/acedergr/Projects/alecs-mcp-server-akamai/node_modules/jest-circus/build/runner.js:101:19)
    at runTestInternal (/Users/acedergr/Projects/alecs-mcp-server-akamai/node_modules/jest-runner/build/index.js:272:16)
    at runTest (/Users/acedergr/Projects/alecs-mcp-server-akamai/node_modules/jest-runner/build/index.js:340:7)</failure>
    </testcase>
    <testcase classname="EnhancedEdgeGrid Request Execution should execute GET request successfully" name="EnhancedEdgeGrid Request Execution should execute GET request successfully" time="0">
      <failure>TypeError: EdgeGrid is not a constructor
    at new EnhancedEdgeGrid (/Users/acedergr/Projects/alecs-mcp-server-akamai/src/auth/EnhancedEdgeGrid.ts:71:21)
    at Object.&lt;anonymous&gt; (/Users/acedergr/Projects/alecs-mcp-server-akamai/__tests__/unit/auth/EnhancedEdgeGrid.test.ts:52:24)
    at Promise.finally.completed (/Users/acedergr/Projects/alecs-mcp-server-akamai/node_modules/jest-circus/build/jestAdapterInit.js:1559:28)
    at new Promise (&lt;anonymous&gt;)
    at callAsyncCircusFn (/Users/acedergr/Projects/alecs-mcp-server-akamai/node_modules/jest-circus/build/jestAdapterInit.js:1499:10)
    at _callCircusHook (/Users/acedergr/Projects/alecs-mcp-server-akamai/node_modules/jest-circus/build/jestAdapterInit.js:978:40)
    at _runTest (/Users/acedergr/Projects/alecs-mcp-server-akamai/node_modules/jest-circus/build/jestAdapterInit.js:943:5)
    at _runTestsForDescribeBlock (/Users/acedergr/Projects/alecs-mcp-server-akamai/node_modules/jest-circus/build/jestAdapterInit.js:839:13)
    at _runTestsForDescribeBlock (/Users/acedergr/Projects/alecs-mcp-server-akamai/node_modules/jest-circus/build/jestAdapterInit.js:829:11)
    at _runTestsForDescribeBlock (/Users/acedergr/Projects/alecs-mcp-server-akamai/node_modules/jest-circus/build/jestAdapterInit.js:829:11)
    at run (/Users/acedergr/Projects/alecs-mcp-server-akamai/node_modules/jest-circus/build/jestAdapterInit.js:757:3)
    at runAndTransformResultsToJestFormat (/Users/acedergr/Projects/alecs-mcp-server-akamai/node_modules/jest-circus/build/jestAdapterInit.js:1920:21)
    at jestAdapter (/Users/acedergr/Projects/alecs-mcp-server-akamai/node_modules/jest-circus/build/runner.js:101:19)
    at runTestInternal (/Users/acedergr/Projects/alecs-mcp-server-akamai/node_modules/jest-runner/build/index.js:272:16)
    at runTest (/Users/acedergr/Projects/alecs-mcp-server-akamai/node_modules/jest-runner/build/index.js:340:7)</failure>
    </testcase>
    <testcase classname="EnhancedEdgeGrid Request Execution should execute POST request with data" name="EnhancedEdgeGrid Request Execution should execute POST request with data" time="0">
      <failure>TypeError: EdgeGrid is not a constructor
    at new EnhancedEdgeGrid (/Users/acedergr/Projects/alecs-mcp-server-akamai/src/auth/EnhancedEdgeGrid.ts:71:21)
    at Object.&lt;anonymous&gt; (/Users/acedergr/Projects/alecs-mcp-server-akamai/__tests__/unit/auth/EnhancedEdgeGrid.test.ts:52:24)
    at Promise.finally.completed (/Users/acedergr/Projects/alecs-mcp-server-akamai/node_modules/jest-circus/build/jestAdapterInit.js:1559:28)
    at new Promise (&lt;anonymous&gt;)
    at callAsyncCircusFn (/Users/acedergr/Projects/alecs-mcp-server-akamai/node_modules/jest-circus/build/jestAdapterInit.js:1499:10)
    at _callCircusHook (/Users/acedergr/Projects/alecs-mcp-server-akamai/node_modules/jest-circus/build/jestAdapterInit.js:978:40)
    at _runTest (/Users/acedergr/Projects/alecs-mcp-server-akamai/node_modules/jest-circus/build/jestAdapterInit.js:943:5)
    at _runTestsForDescribeBlock (/Users/acedergr/Projects/alecs-mcp-server-akamai/node_modules/jest-circus/build/jestAdapterInit.js:839:13)
    at _runTestsForDescribeBlock (/Users/acedergr/Projects/alecs-mcp-server-akamai/node_modules/jest-circus/build/jestAdapterInit.js:829:11)
    at _runTestsForDescribeBlock (/Users/acedergr/Projects/alecs-mcp-server-akamai/node_modules/jest-circus/build/jestAdapterInit.js:829:11)
    at run (/Users/acedergr/Projects/alecs-mcp-server-akamai/node_modules/jest-circus/build/jestAdapterInit.js:757:3)
    at runAndTransformResultsToJestFormat (/Users/acedergr/Projects/alecs-mcp-server-akamai/node_modules/jest-circus/build/jestAdapterInit.js:1920:21)
    at jestAdapter (/Users/acedergr/Projects/alecs-mcp-server-akamai/node_modules/jest-circus/build/runner.js:101:19)
    at runTestInternal (/Users/acedergr/Projects/alecs-mcp-server-akamai/node_modules/jest-runner/build/index.js:272:16)
    at runTest (/Users/acedergr/Projects/alecs-mcp-server-akamai/node_modules/jest-runner/build/index.js:340:7)</failure>
    </testcase>
    <testcase classname="EnhancedEdgeGrid Request Execution should execute PUT request with data" name="EnhancedEdgeGrid Request Execution should execute PUT request with data" time="0">
      <failure>TypeError: EdgeGrid is not a constructor
    at new EnhancedEdgeGrid (/Users/acedergr/Projects/alecs-mcp-server-akamai/src/auth/EnhancedEdgeGrid.ts:71:21)
    at Object.&lt;anonymous&gt; (/Users/acedergr/Projects/alecs-mcp-server-akamai/__tests__/unit/auth/EnhancedEdgeGrid.test.ts:52:24)
    at Promise.finally.completed (/Users/acedergr/Projects/alecs-mcp-server-akamai/node_modules/jest-circus/build/jestAdapterInit.js:1559:28)
    at new Promise (&lt;anonymous&gt;)
    at callAsyncCircusFn (/Users/acedergr/Projects/alecs-mcp-server-akamai/node_modules/jest-circus/build/jestAdapterInit.js:1499:10)
    at _callCircusHook (/Users/acedergr/Projects/alecs-mcp-server-akamai/node_modules/jest-circus/build/jestAdapterInit.js:978:40)
    at _runTest (/Users/acedergr/Projects/alecs-mcp-server-akamai/node_modules/jest-circus/build/jestAdapterInit.js:943:5)
    at _runTestsForDescribeBlock (/Users/acedergr/Projects/alecs-mcp-server-akamai/node_modules/jest-circus/build/jestAdapterInit.js:839:13)
    at _runTestsForDescribeBlock (/Users/acedergr/Projects/alecs-mcp-server-akamai/node_modules/jest-circus/build/jestAdapterInit.js:829:11)
    at _runTestsForDescribeBlock (/Users/acedergr/Projects/alecs-mcp-server-akamai/node_modules/jest-circus/build/jestAdapterInit.js:829:11)
    at run (/Users/acedergr/Projects/alecs-mcp-server-akamai/node_modules/jest-circus/build/jestAdapterInit.js:757:3)
    at runAndTransformResultsToJestFormat (/Users/acedergr/Projects/alecs-mcp-server-akamai/node_modules/jest-circus/build/jestAdapterInit.js:1920:21)
    at jestAdapter (/Users/acedergr/Projects/alecs-mcp-server-akamai/node_modules/jest-circus/build/runner.js:101:19)
    at runTestInternal (/Users/acedergr/Projects/alecs-mcp-server-akamai/node_modules/jest-runner/build/index.js:272:16)
    at runTest (/Users/acedergr/Projects/alecs-mcp-server-akamai/node_modules/jest-runner/build/index.js:340:7)</failure>
    </testcase>
    <testcase classname="EnhancedEdgeGrid Request Execution should execute DELETE request" name="EnhancedEdgeGrid Request Execution should execute DELETE request" time="0">
      <failure>TypeError: EdgeGrid is not a constructor
    at new EnhancedEdgeGrid (/Users/acedergr/Projects/alecs-mcp-server-akamai/src/auth/EnhancedEdgeGrid.ts:71:21)
    at Object.&lt;anonymous&gt; (/Users/acedergr/Projects/alecs-mcp-server-akamai/__tests__/unit/auth/EnhancedEdgeGrid.test.ts:52:24)
    at Promise.finally.completed (/Users/acedergr/Projects/alecs-mcp-server-akamai/node_modules/jest-circus/build/jestAdapterInit.js:1559:28)
    at new Promise (&lt;anonymous&gt;)
    at callAsyncCircusFn (/Users/acedergr/Projects/alecs-mcp-server-akamai/node_modules/jest-circus/build/jestAdapterInit.js:1499:10)
    at _callCircusHook (/Users/acedergr/Projects/alecs-mcp-server-akamai/node_modules/jest-circus/build/jestAdapterInit.js:978:40)
    at _runTest (/Users/acedergr/Projects/alecs-mcp-server-akamai/node_modules/jest-circus/build/jestAdapterInit.js:943:5)
    at _runTestsForDescribeBlock (/Users/acedergr/Projects/alecs-mcp-server-akamai/node_modules/jest-circus/build/jestAdapterInit.js:839:13)
    at _runTestsForDescribeBlock (/Users/acedergr/Projects/alecs-mcp-server-akamai/node_modules/jest-circus/build/jestAdapterInit.js:829:11)
    at _runTestsForDescribeBlock (/Users/acedergr/Projects/alecs-mcp-server-akamai/node_modules/jest-circus/build/jestAdapterInit.js:829:11)
    at run (/Users/acedergr/Projects/alecs-mcp-server-akamai/node_modules/jest-circus/build/jestAdapterInit.js:757:3)
    at runAndTransformResultsToJestFormat (/Users/acedergr/Projects/alecs-mcp-server-akamai/node_modules/jest-circus/build/jestAdapterInit.js:1920:21)
    at jestAdapter (/Users/acedergr/Projects/alecs-mcp-server-akamai/node_modules/jest-circus/build/runner.js:101:19)
    at runTestInternal (/Users/acedergr/Projects/alecs-mcp-server-akamai/node_modules/jest-runner/build/index.js:272:16)
    at runTest (/Users/acedergr/Projects/alecs-mcp-server-akamai/node_modules/jest-runner/build/index.js:340:7)</failure>
    </testcase>
    <testcase classname="EnhancedEdgeGrid Request Execution should emit requestSuccess on successful request" name="EnhancedEdgeGrid Request Execution should emit requestSuccess on successful request" time="0.001">
      <failure>TypeError: EdgeGrid is not a constructor
    at new EnhancedEdgeGrid (/Users/acedergr/Projects/alecs-mcp-server-akamai/src/auth/EnhancedEdgeGrid.ts:71:21)
    at Object.&lt;anonymous&gt; (/Users/acedergr/Projects/alecs-mcp-server-akamai/__tests__/unit/auth/EnhancedEdgeGrid.test.ts:52:24)
    at Promise.finally.completed (/Users/acedergr/Projects/alecs-mcp-server-akamai/node_modules/jest-circus/build/jestAdapterInit.js:1559:28)
    at new Promise (&lt;anonymous&gt;)
    at callAsyncCircusFn (/Users/acedergr/Projects/alecs-mcp-server-akamai/node_modules/jest-circus/build/jestAdapterInit.js:1499:10)
    at _callCircusHook (/Users/acedergr/Projects/alecs-mcp-server-akamai/node_modules/jest-circus/build/jestAdapterInit.js:978:40)
    at _runTest (/Users/acedergr/Projects/alecs-mcp-server-akamai/node_modules/jest-circus/build/jestAdapterInit.js:943:5)
    at _runTestsForDescribeBlock (/Users/acedergr/Projects/alecs-mcp-server-akamai/node_modules/jest-circus/build/jestAdapterInit.js:839:13)
    at _runTestsForDescribeBlock (/Users/acedergr/Projects/alecs-mcp-server-akamai/node_modules/jest-circus/build/jestAdapterInit.js:829:11)
    at _runTestsForDescribeBlock (/Users/acedergr/Projects/alecs-mcp-server-akamai/node_modules/jest-circus/build/jestAdapterInit.js:829:11)
    at run (/Users/acedergr/Projects/alecs-mcp-server-akamai/node_modules/jest-circus/build/jestAdapterInit.js:757:3)
    at runAndTransformResultsToJestFormat (/Users/acedergr/Projects/alecs-mcp-server-akamai/node_modules/jest-circus/build/jestAdapterInit.js:1920:21)
    at jestAdapter (/Users/acedergr/Projects/alecs-mcp-server-akamai/node_modules/jest-circus/build/runner.js:101:19)
    at runTestInternal (/Users/acedergr/Projects/alecs-mcp-server-akamai/node_modules/jest-runner/build/index.js:272:16)
    at runTest (/Users/acedergr/Projects/alecs-mcp-server-akamai/node_modules/jest-runner/build/index.js:340:7)</failure>
    </testcase>
    <testcase classname="EnhancedEdgeGrid Request Execution should emit requestError on failed request" name="EnhancedEdgeGrid Request Execution should emit requestError on failed request" time="0">
      <failure>TypeError: EdgeGrid is not a constructor
    at new EnhancedEdgeGrid (/Users/acedergr/Projects/alecs-mcp-server-akamai/src/auth/EnhancedEdgeGrid.ts:71:21)
    at Object.&lt;anonymous&gt; (/Users/acedergr/Projects/alecs-mcp-server-akamai/__tests__/unit/auth/EnhancedEdgeGrid.test.ts:52:24)
    at Promise.finally.completed (/Users/acedergr/Projects/alecs-mcp-server-akamai/node_modules/jest-circus/build/jestAdapterInit.js:1559:28)
    at new Promise (&lt;anonymous&gt;)
    at callAsyncCircusFn (/Users/acedergr/Projects/alecs-mcp-server-akamai/node_modules/jest-circus/build/jestAdapterInit.js:1499:10)
    at _callCircusHook (/Users/acedergr/Projects/alecs-mcp-server-akamai/node_modules/jest-circus/build/jestAdapterInit.js:978:40)
    at _runTest (/Users/acedergr/Projects/alecs-mcp-server-akamai/node_modules/jest-circus/build/jestAdapterInit.js:943:5)
    at _runTestsForDescribeBlock (/Users/acedergr/Projects/alecs-mcp-server-akamai/node_modules/jest-circus/build/jestAdapterInit.js:839:13)
    at _runTestsForDescribeBlock (/Users/acedergr/Projects/alecs-mcp-server-akamai/node_modules/jest-circus/build/jestAdapterInit.js:829:11)
    at _runTestsForDescribeBlock (/Users/acedergr/Projects/alecs-mcp-server-akamai/node_modules/jest-circus/build/jestAdapterInit.js:829:11)
    at run (/Users/acedergr/Projects/alecs-mcp-server-akamai/node_modules/jest-circus/build/jestAdapterInit.js:757:3)
    at runAndTransformResultsToJestFormat (/Users/acedergr/Projects/alecs-mcp-server-akamai/node_modules/jest-circus/build/jestAdapterInit.js:1920:21)
    at jestAdapter (/Users/acedergr/Projects/alecs-mcp-server-akamai/node_modules/jest-circus/build/runner.js:101:19)
    at runTestInternal (/Users/acedergr/Projects/alecs-mcp-server-akamai/node_modules/jest-runner/build/index.js:272:16)
    at runTest (/Users/acedergr/Projects/alecs-mcp-server-akamai/node_modules/jest-runner/build/index.js:340:7)</failure>
    </testcase>
    <testcase classname="EnhancedEdgeGrid Authentication Enhancement should enhance auth with optimized HTTP agent" name="EnhancedEdgeGrid Authentication Enhancement should enhance auth with optimized HTTP agent" time="0">
      <failure>TypeError: EdgeGrid is not a constructor
    at new EnhancedEdgeGrid (/Users/acedergr/Projects/alecs-mcp-server-akamai/src/auth/EnhancedEdgeGrid.ts:71:21)
    at Object.&lt;anonymous&gt; (/Users/acedergr/Projects/alecs-mcp-server-akamai/__tests__/unit/auth/EnhancedEdgeGrid.test.ts:52:24)
    at Promise.finally.completed (/Users/acedergr/Projects/alecs-mcp-server-akamai/node_modules/jest-circus/build/jestAdapterInit.js:1559:28)
    at new Promise (&lt;anonymous&gt;)
    at callAsyncCircusFn (/Users/acedergr/Projects/alecs-mcp-server-akamai/node_modules/jest-circus/build/jestAdapterInit.js:1499:10)
    at _callCircusHook (/Users/acedergr/Projects/alecs-mcp-server-akamai/node_modules/jest-circus/build/jestAdapterInit.js:978:40)
    at _runTest (/Users/acedergr/Projects/alecs-mcp-server-akamai/node_modules/jest-circus/build/jestAdapterInit.js:943:5)
    at _runTestsForDescribeBlock (/Users/acedergr/Projects/alecs-mcp-server-akamai/node_modules/jest-circus/build/jestAdapterInit.js:839:13)
    at _runTestsForDescribeBlock (/Users/acedergr/Projects/alecs-mcp-server-akamai/node_modules/jest-circus/build/jestAdapterInit.js:829:11)
    at _runTestsForDescribeBlock (/Users/acedergr/Projects/alecs-mcp-server-akamai/node_modules/jest-circus/build/jestAdapterInit.js:829:11)
    at run (/Users/acedergr/Projects/alecs-mcp-server-akamai/node_modules/jest-circus/build/jestAdapterInit.js:757:3)
    at runAndTransformResultsToJestFormat (/Users/acedergr/Projects/alecs-mcp-server-akamai/node_modules/jest-circus/build/jestAdapterInit.js:1920:21)
    at jestAdapter (/Users/acedergr/Projects/alecs-mcp-server-akamai/node_modules/jest-circus/build/runner.js:101:19)
    at runTestInternal (/Users/acedergr/Projects/alecs-mcp-server-akamai/node_modules/jest-runner/build/index.js:272:16)
    at runTest (/Users/acedergr/Projects/alecs-mcp-server-akamai/node_modules/jest-runner/build/index.js:340:7)</failure>
    </testcase>
    <testcase classname="EnhancedEdgeGrid Authentication Enhancement should add account switch key header if available" name="EnhancedEdgeGrid Authentication Enhancement should add account switch key header if available" time="0.001">
      <failure>TypeError: EdgeGrid is not a constructor
    at new EnhancedEdgeGrid (/Users/acedergr/Projects/alecs-mcp-server-akamai/src/auth/EnhancedEdgeGrid.ts:71:21)
    at Object.&lt;anonymous&gt; (/Users/acedergr/Projects/alecs-mcp-server-akamai/__tests__/unit/auth/EnhancedEdgeGrid.test.ts:52:24)
    at Promise.finally.completed (/Users/acedergr/Projects/alecs-mcp-server-akamai/node_modules/jest-circus/build/jestAdapterInit.js:1559:28)
    at new Promise (&lt;anonymous&gt;)
    at callAsyncCircusFn (/Users/acedergr/Projects/alecs-mcp-server-akamai/node_modules/jest-circus/build/jestAdapterInit.js:1499:10)
    at _callCircusHook (/Users/acedergr/Projects/alecs-mcp-server-akamai/node_modules/jest-circus/build/jestAdapterInit.js:978:40)
    at _runTest (/Users/acedergr/Projects/alecs-mcp-server-akamai/node_modules/jest-circus/build/jestAdapterInit.js:943:5)
    at _runTestsForDescribeBlock (/Users/acedergr/Projects/alecs-mcp-server-akamai/node_modules/jest-circus/build/jestAdapterInit.js:839:13)
    at _runTestsForDescribeBlock (/Users/acedergr/Projects/alecs-mcp-server-akamai/node_modules/jest-circus/build/jestAdapterInit.js:829:11)
    at _runTestsForDescribeBlock (/Users/acedergr/Projects/alecs-mcp-server-akamai/node_modules/jest-circus/build/jestAdapterInit.js:829:11)
    at run (/Users/acedergr/Projects/alecs-mcp-server-akamai/node_modules/jest-circus/build/jestAdapterInit.js:757:3)
    at runAndTransformResultsToJestFormat (/Users/acedergr/Projects/alecs-mcp-server-akamai/node_modules/jest-circus/build/jestAdapterInit.js:1920:21)
    at jestAdapter (/Users/acedergr/Projects/alecs-mcp-server-akamai/node_modules/jest-circus/build/runner.js:101:19)
    at runTestInternal (/Users/acedergr/Projects/alecs-mcp-server-akamai/node_modules/jest-runner/build/index.js:272:16)
    at runTest (/Users/acedergr/Projects/alecs-mcp-server-akamai/node_modules/jest-runner/build/index.js:340:7)</failure>
    </testcase>
    <testcase classname="EnhancedEdgeGrid Authentication Enhancement should emit authSuccess on successful authentication" name="EnhancedEdgeGrid Authentication Enhancement should emit authSuccess on successful authentication" time="0">
      <failure>TypeError: EdgeGrid is not a constructor
    at new EnhancedEdgeGrid (/Users/acedergr/Projects/alecs-mcp-server-akamai/src/auth/EnhancedEdgeGrid.ts:71:21)
    at Object.&lt;anonymous&gt; (/Users/acedergr/Projects/alecs-mcp-server-akamai/__tests__/unit/auth/EnhancedEdgeGrid.test.ts:52:24)
    at Promise.finally.completed (/Users/acedergr/Projects/alecs-mcp-server-akamai/node_modules/jest-circus/build/jestAdapterInit.js:1559:28)
    at new Promise (&lt;anonymous&gt;)
    at callAsyncCircusFn (/Users/acedergr/Projects/alecs-mcp-server-akamai/node_modules/jest-circus/build/jestAdapterInit.js:1499:10)
    at _callCircusHook (/Users/acedergr/Projects/alecs-mcp-server-akamai/node_modules/jest-circus/build/jestAdapterInit.js:978:40)
    at _runTest (/Users/acedergr/Projects/alecs-mcp-server-akamai/node_modules/jest-circus/build/jestAdapterInit.js:943:5)
    at _runTestsForDescribeBlock (/Users/acedergr/Projects/alecs-mcp-server-akamai/node_modules/jest-circus/build/jestAdapterInit.js:839:13)
    at _runTestsForDescribeBlock (/Users/acedergr/Projects/alecs-mcp-server-akamai/node_modules/jest-circus/build/jestAdapterInit.js:829:11)
    at _runTestsForDescribeBlock (/Users/acedergr/Projects/alecs-mcp-server-akamai/node_modules/jest-circus/build/jestAdapterInit.js:829:11)
    at run (/Users/acedergr/Projects/alecs-mcp-server-akamai/node_modules/jest-circus/build/jestAdapterInit.js:757:3)
    at runAndTransformResultsToJestFormat (/Users/acedergr/Projects/alecs-mcp-server-akamai/node_modules/jest-circus/build/jestAdapterInit.js:1920:21)
    at jestAdapter (/Users/acedergr/Projects/alecs-mcp-server-akamai/node_modules/jest-circus/build/runner.js:101:19)
    at runTestInternal (/Users/acedergr/Projects/alecs-mcp-server-akamai/node_modules/jest-runner/build/index.js:272:16)
    at runTest (/Users/acedergr/Projects/alecs-mcp-server-akamai/node_modules/jest-runner/build/index.js:340:7)</failure>
    </testcase>
    <testcase classname="EnhancedEdgeGrid Authentication Enhancement should handle auth errors gracefully" name="EnhancedEdgeGrid Authentication Enhancement should handle auth errors gracefully" time="0">
      <failure>TypeError: EdgeGrid is not a constructor
    at new EnhancedEdgeGrid (/Users/acedergr/Projects/alecs-mcp-server-akamai/src/auth/EnhancedEdgeGrid.ts:71:21)
    at Object.&lt;anonymous&gt; (/Users/acedergr/Projects/alecs-mcp-server-akamai/__tests__/unit/auth/EnhancedEdgeGrid.test.ts:52:24)
    at Promise.finally.completed (/Users/acedergr/Projects/alecs-mcp-server-akamai/node_modules/jest-circus/build/jestAdapterInit.js:1559:28)
    at new Promise (&lt;anonymous&gt;)
    at callAsyncCircusFn (/Users/acedergr/Projects/alecs-mcp-server-akamai/node_modules/jest-circus/build/jestAdapterInit.js:1499:10)
    at _callCircusHook (/Users/acedergr/Projects/alecs-mcp-server-akamai/node_modules/jest-circus/build/jestAdapterInit.js:978:40)
    at _runTest (/Users/acedergr/Projects/alecs-mcp-server-akamai/node_modules/jest-circus/build/jestAdapterInit.js:943:5)
    at _runTestsForDescribeBlock (/Users/acedergr/Projects/alecs-mcp-server-akamai/node_modules/jest-circus/build/jestAdapterInit.js:839:13)
    at _runTestsForDescribeBlock (/Users/acedergr/Projects/alecs-mcp-server-akamai/node_modules/jest-circus/build/jestAdapterInit.js:829:11)
    at _runTestsForDescribeBlock (/Users/acedergr/Projects/alecs-mcp-server-akamai/node_modules/jest-circus/build/jestAdapterInit.js:829:11)
    at run (/Users/acedergr/Projects/alecs-mcp-server-akamai/node_modules/jest-circus/build/jestAdapterInit.js:757:3)
    at runAndTransformResultsToJestFormat (/Users/acedergr/Projects/alecs-mcp-server-akamai/node_modules/jest-circus/build/jestAdapterInit.js:1920:21)
    at jestAdapter (/Users/acedergr/Projects/alecs-mcp-server-akamai/node_modules/jest-circus/build/runner.js:101:19)
    at runTestInternal (/Users/acedergr/Projects/alecs-mcp-server-akamai/node_modules/jest-runner/build/index.js:272:16)
    at runTest (/Users/acedergr/Projects/alecs-mcp-server-akamai/node_modules/jest-runner/build/index.js:340:7)</failure>
    </testcase>
    <testcase classname="EnhancedEdgeGrid Circuit Breaker Integration should use circuit breaker for request execution" name="EnhancedEdgeGrid Circuit Breaker Integration should use circuit breaker for request execution" time="0">
      <failure>TypeError: EdgeGrid is not a constructor
    at new EnhancedEdgeGrid (/Users/acedergr/Projects/alecs-mcp-server-akamai/src/auth/EnhancedEdgeGrid.ts:71:21)
    at Object.&lt;anonymous&gt; (/Users/acedergr/Projects/alecs-mcp-server-akamai/__tests__/unit/auth/EnhancedEdgeGrid.test.ts:52:24)
    at Promise.finally.completed (/Users/acedergr/Projects/alecs-mcp-server-akamai/node_modules/jest-circus/build/jestAdapterInit.js:1559:28)
    at new Promise (&lt;anonymous&gt;)
    at callAsyncCircusFn (/Users/acedergr/Projects/alecs-mcp-server-akamai/node_modules/jest-circus/build/jestAdapterInit.js:1499:10)
    at _callCircusHook (/Users/acedergr/Projects/alecs-mcp-server-akamai/node_modules/jest-circus/build/jestAdapterInit.js:978:40)
    at _runTest (/Users/acedergr/Projects/alecs-mcp-server-akamai/node_modules/jest-circus/build/jestAdapterInit.js:943:5)
    at _runTestsForDescribeBlock (/Users/acedergr/Projects/alecs-mcp-server-akamai/node_modules/jest-circus/build/jestAdapterInit.js:839:13)
    at _runTestsForDescribeBlock (/Users/acedergr/Projects/alecs-mcp-server-akamai/node_modules/jest-circus/build/jestAdapterInit.js:829:11)
    at _runTestsForDescribeBlock (/Users/acedergr/Projects/alecs-mcp-server-akamai/node_modules/jest-circus/build/jestAdapterInit.js:829:11)
    at run (/Users/acedergr/Projects/alecs-mcp-server-akamai/node_modules/jest-circus/build/jestAdapterInit.js:757:3)
    at runAndTransformResultsToJestFormat (/Users/acedergr/Projects/alecs-mcp-server-akamai/node_modules/jest-circus/build/jestAdapterInit.js:1920:21)
    at jestAdapter (/Users/acedergr/Projects/alecs-mcp-server-akamai/node_modules/jest-circus/build/runner.js:101:19)
    at runTestInternal (/Users/acedergr/Projects/alecs-mcp-server-akamai/node_modules/jest-runner/build/index.js:272:16)
    at runTest (/Users/acedergr/Projects/alecs-mcp-server-akamai/node_modules/jest-runner/build/index.js:340:7)</failure>
    </testcase>
    <testcase classname="EnhancedEdgeGrid Circuit Breaker Integration should emit circuitBreakerStateChange event" name="EnhancedEdgeGrid Circuit Breaker Integration should emit circuitBreakerStateChange event" time="0.001">
      <failure>TypeError: EdgeGrid is not a constructor
    at new EnhancedEdgeGrid (/Users/acedergr/Projects/alecs-mcp-server-akamai/src/auth/EnhancedEdgeGrid.ts:71:21)
    at Object.&lt;anonymous&gt; (/Users/acedergr/Projects/alecs-mcp-server-akamai/__tests__/unit/auth/EnhancedEdgeGrid.test.ts:52:24)
    at Promise.finally.completed (/Users/acedergr/Projects/alecs-mcp-server-akamai/node_modules/jest-circus/build/jestAdapterInit.js:1559:28)
    at new Promise (&lt;anonymous&gt;)
    at callAsyncCircusFn (/Users/acedergr/Projects/alecs-mcp-server-akamai/node_modules/jest-circus/build/jestAdapterInit.js:1499:10)
    at _callCircusHook (/Users/acedergr/Projects/alecs-mcp-server-akamai/node_modules/jest-circus/build/jestAdapterInit.js:978:40)
    at _runTest (/Users/acedergr/Projects/alecs-mcp-server-akamai/node_modules/jest-circus/build/jestAdapterInit.js:943:5)
    at _runTestsForDescribeBlock (/Users/acedergr/Projects/alecs-mcp-server-akamai/node_modules/jest-circus/build/jestAdapterInit.js:839:13)
    at _runTestsForDescribeBlock (/Users/acedergr/Projects/alecs-mcp-server-akamai/node_modules/jest-circus/build/jestAdapterInit.js:829:11)
    at _runTestsForDescribeBlock (/Users/acedergr/Projects/alecs-mcp-server-akamai/node_modules/jest-circus/build/jestAdapterInit.js:829:11)
    at run (/Users/acedergr/Projects/alecs-mcp-server-akamai/node_modules/jest-circus/build/jestAdapterInit.js:757:3)
    at runAndTransformResultsToJestFormat (/Users/acedergr/Projects/alecs-mcp-server-akamai/node_modules/jest-circus/build/jestAdapterInit.js:1920:21)
    at jestAdapter (/Users/acedergr/Projects/alecs-mcp-server-akamai/node_modules/jest-circus/build/runner.js:101:19)
    at runTestInternal (/Users/acedergr/Projects/alecs-mcp-server-akamai/node_modules/jest-runner/build/index.js:272:16)
    at runTest (/Users/acedergr/Projects/alecs-mcp-server-akamai/node_modules/jest-runner/build/index.js:340:7)</failure>
    </testcase>
    <testcase classname="EnhancedEdgeGrid Circuit Breaker Integration should get circuit breaker state" name="EnhancedEdgeGrid Circuit Breaker Integration should get circuit breaker state" time="0">
      <failure>TypeError: EdgeGrid is not a constructor
    at new EnhancedEdgeGrid (/Users/acedergr/Projects/alecs-mcp-server-akamai/src/auth/EnhancedEdgeGrid.ts:71:21)
    at Object.&lt;anonymous&gt; (/Users/acedergr/Projects/alecs-mcp-server-akamai/__tests__/unit/auth/EnhancedEdgeGrid.test.ts:52:24)
    at Promise.finally.completed (/Users/acedergr/Projects/alecs-mcp-server-akamai/node_modules/jest-circus/build/jestAdapterInit.js:1559:28)
    at new Promise (&lt;anonymous&gt;)
    at callAsyncCircusFn (/Users/acedergr/Projects/alecs-mcp-server-akamai/node_modules/jest-circus/build/jestAdapterInit.js:1499:10)
    at _callCircusHook (/Users/acedergr/Projects/alecs-mcp-server-akamai/node_modules/jest-circus/build/jestAdapterInit.js:978:40)
    at _runTest (/Users/acedergr/Projects/alecs-mcp-server-akamai/node_modules/jest-circus/build/jestAdapterInit.js:943:5)
    at _runTestsForDescribeBlock (/Users/acedergr/Projects/alecs-mcp-server-akamai/node_modules/jest-circus/build/jestAdapterInit.js:839:13)
    at _runTestsForDescribeBlock (/Users/acedergr/Projects/alecs-mcp-server-akamai/node_modules/jest-circus/build/jestAdapterInit.js:829:11)
    at _runTestsForDescribeBlock (/Users/acedergr/Projects/alecs-mcp-server-akamai/node_modules/jest-circus/build/jestAdapterInit.js:829:11)
    at run (/Users/acedergr/Projects/alecs-mcp-server-akamai/node_modules/jest-circus/build/jestAdapterInit.js:757:3)
    at runAndTransformResultsToJestFormat (/Users/acedergr/Projects/alecs-mcp-server-akamai/node_modules/jest-circus/build/jestAdapterInit.js:1920:21)
    at jestAdapter (/Users/acedergr/Projects/alecs-mcp-server-akamai/node_modules/jest-circus/build/runner.js:101:19)
    at runTestInternal (/Users/acedergr/Projects/alecs-mcp-server-akamai/node_modules/jest-runner/build/index.js:272:16)
    at runTest (/Users/acedergr/Projects/alecs-mcp-server-akamai/node_modules/jest-runner/build/index.js:340:7)</failure>
    </testcase>
    <testcase classname="EnhancedEdgeGrid Circuit Breaker Integration should reset circuit breaker" name="EnhancedEdgeGrid Circuit Breaker Integration should reset circuit breaker" time="0">
      <failure>TypeError: EdgeGrid is not a constructor
    at new EnhancedEdgeGrid (/Users/acedergr/Projects/alecs-mcp-server-akamai/src/auth/EnhancedEdgeGrid.ts:71:21)
    at Object.&lt;anonymous&gt; (/Users/acedergr/Projects/alecs-mcp-server-akamai/__tests__/unit/auth/EnhancedEdgeGrid.test.ts:52:24)
    at Promise.finally.completed (/Users/acedergr/Projects/alecs-mcp-server-akamai/node_modules/jest-circus/build/jestAdapterInit.js:1559:28)
    at new Promise (&lt;anonymous&gt;)
    at callAsyncCircusFn (/Users/acedergr/Projects/alecs-mcp-server-akamai/node_modules/jest-circus/build/jestAdapterInit.js:1499:10)
    at _callCircusHook (/Users/acedergr/Projects/alecs-mcp-server-akamai/node_modules/jest-circus/build/jestAdapterInit.js:978:40)
    at _runTest (/Users/acedergr/Projects/alecs-mcp-server-akamai/node_modules/jest-circus/build/jestAdapterInit.js:943:5)
    at _runTestsForDescribeBlock (/Users/acedergr/Projects/alecs-mcp-server-akamai/node_modules/jest-circus/build/jestAdapterInit.js:839:13)
    at _runTestsForDescribeBlock (/Users/acedergr/Projects/alecs-mcp-server-akamai/node_modules/jest-circus/build/jestAdapterInit.js:829:11)
    at _runTestsForDescribeBlock (/Users/acedergr/Projects/alecs-mcp-server-akamai/node_modules/jest-circus/build/jestAdapterInit.js:829:11)
    at run (/Users/acedergr/Projects/alecs-mcp-server-akamai/node_modules/jest-circus/build/jestAdapterInit.js:757:3)
    at runAndTransformResultsToJestFormat (/Users/acedergr/Projects/alecs-mcp-server-akamai/node_modules/jest-circus/build/jestAdapterInit.js:1920:21)
    at jestAdapter (/Users/acedergr/Projects/alecs-mcp-server-akamai/node_modules/jest-circus/build/runner.js:101:19)
    at runTestInternal (/Users/acedergr/Projects/alecs-mcp-server-akamai/node_modules/jest-runner/build/index.js:272:16)
    at runTest (/Users/acedergr/Projects/alecs-mcp-server-akamai/node_modules/jest-runner/build/index.js:340:7)</failure>
    </testcase>
    <testcase classname="EnhancedEdgeGrid Metrics and Monitoring should track authentication metrics" name="EnhancedEdgeGrid Metrics and Monitoring should track authentication metrics" time="0">
      <failure>TypeError: EdgeGrid is not a constructor
    at new EnhancedEdgeGrid (/Users/acedergr/Projects/alecs-mcp-server-akamai/src/auth/EnhancedEdgeGrid.ts:71:21)
    at Object.&lt;anonymous&gt; (/Users/acedergr/Projects/alecs-mcp-server-akamai/__tests__/unit/auth/EnhancedEdgeGrid.test.ts:52:24)
    at Promise.finally.completed (/Users/acedergr/Projects/alecs-mcp-server-akamai/node_modules/jest-circus/build/jestAdapterInit.js:1559:28)
    at new Promise (&lt;anonymous&gt;)
    at callAsyncCircusFn (/Users/acedergr/Projects/alecs-mcp-server-akamai/node_modules/jest-circus/build/jestAdapterInit.js:1499:10)
    at _callCircusHook (/Users/acedergr/Projects/alecs-mcp-server-akamai/node_modules/jest-circus/build/jestAdapterInit.js:978:40)
    at _runTest (/Users/acedergr/Projects/alecs-mcp-server-akamai/node_modules/jest-circus/build/jestAdapterInit.js:943:5)
    at _runTestsForDescribeBlock (/Users/acedergr/Projects/alecs-mcp-server-akamai/node_modules/jest-circus/build/jestAdapterInit.js:839:13)
    at _runTestsForDescribeBlock (/Users/acedergr/Projects/alecs-mcp-server-akamai/node_modules/jest-circus/build/jestAdapterInit.js:829:11)
    at _runTestsForDescribeBlock (/Users/acedergr/Projects/alecs-mcp-server-akamai/node_modules/jest-circus/build/jestAdapterInit.js:829:11)
    at run (/Users/acedergr/Projects/alecs-mcp-server-akamai/node_modules/jest-circus/build/jestAdapterInit.js:757:3)
    at runAndTransformResultsToJestFormat (/Users/acedergr/Projects/alecs-mcp-server-akamai/node_modules/jest-circus/build/jestAdapterInit.js:1920:21)
    at jestAdapter (/Users/acedergr/Projects/alecs-mcp-server-akamai/node_modules/jest-circus/build/runner.js:101:19)
    at runTestInternal (/Users/acedergr/Projects/alecs-mcp-server-akamai/node_modules/jest-runner/build/index.js:272:16)
    at runTest (/Users/acedergr/Projects/alecs-mcp-server-akamai/node_modules/jest-runner/build/index.js:340:7)</failure>
    </testcase>
    <testcase classname="EnhancedEdgeGrid Metrics and Monitoring should calculate success rate" name="EnhancedEdgeGrid Metrics and Monitoring should calculate success rate" time="0">
      <failure>TypeError: EdgeGrid is not a constructor
    at new EnhancedEdgeGrid (/Users/acedergr/Projects/alecs-mcp-server-akamai/src/auth/EnhancedEdgeGrid.ts:71:21)
    at Object.&lt;anonymous&gt; (/Users/acedergr/Projects/alecs-mcp-server-akamai/__tests__/unit/auth/EnhancedEdgeGrid.test.ts:52:24)
    at Promise.finally.completed (/Users/acedergr/Projects/alecs-mcp-server-akamai/node_modules/jest-circus/build/jestAdapterInit.js:1559:28)
    at new Promise (&lt;anonymous&gt;)
    at callAsyncCircusFn (/Users/acedergr/Projects/alecs-mcp-server-akamai/node_modules/jest-circus/build/jestAdapterInit.js:1499:10)
    at _callCircusHook (/Users/acedergr/Projects/alecs-mcp-server-akamai/node_modules/jest-circus/build/jestAdapterInit.js:978:40)
    at _runTest (/Users/acedergr/Projects/alecs-mcp-server-akamai/node_modules/jest-circus/build/jestAdapterInit.js:943:5)
    at _runTestsForDescribeBlock (/Users/acedergr/Projects/alecs-mcp-server-akamai/node_modules/jest-circus/build/jestAdapterInit.js:839:13)
    at _runTestsForDescribeBlock (/Users/acedergr/Projects/alecs-mcp-server-akamai/node_modules/jest-circus/build/jestAdapterInit.js:829:11)
    at _runTestsForDescribeBlock (/Users/acedergr/Projects/alecs-mcp-server-akamai/node_modules/jest-circus/build/jestAdapterInit.js:829:11)
    at run (/Users/acedergr/Projects/alecs-mcp-server-akamai/node_modules/jest-circus/build/jestAdapterInit.js:757:3)
    at runAndTransformResultsToJestFormat (/Users/acedergr/Projects/alecs-mcp-server-akamai/node_modules/jest-circus/build/jestAdapterInit.js:1920:21)
    at jestAdapter (/Users/acedergr/Projects/alecs-mcp-server-akamai/node_modules/jest-circus/build/runner.js:101:19)
    at runTestInternal (/Users/acedergr/Projects/alecs-mcp-server-akamai/node_modules/jest-runner/build/index.js:272:16)
    at runTest (/Users/acedergr/Projects/alecs-mcp-server-akamai/node_modules/jest-runner/build/index.js:340:7)</failure>
    </testcase>
    <testcase classname="EnhancedEdgeGrid Metrics and Monitoring should get network metrics from optimized client" name="EnhancedEdgeGrid Metrics and Monitoring should get network metrics from optimized client" time="0.001">
      <failure>TypeError: EdgeGrid is not a constructor
    at new EnhancedEdgeGrid (/Users/acedergr/Projects/alecs-mcp-server-akamai/src/auth/EnhancedEdgeGrid.ts:71:21)
    at Object.&lt;anonymous&gt; (/Users/acedergr/Projects/alecs-mcp-server-akamai/__tests__/unit/auth/EnhancedEdgeGrid.test.ts:52:24)
    at Promise.finally.completed (/Users/acedergr/Projects/alecs-mcp-server-akamai/node_modules/jest-circus/build/jestAdapterInit.js:1559:28)
    at new Promise (&lt;anonymous&gt;)
    at callAsyncCircusFn (/Users/acedergr/Projects/alecs-mcp-server-akamai/node_modules/jest-circus/build/jestAdapterInit.js:1499:10)
    at _callCircusHook (/Users/acedergr/Projects/alecs-mcp-server-akamai/node_modules/jest-circus/build/jestAdapterInit.js:978:40)
    at _runTest (/Users/acedergr/Projects/alecs-mcp-server-akamai/node_modules/jest-circus/build/jestAdapterInit.js:943:5)
    at _runTestsForDescribeBlock (/Users/acedergr/Projects/alecs-mcp-server-akamai/node_modules/jest-circus/build/jestAdapterInit.js:839:13)
    at _runTestsForDescribeBlock (/Users/acedergr/Projects/alecs-mcp-server-akamai/node_modules/jest-circus/build/jestAdapterInit.js:829:11)
    at _runTestsForDescribeBlock (/Users/acedergr/Projects/alecs-mcp-server-akamai/node_modules/jest-circus/build/jestAdapterInit.js:829:11)
    at run (/Users/acedergr/Projects/alecs-mcp-server-akamai/node_modules/jest-circus/build/jestAdapterInit.js:757:3)
    at runAndTransformResultsToJestFormat (/Users/acedergr/Projects/alecs-mcp-server-akamai/node_modules/jest-circus/build/jestAdapterInit.js:1920:21)
    at jestAdapter (/Users/acedergr/Projects/alecs-mcp-server-akamai/node_modules/jest-circus/build/runner.js:101:19)
    at runTestInternal (/Users/acedergr/Projects/alecs-mcp-server-akamai/node_modules/jest-runner/build/index.js:272:16)
    at runTest (/Users/acedergr/Projects/alecs-mcp-server-akamai/node_modules/jest-runner/build/index.js:340:7)</failure>
    </testcase>
    <testcase classname="EnhancedEdgeGrid Metrics and Monitoring should get connection reuse rate" name="EnhancedEdgeGrid Metrics and Monitoring should get connection reuse rate" time="0">
      <failure>TypeError: EdgeGrid is not a constructor
    at new EnhancedEdgeGrid (/Users/acedergr/Projects/alecs-mcp-server-akamai/src/auth/EnhancedEdgeGrid.ts:71:21)
    at Object.&lt;anonymous&gt; (/Users/acedergr/Projects/alecs-mcp-server-akamai/__tests__/unit/auth/EnhancedEdgeGrid.test.ts:52:24)
    at Promise.finally.completed (/Users/acedergr/Projects/alecs-mcp-server-akamai/node_modules/jest-circus/build/jestAdapterInit.js:1559:28)
    at new Promise (&lt;anonymous&gt;)
    at callAsyncCircusFn (/Users/acedergr/Projects/alecs-mcp-server-akamai/node_modules/jest-circus/build/jestAdapterInit.js:1499:10)
    at _callCircusHook (/Users/acedergr/Projects/alecs-mcp-server-akamai/node_modules/jest-circus/build/jestAdapterInit.js:978:40)
    at _runTest (/Users/acedergr/Projects/alecs-mcp-server-akamai/node_modules/jest-circus/build/jestAdapterInit.js:943:5)
    at _runTestsForDescribeBlock (/Users/acedergr/Projects/alecs-mcp-server-akamai/node_modules/jest-circus/build/jestAdapterInit.js:839:13)
    at _runTestsForDescribeBlock (/Users/acedergr/Projects/alecs-mcp-server-akamai/node_modules/jest-circus/build/jestAdapterInit.js:829:11)
    at _runTestsForDescribeBlock (/Users/acedergr/Projects/alecs-mcp-server-akamai/node_modules/jest-circus/build/jestAdapterInit.js:829:11)
    at run (/Users/acedergr/Projects/alecs-mcp-server-akamai/node_modules/jest-circus/build/jestAdapterInit.js:757:3)
    at runAndTransformResultsToJestFormat (/Users/acedergr/Projects/alecs-mcp-server-akamai/node_modules/jest-circus/build/jestAdapterInit.js:1920:21)
    at jestAdapter (/Users/acedergr/Projects/alecs-mcp-server-akamai/node_modules/jest-circus/build/runner.js:101:19)
    at runTestInternal (/Users/acedergr/Projects/alecs-mcp-server-akamai/node_modules/jest-runner/build/index.js:272:16)
    at runTest (/Users/acedergr/Projects/alecs-mcp-server-akamai/node_modules/jest-runner/build/index.js:340:7)</failure>
    </testcase>
    <testcase classname="EnhancedEdgeGrid Health Check should perform comprehensive health check" name="EnhancedEdgeGrid Health Check should perform comprehensive health check" time="0">
      <failure>TypeError: EdgeGrid is not a constructor
    at new EnhancedEdgeGrid (/Users/acedergr/Projects/alecs-mcp-server-akamai/src/auth/EnhancedEdgeGrid.ts:71:21)
    at Object.&lt;anonymous&gt; (/Users/acedergr/Projects/alecs-mcp-server-akamai/__tests__/unit/auth/EnhancedEdgeGrid.test.ts:52:24)
    at Promise.finally.completed (/Users/acedergr/Projects/alecs-mcp-server-akamai/node_modules/jest-circus/build/jestAdapterInit.js:1559:28)
    at new Promise (&lt;anonymous&gt;)
    at callAsyncCircusFn (/Users/acedergr/Projects/alecs-mcp-server-akamai/node_modules/jest-circus/build/jestAdapterInit.js:1499:10)
    at _callCircusHook (/Users/acedergr/Projects/alecs-mcp-server-akamai/node_modules/jest-circus/build/jestAdapterInit.js:978:40)
    at _runTest (/Users/acedergr/Projects/alecs-mcp-server-akamai/node_modules/jest-circus/build/jestAdapterInit.js:943:5)
    at _runTestsForDescribeBlock (/Users/acedergr/Projects/alecs-mcp-server-akamai/node_modules/jest-circus/build/jestAdapterInit.js:839:13)
    at _runTestsForDescribeBlock (/Users/acedergr/Projects/alecs-mcp-server-akamai/node_modules/jest-circus/build/jestAdapterInit.js:829:11)
    at _runTestsForDescribeBlock (/Users/acedergr/Projects/alecs-mcp-server-akamai/node_modules/jest-circus/build/jestAdapterInit.js:829:11)
    at run (/Users/acedergr/Projects/alecs-mcp-server-akamai/node_modules/jest-circus/build/jestAdapterInit.js:757:3)
    at runAndTransformResultsToJestFormat (/Users/acedergr/Projects/alecs-mcp-server-akamai/node_modules/jest-circus/build/jestAdapterInit.js:1920:21)
    at jestAdapter (/Users/acedergr/Projects/alecs-mcp-server-akamai/node_modules/jest-circus/build/runner.js:101:19)
    at runTestInternal (/Users/acedergr/Projects/alecs-mcp-server-akamai/node_modules/jest-runner/build/index.js:272:16)
    at runTest (/Users/acedergr/Projects/alecs-mcp-server-akamai/node_modules/jest-runner/build/index.js:340:7)</failure>
    </testcase>
    <testcase classname="EnhancedEdgeGrid Health Check should return healthy status for good metrics" name="EnhancedEdgeGrid Health Check should return healthy status for good metrics" time="0">
      <failure>TypeError: EdgeGrid is not a constructor
    at new EnhancedEdgeGrid (/Users/acedergr/Projects/alecs-mcp-server-akamai/src/auth/EnhancedEdgeGrid.ts:71:21)
    at Object.&lt;anonymous&gt; (/Users/acedergr/Projects/alecs-mcp-server-akamai/__tests__/unit/auth/EnhancedEdgeGrid.test.ts:52:24)
    at Promise.finally.completed (/Users/acedergr/Projects/alecs-mcp-server-akamai/node_modules/jest-circus/build/jestAdapterInit.js:1559:28)
    at new Promise (&lt;anonymous&gt;)
    at callAsyncCircusFn (/Users/acedergr/Projects/alecs-mcp-server-akamai/node_modules/jest-circus/build/jestAdapterInit.js:1499:10)
    at _callCircusHook (/Users/acedergr/Projects/alecs-mcp-server-akamai/node_modules/jest-circus/build/jestAdapterInit.js:978:40)
    at _runTest (/Users/acedergr/Projects/alecs-mcp-server-akamai/node_modules/jest-circus/build/jestAdapterInit.js:943:5)
    at _runTestsForDescribeBlock (/Users/acedergr/Projects/alecs-mcp-server-akamai/node_modules/jest-circus/build/jestAdapterInit.js:839:13)
    at _runTestsForDescribeBlock (/Users/acedergr/Projects/alecs-mcp-server-akamai/node_modules/jest-circus/build/jestAdapterInit.js:829:11)
    at _runTestsForDescribeBlock (/Users/acedergr/Projects/alecs-mcp-server-akamai/node_modules/jest-circus/build/jestAdapterInit.js:829:11)
    at run (/Users/acedergr/Projects/alecs-mcp-server-akamai/node_modules/jest-circus/build/jestAdapterInit.js:757:3)
    at runAndTransformResultsToJestFormat (/Users/acedergr/Projects/alecs-mcp-server-akamai/node_modules/jest-circus/build/jestAdapterInit.js:1920:21)
    at jestAdapter (/Users/acedergr/Projects/alecs-mcp-server-akamai/node_modules/jest-circus/build/runner.js:101:19)
    at runTestInternal (/Users/acedergr/Projects/alecs-mcp-server-akamai/node_modules/jest-runner/build/index.js:272:16)
    at runTest (/Users/acedergr/Projects/alecs-mcp-server-akamai/node_modules/jest-runner/build/index.js:340:7)</failure>
    </testcase>
    <testcase classname="EnhancedEdgeGrid Health Check should return unhealthy status for circuit breaker open" name="EnhancedEdgeGrid Health Check should return unhealthy status for circuit breaker open" time="0">
      <failure>TypeError: EdgeGrid is not a constructor
    at new EnhancedEdgeGrid (/Users/acedergr/Projects/alecs-mcp-server-akamai/src/auth/EnhancedEdgeGrid.ts:71:21)
    at Object.&lt;anonymous&gt; (/Users/acedergr/Projects/alecs-mcp-server-akamai/__tests__/unit/auth/EnhancedEdgeGrid.test.ts:52:24)
    at Promise.finally.completed (/Users/acedergr/Projects/alecs-mcp-server-akamai/node_modules/jest-circus/build/jestAdapterInit.js:1559:28)
    at new Promise (&lt;anonymous&gt;)
    at callAsyncCircusFn (/Users/acedergr/Projects/alecs-mcp-server-akamai/node_modules/jest-circus/build/jestAdapterInit.js:1499:10)
    at _callCircusHook (/Users/acedergr/Projects/alecs-mcp-server-akamai/node_modules/jest-circus/build/jestAdapterInit.js:978:40)
    at _runTest (/Users/acedergr/Projects/alecs-mcp-server-akamai/node_modules/jest-circus/build/jestAdapterInit.js:943:5)
    at _runTestsForDescribeBlock (/Users/acedergr/Projects/alecs-mcp-server-akamai/node_modules/jest-circus/build/jestAdapterInit.js:839:13)
    at _runTestsForDescribeBlock (/Users/acedergr/Projects/alecs-mcp-server-akamai/node_modules/jest-circus/build/jestAdapterInit.js:829:11)
    at _runTestsForDescribeBlock (/Users/acedergr/Projects/alecs-mcp-server-akamai/node_modules/jest-circus/build/jestAdapterInit.js:829:11)
    at run (/Users/acedergr/Projects/alecs-mcp-server-akamai/node_modules/jest-circus/build/jestAdapterInit.js:757:3)
    at runAndTransformResultsToJestFormat (/Users/acedergr/Projects/alecs-mcp-server-akamai/node_modules/jest-circus/build/jestAdapterInit.js:1920:21)
    at jestAdapter (/Users/acedergr/Projects/alecs-mcp-server-akamai/node_modules/jest-circus/build/runner.js:101:19)
    at runTestInternal (/Users/acedergr/Projects/alecs-mcp-server-akamai/node_modules/jest-runner/build/index.js:272:16)
    at runTest (/Users/acedergr/Projects/alecs-mcp-server-akamai/node_modules/jest-runner/build/index.js:340:7)</failure>
    </testcase>
    <testcase classname="EnhancedEdgeGrid Health Check should return degraded status for poor connection reuse" name="EnhancedEdgeGrid Health Check should return degraded status for poor connection reuse" time="0">
      <failure>TypeError: EdgeGrid is not a constructor
    at new EnhancedEdgeGrid (/Users/acedergr/Projects/alecs-mcp-server-akamai/src/auth/EnhancedEdgeGrid.ts:71:21)
    at Object.&lt;anonymous&gt; (/Users/acedergr/Projects/alecs-mcp-server-akamai/__tests__/unit/auth/EnhancedEdgeGrid.test.ts:52:24)
    at Promise.finally.completed (/Users/acedergr/Projects/alecs-mcp-server-akamai/node_modules/jest-circus/build/jestAdapterInit.js:1559:28)
    at new Promise (&lt;anonymous&gt;)
    at callAsyncCircusFn (/Users/acedergr/Projects/alecs-mcp-server-akamai/node_modules/jest-circus/build/jestAdapterInit.js:1499:10)
    at _callCircusHook (/Users/acedergr/Projects/alecs-mcp-server-akamai/node_modules/jest-circus/build/jestAdapterInit.js:978:40)
    at _runTest (/Users/acedergr/Projects/alecs-mcp-server-akamai/node_modules/jest-circus/build/jestAdapterInit.js:943:5)
    at _runTestsForDescribeBlock (/Users/acedergr/Projects/alecs-mcp-server-akamai/node_modules/jest-circus/build/jestAdapterInit.js:839:13)
    at _runTestsForDescribeBlock (/Users/acedergr/Projects/alecs-mcp-server-akamai/node_modules/jest-circus/build/jestAdapterInit.js:829:11)
    at _runTestsForDescribeBlock (/Users/acedergr/Projects/alecs-mcp-server-akamai/node_modules/jest-circus/build/jestAdapterInit.js:829:11)
    at run (/Users/acedergr/Projects/alecs-mcp-server-akamai/node_modules/jest-circus/build/jestAdapterInit.js:757:3)
    at runAndTransformResultsToJestFormat (/Users/acedergr/Projects/alecs-mcp-server-akamai/node_modules/jest-circus/build/jestAdapterInit.js:1920:21)
    at jestAdapter (/Users/acedergr/Projects/alecs-mcp-server-akamai/node_modules/jest-circus/build/runner.js:101:19)
    at runTestInternal (/Users/acedergr/Projects/alecs-mcp-server-akamai/node_modules/jest-runner/build/index.js:272:16)
    at runTest (/Users/acedergr/Projects/alecs-mcp-server-akamai/node_modules/jest-runner/build/index.js:340:7)</failure>
    </testcase>
    <testcase classname="EnhancedEdgeGrid Hostname Extraction should extract hostname from URL" name="EnhancedEdgeGrid Hostname Extraction should extract hostname from URL" time="0">
      <failure>TypeError: EdgeGrid is not a constructor
    at new EnhancedEdgeGrid (/Users/acedergr/Projects/alecs-mcp-server-akamai/src/auth/EnhancedEdgeGrid.ts:71:21)
    at Object.&lt;anonymous&gt; (/Users/acedergr/Projects/alecs-mcp-server-akamai/__tests__/unit/auth/EnhancedEdgeGrid.test.ts:52:24)
    at Promise.finally.completed (/Users/acedergr/Projects/alecs-mcp-server-akamai/node_modules/jest-circus/build/jestAdapterInit.js:1559:28)
    at new Promise (&lt;anonymous&gt;)
    at callAsyncCircusFn (/Users/acedergr/Projects/alecs-mcp-server-akamai/node_modules/jest-circus/build/jestAdapterInit.js:1499:10)
    at _callCircusHook (/Users/acedergr/Projects/alecs-mcp-server-akamai/node_modules/jest-circus/build/jestAdapterInit.js:978:40)
    at _runTest (/Users/acedergr/Projects/alecs-mcp-server-akamai/node_modules/jest-circus/build/jestAdapterInit.js:943:5)
    at _runTestsForDescribeBlock (/Users/acedergr/Projects/alecs-mcp-server-akamai/node_modules/jest-circus/build/jestAdapterInit.js:839:13)
    at _runTestsForDescribeBlock (/Users/acedergr/Projects/alecs-mcp-server-akamai/node_modules/jest-circus/build/jestAdapterInit.js:829:11)
    at _runTestsForDescribeBlock (/Users/acedergr/Projects/alecs-mcp-server-akamai/node_modules/jest-circus/build/jestAdapterInit.js:829:11)
    at run (/Users/acedergr/Projects/alecs-mcp-server-akamai/node_modules/jest-circus/build/jestAdapterInit.js:757:3)
    at runAndTransformResultsToJestFormat (/Users/acedergr/Projects/alecs-mcp-server-akamai/node_modules/jest-circus/build/jestAdapterInit.js:1920:21)
    at jestAdapter (/Users/acedergr/Projects/alecs-mcp-server-akamai/node_modules/jest-circus/build/runner.js:101:19)
    at runTestInternal (/Users/acedergr/Projects/alecs-mcp-server-akamai/node_modules/jest-runner/build/index.js:272:16)
    at runTest (/Users/acedergr/Projects/alecs-mcp-server-akamai/node_modules/jest-runner/build/index.js:340:7)</failure>
    </testcase>
    <testcase classname="EnhancedEdgeGrid Event Handling should forward performance alerts from optimized client" name="EnhancedEdgeGrid Event Handling should forward performance alerts from optimized client" time="0">
      <failure>TypeError: EdgeGrid is not a constructor
    at new EnhancedEdgeGrid (/Users/acedergr/Projects/alecs-mcp-server-akamai/src/auth/EnhancedEdgeGrid.ts:71:21)
    at Object.&lt;anonymous&gt; (/Users/acedergr/Projects/alecs-mcp-server-akamai/__tests__/unit/auth/EnhancedEdgeGrid.test.ts:52:24)
    at Promise.finally.completed (/Users/acedergr/Projects/alecs-mcp-server-akamai/node_modules/jest-circus/build/jestAdapterInit.js:1559:28)
    at new Promise (&lt;anonymous&gt;)
    at callAsyncCircusFn (/Users/acedergr/Projects/alecs-mcp-server-akamai/node_modules/jest-circus/build/jestAdapterInit.js:1499:10)
    at _callCircusHook (/Users/acedergr/Projects/alecs-mcp-server-akamai/node_modules/jest-circus/build/jestAdapterInit.js:978:40)
    at _runTest (/Users/acedergr/Projects/alecs-mcp-server-akamai/node_modules/jest-circus/build/jestAdapterInit.js:943:5)
    at _runTestsForDescribeBlock (/Users/acedergr/Projects/alecs-mcp-server-akamai/node_modules/jest-circus/build/jestAdapterInit.js:839:13)
    at _runTestsForDescribeBlock (/Users/acedergr/Projects/alecs-mcp-server-akamai/node_modules/jest-circus/build/jestAdapterInit.js:829:11)
    at _runTestsForDescribeBlock (/Users/acedergr/Projects/alecs-mcp-server-akamai/node_modules/jest-circus/build/jestAdapterInit.js:829:11)
    at run (/Users/acedergr/Projects/alecs-mcp-server-akamai/node_modules/jest-circus/build/jestAdapterInit.js:757:3)
    at runAndTransformResultsToJestFormat (/Users/acedergr/Projects/alecs-mcp-server-akamai/node_modules/jest-circus/build/jestAdapterInit.js:1920:21)
    at jestAdapter (/Users/acedergr/Projects/alecs-mcp-server-akamai/node_modules/jest-circus/build/runner.js:101:19)
    at runTestInternal (/Users/acedergr/Projects/alecs-mcp-server-akamai/node_modules/jest-runner/build/index.js:272:16)
    at runTest (/Users/acedergr/Projects/alecs-mcp-server-akamai/node_modules/jest-runner/build/index.js:340:7)</failure>
    </testcase>
    <testcase classname="EnhancedEdgeGrid Event Handling should forward connection optimization events" name="EnhancedEdgeGrid Event Handling should forward connection optimization events" time="0">
      <failure>TypeError: EdgeGrid is not a constructor
    at new EnhancedEdgeGrid (/Users/acedergr/Projects/alecs-mcp-server-akamai/src/auth/EnhancedEdgeGrid.ts:71:21)
    at Object.&lt;anonymous&gt; (/Users/acedergr/Projects/alecs-mcp-server-akamai/__tests__/unit/auth/EnhancedEdgeGrid.test.ts:52:24)
    at Promise.finally.completed (/Users/acedergr/Projects/alecs-mcp-server-akamai/node_modules/jest-circus/build/jestAdapterInit.js:1559:28)
    at new Promise (&lt;anonymous&gt;)
    at callAsyncCircusFn (/Users/acedergr/Projects/alecs-mcp-server-akamai/node_modules/jest-circus/build/jestAdapterInit.js:1499:10)
    at _callCircusHook (/Users/acedergr/Projects/alecs-mcp-server-akamai/node_modules/jest-circus/build/jestAdapterInit.js:978:40)
    at _runTest (/Users/acedergr/Projects/alecs-mcp-server-akamai/node_modules/jest-circus/build/jestAdapterInit.js:943:5)
    at _runTestsForDescribeBlock (/Users/acedergr/Projects/alecs-mcp-server-akamai/node_modules/jest-circus/build/jestAdapterInit.js:839:13)
    at _runTestsForDescribeBlock (/Users/acedergr/Projects/alecs-mcp-server-akamai/node_modules/jest-circus/build/jestAdapterInit.js:829:11)
    at _runTestsForDescribeBlock (/Users/acedergr/Projects/alecs-mcp-server-akamai/node_modules/jest-circus/build/jestAdapterInit.js:829:11)
    at run (/Users/acedergr/Projects/alecs-mcp-server-akamai/node_modules/jest-circus/build/jestAdapterInit.js:757:3)
    at runAndTransformResultsToJestFormat (/Users/acedergr/Projects/alecs-mcp-server-akamai/node_modules/jest-circus/build/jestAdapterInit.js:1920:21)
    at jestAdapter (/Users/acedergr/Projects/alecs-mcp-server-akamai/node_modules/jest-circus/build/runner.js:101:19)
    at runTestInternal (/Users/acedergr/Projects/alecs-mcp-server-akamai/node_modules/jest-runner/build/index.js:272:16)
    at runTest (/Users/acedergr/Projects/alecs-mcp-server-akamai/node_modules/jest-runner/build/index.js:340:7)</failure>
    </testcase>
    <testcase classname="EnhancedEdgeGrid Resource Cleanup should restore original auth method on destroy" name="EnhancedEdgeGrid Resource Cleanup should restore original auth method on destroy" time="0">
      <failure>TypeError: EdgeGrid is not a constructor
    at new EnhancedEdgeGrid (/Users/acedergr/Projects/alecs-mcp-server-akamai/src/auth/EnhancedEdgeGrid.ts:71:21)
    at Object.&lt;anonymous&gt; (/Users/acedergr/Projects/alecs-mcp-server-akamai/__tests__/unit/auth/EnhancedEdgeGrid.test.ts:52:24)
    at Promise.finally.completed (/Users/acedergr/Projects/alecs-mcp-server-akamai/node_modules/jest-circus/build/jestAdapterInit.js:1559:28)
    at new Promise (&lt;anonymous&gt;)
    at callAsyncCircusFn (/Users/acedergr/Projects/alecs-mcp-server-akamai/node_modules/jest-circus/build/jestAdapterInit.js:1499:10)
    at _callCircusHook (/Users/acedergr/Projects/alecs-mcp-server-akamai/node_modules/jest-circus/build/jestAdapterInit.js:978:40)
    at _runTest (/Users/acedergr/Projects/alecs-mcp-server-akamai/node_modules/jest-circus/build/jestAdapterInit.js:943:5)
    at _runTestsForDescribeBlock (/Users/acedergr/Projects/alecs-mcp-server-akamai/node_modules/jest-circus/build/jestAdapterInit.js:839:13)
    at _runTestsForDescribeBlock (/Users/acedergr/Projects/alecs-mcp-server-akamai/node_modules/jest-circus/build/jestAdapterInit.js:829:11)
    at _runTestsForDescribeBlock (/Users/acedergr/Projects/alecs-mcp-server-akamai/node_modules/jest-circus/build/jestAdapterInit.js:829:11)
    at run (/Users/acedergr/Projects/alecs-mcp-server-akamai/node_modules/jest-circus/build/jestAdapterInit.js:757:3)
    at runAndTransformResultsToJestFormat (/Users/acedergr/Projects/alecs-mcp-server-akamai/node_modules/jest-circus/build/jestAdapterInit.js:1920:21)
    at jestAdapter (/Users/acedergr/Projects/alecs-mcp-server-akamai/node_modules/jest-circus/build/runner.js:101:19)
    at runTestInternal (/Users/acedergr/Projects/alecs-mcp-server-akamai/node_modules/jest-runner/build/index.js:272:16)
    at runTest (/Users/acedergr/Projects/alecs-mcp-server-akamai/node_modules/jest-runner/build/index.js:340:7)</failure>
    </testcase>
    <testcase classname="EnhancedEdgeGrid Resource Cleanup should emit destroyed event on cleanup" name="EnhancedEdgeGrid Resource Cleanup should emit destroyed event on cleanup" time="0">
      <failure>TypeError: EdgeGrid is not a constructor
    at new EnhancedEdgeGrid (/Users/acedergr/Projects/alecs-mcp-server-akamai/src/auth/EnhancedEdgeGrid.ts:71:21)
    at Object.&lt;anonymous&gt; (/Users/acedergr/Projects/alecs-mcp-server-akamai/__tests__/unit/auth/EnhancedEdgeGrid.test.ts:52:24)
    at Promise.finally.completed (/Users/acedergr/Projects/alecs-mcp-server-akamai/node_modules/jest-circus/build/jestAdapterInit.js:1559:28)
    at new Promise (&lt;anonymous&gt;)
    at callAsyncCircusFn (/Users/acedergr/Projects/alecs-mcp-server-akamai/node_modules/jest-circus/build/jestAdapterInit.js:1499:10)
    at _callCircusHook (/Users/acedergr/Projects/alecs-mcp-server-akamai/node_modules/jest-circus/build/jestAdapterInit.js:978:40)
    at _runTest (/Users/acedergr/Projects/alecs-mcp-server-akamai/node_modules/jest-circus/build/jestAdapterInit.js:943:5)
    at _runTestsForDescribeBlock (/Users/acedergr/Projects/alecs-mcp-server-akamai/node_modules/jest-circus/build/jestAdapterInit.js:839:13)
    at _runTestsForDescribeBlock (/Users/acedergr/Projects/alecs-mcp-server-akamai/node_modules/jest-circus/build/jestAdapterInit.js:829:11)
    at _runTestsForDescribeBlock (/Users/acedergr/Projects/alecs-mcp-server-akamai/node_modules/jest-circus/build/jestAdapterInit.js:829:11)
    at run (/Users/acedergr/Projects/alecs-mcp-server-akamai/node_modules/jest-circus/build/jestAdapterInit.js:757:3)
    at runAndTransformResultsToJestFormat (/Users/acedergr/Projects/alecs-mcp-server-akamai/node_modules/jest-circus/build/jestAdapterInit.js:1920:21)
    at jestAdapter (/Users/acedergr/Projects/alecs-mcp-server-akamai/node_modules/jest-circus/build/runner.js:101:19)
    at runTestInternal (/Users/acedergr/Projects/alecs-mcp-server-akamai/node_modules/jest-runner/build/index.js:272:16)
    at runTest (/Users/acedergr/Projects/alecs-mcp-server-akamai/node_modules/jest-runner/build/index.js:340:7)</failure>
    </testcase>
    <testcase classname="EnhancedEdgeGrid Configuration should use environment variables for EdgeRC configuration" name="EnhancedEdgeGrid Configuration should use environment variables for EdgeRC configuration" time="0">
      <failure>TypeError: EdgeGrid is not a constructor
    at new EnhancedEdgeGrid (/Users/acedergr/Projects/alecs-mcp-server-akamai/src/auth/EnhancedEdgeGrid.ts:71:21)
    at Object.&lt;anonymous&gt; (/Users/acedergr/Projects/alecs-mcp-server-akamai/__tests__/unit/auth/EnhancedEdgeGrid.test.ts:52:24)
    at Promise.finally.completed (/Users/acedergr/Projects/alecs-mcp-server-akamai/node_modules/jest-circus/build/jestAdapterInit.js:1559:28)
    at new Promise (&lt;anonymous&gt;)
    at callAsyncCircusFn (/Users/acedergr/Projects/alecs-mcp-server-akamai/node_modules/jest-circus/build/jestAdapterInit.js:1499:10)
    at _callCircusHook (/Users/acedergr/Projects/alecs-mcp-server-akamai/node_modules/jest-circus/build/jestAdapterInit.js:978:40)
    at _runTest (/Users/acedergr/Projects/alecs-mcp-server-akamai/node_modules/jest-circus/build/jestAdapterInit.js:943:5)
    at _runTestsForDescribeBlock (/Users/acedergr/Projects/alecs-mcp-server-akamai/node_modules/jest-circus/build/jestAdapterInit.js:839:13)
    at _runTestsForDescribeBlock (/Users/acedergr/Projects/alecs-mcp-server-akamai/node_modules/jest-circus/build/jestAdapterInit.js:829:11)
    at _runTestsForDescribeBlock (/Users/acedergr/Projects/alecs-mcp-server-akamai/node_modules/jest-circus/build/jestAdapterInit.js:829:11)
    at run (/Users/acedergr/Projects/alecs-mcp-server-akamai/node_modules/jest-circus/build/jestAdapterInit.js:757:3)
    at runAndTransformResultsToJestFormat (/Users/acedergr/Projects/alecs-mcp-server-akamai/node_modules/jest-circus/build/jestAdapterInit.js:1920:21)
    at jestAdapter (/Users/acedergr/Projects/alecs-mcp-server-akamai/node_modules/jest-circus/build/runner.js:101:19)
    at runTestInternal (/Users/acedergr/Projects/alecs-mcp-server-akamai/node_modules/jest-runner/build/index.js:272:16)
    at runTest (/Users/acedergr/Projects/alecs-mcp-server-akamai/node_modules/jest-runner/build/index.js:340:7)</failure>
    </testcase>
    <testcase classname="EnhancedEdgeGrid Configuration should use default values when environment variables not set" name="EnhancedEdgeGrid Configuration should use default values when environment variables not set" time="0">
      <failure>TypeError: EdgeGrid is not a constructor
    at new EnhancedEdgeGrid (/Users/acedergr/Projects/alecs-mcp-server-akamai/src/auth/EnhancedEdgeGrid.ts:71:21)
    at Object.&lt;anonymous&gt; (/Users/acedergr/Projects/alecs-mcp-server-akamai/__tests__/unit/auth/EnhancedEdgeGrid.test.ts:52:24)
    at Promise.finally.completed (/Users/acedergr/Projects/alecs-mcp-server-akamai/node_modules/jest-circus/build/jestAdapterInit.js:1559:28)
    at new Promise (&lt;anonymous&gt;)
    at callAsyncCircusFn (/Users/acedergr/Projects/alecs-mcp-server-akamai/node_modules/jest-circus/build/jestAdapterInit.js:1499:10)
    at _callCircusHook (/Users/acedergr/Projects/alecs-mcp-server-akamai/node_modules/jest-circus/build/jestAdapterInit.js:978:40)
    at _runTest (/Users/acedergr/Projects/alecs-mcp-server-akamai/node_modules/jest-circus/build/jestAdapterInit.js:943:5)
    at _runTestsForDescribeBlock (/Users/acedergr/Projects/alecs-mcp-server-akamai/node_modules/jest-circus/build/jestAdapterInit.js:839:13)
    at _runTestsForDescribeBlock (/Users/acedergr/Projects/alecs-mcp-server-akamai/node_modules/jest-circus/build/jestAdapterInit.js:829:11)
    at _runTestsForDescribeBlock (/Users/acedergr/Projects/alecs-mcp-server-akamai/node_modules/jest-circus/build/jestAdapterInit.js:829:11)
    at run (/Users/acedergr/Projects/alecs-mcp-server-akamai/node_modules/jest-circus/build/jestAdapterInit.js:757:3)
    at runAndTransformResultsToJestFormat (/Users/acedergr/Projects/alecs-mcp-server-akamai/node_modules/jest-circus/build/jestAdapterInit.js:1920:21)
    at jestAdapter (/Users/acedergr/Projects/alecs-mcp-server-akamai/node_modules/jest-circus/build/runner.js:101:19)
    at runTestInternal (/Users/acedergr/Projects/alecs-mcp-server-akamai/node_modules/jest-runner/build/index.js:272:16)
    at runTest (/Users/acedergr/Projects/alecs-mcp-server-akamai/node_modules/jest-runner/build/index.js:340:7)</failure>
    </testcase>
  </testsuite>
  <testsuite name="FastPurge CODE KAI Validation Tests" errors="0" failures="0" skipped="0" timestamp="2025-06-30T09:17:10" time="0.039" tests="16">
    <testcase classname="FastPurge CODE KAI Validation Tests 1. Type Safety - Runtime Validation should validate valid PurgeResponse correctly" name="FastPurge CODE KAI Validation Tests 1. Type Safety - Runtime Validation should validate valid PurgeResponse correctly" time="0.001">
    </testcase>
    <testcase classname="FastPurge CODE KAI Validation Tests 1. Type Safety - Runtime Validation should reject invalid PurgeResponse structure" name="FastPurge CODE KAI Validation Tests 1. Type Safety - Runtime Validation should reject invalid PurgeResponse structure" time="0.001">
    </testcase>
    <testcase classname="FastPurge CODE KAI Validation Tests 1. Type Safety - Runtime Validation should validate PurgeStatusResponse correctly" name="FastPurge CODE KAI Validation Tests 1. Type Safety - Runtime Validation should validate PurgeStatusResponse correctly" time="0">
    </testcase>
    <testcase classname="FastPurge CODE KAI Validation Tests 1. Type Safety - Runtime Validation should reject invalid status values" name="FastPurge CODE KAI Validation Tests 1. Type Safety - Runtime Validation should reject invalid status values" time="0">
    </testcase>
    <testcase classname="FastPurge CODE KAI Validation Tests 2. Error Handling - Custom Error Classes should create FastPurgeValidationError with proper context" name="FastPurge CODE KAI Validation Tests 2. Error Handling - Custom Error Classes should create FastPurgeValidationError with proper context" time="0">
    </testcase>
    <testcase classname="FastPurge CODE KAI Validation Tests 2. Error Handling - Custom Error Classes should provide detailed validation context in errors" name="FastPurge CODE KAI Validation Tests 2. Error Handling - Custom Error Classes should provide detailed validation context in errors" time="0">
    </testcase>
    <testcase classname="FastPurge CODE KAI Validation Tests 3. API Compliance - Schema Validation should enforce required fields in PurgeResponse" name="FastPurge CODE KAI Validation Tests 3. API Compliance - Schema Validation should enforce required fields in PurgeResponse" time="0">
    </testcase>
    <testcase classname="FastPurge CODE KAI Validation Tests 3. API Compliance - Schema Validation should validate HTTP status code ranges" name="FastPurge CODE KAI Validation Tests 3. API Compliance - Schema Validation should validate HTTP status code ranges" time="0.001">
    </testcase>
    <testcase classname="FastPurge CODE KAI Validation Tests 3. API Compliance - Schema Validation should validate string field requirements" name="FastPurge CODE KAI Validation Tests 3. API Compliance - Schema Validation should validate string field requirements" time="0">
    </testcase>
    <testcase classname="FastPurge CODE KAI Validation Tests 4. User Experience - Clear Error Messages should provide human-readable validation errors" name="FastPurge CODE KAI Validation Tests 4. User Experience - Clear Error Messages should provide human-readable validation errors" time="0">
    </testcase>
    <testcase classname="FastPurge CODE KAI Validation Tests 4. User Experience - Clear Error Messages should validate enum values with clear messages" name="FastPurge CODE KAI Validation Tests 4. User Experience - Clear Error Messages should validate enum values with clear messages" time="0">
    </testcase>
    <testcase classname="FastPurge CODE KAI Validation Tests 5. Maintainability - Schema Composition should handle optional fields correctly" name="FastPurge CODE KAI Validation Tests 5. Maintainability - Schema Composition should handle optional fields correctly" time="0">
    </testcase>
    <testcase classname="FastPurge CODE KAI Validation Tests 5. Maintainability - Schema Composition should accept optional fields when provided" name="FastPurge CODE KAI Validation Tests 5. Maintainability - Schema Composition should accept optional fields when provided" time="0.001">
    </testcase>
    <testcase classname="FastPurge CODE KAI Validation Tests 5. Maintainability - Schema Composition should validate numeric constraints properly" name="FastPurge CODE KAI Validation Tests 5. Maintainability - Schema Composition should validate numeric constraints properly" time="0">
    </testcase>
    <testcase classname="FastPurge CODE KAI Validation Tests 6. Production Grade Validation should handle edge cases gracefully" name="FastPurge CODE KAI Validation Tests 6. Production Grade Validation should handle edge cases gracefully" time="0.001">
    </testcase>
    <testcase classname="FastPurge CODE KAI Validation Tests 6. Production Grade Validation should be consistent between type guards and schemas" name="FastPurge CODE KAI Validation Tests 6. Production Grade Validation should be consistent between type guards and schemas" time="0">
    </testcase>
  </testsuite>
  <testsuite name="Modular Server Integration" errors="0" failures="0" skipped="10" timestamp="2025-06-30T09:17:10" time="0.063" tests="10">
    <testcase classname="Modular Server Integration Property Server should initialize with correct name and tool count" name="Modular Server Integration Property Server should initialize with correct name and tool count" time="0">
      <skipped/>
    </testcase>
    <testcase classname="Modular Server Integration Property Server should expose property management tools" name="Modular Server Integration Property Server should expose property management tools" time="0">
      <skipped/>
    </testcase>
    <testcase classname="Modular Server Integration DNS Server should handle DNS zone operations" name="Modular Server Integration DNS Server should handle DNS zone operations" time="0">
      <skipped/>
    </testcase>
    <testcase classname="Modular Server Integration Certificate Server should handle certificate lifecycle operations" name="Modular Server Integration Certificate Server should handle certificate lifecycle operations" time="0">
      <skipped/>
    </testcase>
    <testcase classname="Modular Server Integration Security Server should handle network lists and app security" name="Modular Server Integration Security Server should handle network lists and app security" time="0">
      <skipped/>
    </testcase>
    <testcase classname="Modular Server Integration Security Server should handle geographic and ASN validation" name="Modular Server Integration Security Server should handle geographic and ASN validation" time="0">
      <skipped/>
    </testcase>
    <testcase classname="Modular Server Integration Reporting Server should provide analytics and monitoring tools" name="Modular Server Integration Reporting Server should provide analytics and monitoring tools" time="0">
      <skipped/>
    </testcase>
    <testcase classname="Modular Server Integration Cross-Server Scenarios property server should work without certificate server for Default DV" name="Modular Server Integration Cross-Server Scenarios property server should work without certificate server for Default DV" time="0">
      <skipped/>
    </testcase>
    <testcase classname="Modular Server Integration Cross-Server Scenarios security server should handle network lists independently" name="Modular Server Integration Cross-Server Scenarios security server should handle network lists independently" time="0">
      <skipped/>
    </testcase>
    <testcase classname="Modular Server Integration Error Isolation error in one server should not affect others" name="Modular Server Integration Error Isolation error in one server should not affect others" time="0">
      <skipped/>
    </testcase>
  </testsuite>
  <testsuite name="OptimizedHTTPClient" errors="0" failures="0" skipped="0" timestamp="2025-06-30T09:17:10" time="6.277" tests="23">
    <testcase classname="OptimizedHTTPClient Agent Management should create HTTPS agent with optimized settings" name="OptimizedHTTPClient Agent Management should create HTTPS agent with optimized settings" time="0.001">
    </testcase>
    <testcase classname="OptimizedHTTPClient Agent Management should create HTTP agent with optimized settings" name="OptimizedHTTPClient Agent Management should create HTTP agent with optimized settings" time="0">
    </testcase>
    <testcase classname="OptimizedHTTPClient Agent Management should reuse agents for same hostname" name="OptimizedHTTPClient Agent Management should reuse agents for same hostname" time="0.001">
    </testcase>
    <testcase classname="OptimizedHTTPClient Agent Management should create different agents for different hostnames" name="OptimizedHTTPClient Agent Management should create different agents for different hostnames" time="0">
    </testcase>
    <testcase classname="OptimizedHTTPClient Agent Management should emit agentCreated event when new agent is created" name="OptimizedHTTPClient Agent Management should emit agentCreated event when new agent is created" time="0">
    </testcase>
    <testcase classname="OptimizedHTTPClient DNS Caching should cache DNS lookups" name="OptimizedHTTPClient DNS Caching should cache DNS lookups" time="0">
    </testcase>
    <testcase classname="OptimizedHTTPClient DNS Caching should clear DNS cache" name="OptimizedHTTPClient DNS Caching should clear DNS cache" time="0">
    </testcase>
    <testcase classname="OptimizedHTTPClient Connection Metrics should track connection metrics" name="OptimizedHTTPClient Connection Metrics should track connection metrics" time="0.001">
    </testcase>
    <testcase classname="OptimizedHTTPClient Connection Metrics should calculate connection reuse rate" name="OptimizedHTTPClient Connection Metrics should calculate connection reuse rate" time="0">
    </testcase>
    <testcase classname="OptimizedHTTPClient Connection Metrics should emit connectionReused event on connection reuse" name="OptimizedHTTPClient Connection Metrics should emit connectionReused event on connection reuse" time="0.001">
    </testcase>
    <testcase classname="OptimizedHTTPClient Request Execution should execute HTTP request with retry logic" name="OptimizedHTTPClient Request Execution should execute HTTP request with retry logic" time="0">
    </testcase>
    <testcase classname="OptimizedHTTPClient Request Execution should retry on failure up to configured attempts" name="OptimizedHTTPClient Request Execution should retry on failure up to configured attempts" time="3.167">
    </testcase>
    <testcase classname="OptimizedHTTPClient Request Execution should emit requestSuccess on successful request" name="OptimizedHTTPClient Request Execution should emit requestSuccess on successful request" time="0.001">
    </testcase>
    <testcase classname="OptimizedHTTPClient Request Execution should emit requestRetry on retry attempt" name="OptimizedHTTPClient Request Execution should emit requestRetry on retry attempt" time="3.072">
    </testcase>
    <testcase classname="OptimizedHTTPClient Performance Monitoring should emit performance alerts" name="OptimizedHTTPClient Performance Monitoring should emit performance alerts" time="0">
    </testcase>
    <testcase classname="OptimizedHTTPClient Performance Monitoring should perform health checks periodically" name="OptimizedHTTPClient Performance Monitoring should perform health checks periodically" time="0.001">
    </testcase>
    <testcase classname="OptimizedHTTPClient Retry Logic should calculate exponential backoff with jitter" name="OptimizedHTTPClient Retry Logic should calculate exponential backoff with jitter" time="0">
    </testcase>
    <testcase classname="OptimizedHTTPClient Resource Management should destroy all resources properly" name="OptimizedHTTPClient Resource Management should destroy all resources properly" time="0.001">
    </testcase>
    <testcase classname="OptimizedHTTPClient Resource Management should emit destroyed event on cleanup" name="OptimizedHTTPClient Resource Management should emit destroyed event on cleanup" time="0">
    </testcase>
    <testcase classname="OptimizedHTTPClient Configuration should use default configuration when none provided" name="OptimizedHTTPClient Configuration should use default configuration when none provided" time="0">
    </testcase>
    <testcase classname="OptimizedHTTPClient Configuration should merge provided configuration with defaults" name="OptimizedHTTPClient Configuration should merge provided configuration with defaults" time="0">
    </testcase>
    <testcase classname="OptimizedHTTPClient HTTP/2 Support should configure agents with HTTP/2 ALPN protocols" name="OptimizedHTTPClient HTTP/2 Support should configure agents with HTTP/2 ALPN protocols" time="0">
    </testcase>
    <testcase classname="NetworkOptimizationTargets should define performance targets" name="NetworkOptimizationTargets should define performance targets" time="0">
    </testcase>
  </testsuite>
  <testsuite name="Reporting Tools" errors="0" failures="1" skipped="0" timestamp="2025-06-30T09:17:16" time="0.142" tests="9">
    <testcase classname="Reporting Tools handleGetTrafficSummary should retrieve traffic summary successfully" name="Reporting Tools handleGetTrafficSummary should retrieve traffic summary successfully" time="0.002">
    </testcase>
    <testcase classname="Reporting Tools handleGetTrafficSummary should handle errors gracefully" name="Reporting Tools handleGetTrafficSummary should handle errors gracefully" time="0">
    </testcase>
    <testcase classname="Reporting Tools analyzeCachePerformance should analyze cache performance with recommendations" name="Reporting Tools analyzeCachePerformance should analyze cache performance with recommendations" time="0.001">
    </testcase>
    <testcase classname="Reporting Tools getRealtimeMetrics should retrieve real-time metrics" name="Reporting Tools getRealtimeMetrics should retrieve real-time metrics" time="0.001">
    </testcase>
    <testcase classname="Reporting Tools analyzeTrafficTrends should analyze traffic trends with predictions" name="Reporting Tools analyzeTrafficTrends should analyze traffic trends with predictions" time="0.001">
    </testcase>
    <testcase classname="Reporting Tools generatePerformanceReport should generate comprehensive performance report" name="Reporting Tools generatePerformanceReport should generate comprehensive performance report" time="0.001">
      <failure>Error: expect(received).toBe(expected) // Object.is equality

Expected: &quot;A&quot;
Received: &quot;B&quot;
    at Object.&lt;anonymous&gt; (/Users/acedergr/Projects/alecs-mcp-server-akamai/__tests__/unit/reporting-tools.test.ts:238:61)</failure>
    </testcase>
    <testcase classname="Reporting Tools analyzeErrorPatterns should analyze error patterns and identify trends" name="Reporting Tools analyzeErrorPatterns should analyze error patterns and identify trends" time="0.001">
    </testcase>
    <testcase classname="Reporting Tools Input Validation should handle missing required parameters" name="Reporting Tools Input Validation should handle missing required parameters" time="0">
    </testcase>
    <testcase classname="Reporting Tools Input Validation should use default values for optional parameters" name="Reporting Tools Input Validation should use default values for optional parameters" time="0.001">
    </testcase>
  </testsuite>
  <testsuite name="AuthenticationMiddleware" errors="0" failures="17" skipped="0" timestamp="2025-06-30T09:17:16" time="0.092" tests="17">
    <testcase classname="AuthenticationMiddleware Basic Authentication should reject requests without authorization header" name="AuthenticationMiddleware Basic Authentication should reject requests without authorization header" time="0.001">
      <failure>TypeError: Cannot set property remoteAddress of [object Object] which has only a getter
    at Object.&lt;anonymous&gt; (/Users/acedergr/Projects/alecs-mcp-server-akamai/__tests__/unit/middleware/authentication.test.ts:48:42)
    at Promise.finally.completed (/Users/acedergr/Projects/alecs-mcp-server-akamai/node_modules/jest-circus/build/jestAdapterInit.js:1559:28)
    at new Promise (&lt;anonymous&gt;)
    at callAsyncCircusFn (/Users/acedergr/Projects/alecs-mcp-server-akamai/node_modules/jest-circus/build/jestAdapterInit.js:1499:10)
    at _callCircusHook (/Users/acedergr/Projects/alecs-mcp-server-akamai/node_modules/jest-circus/build/jestAdapterInit.js:978:40)
    at _runTest (/Users/acedergr/Projects/alecs-mcp-server-akamai/node_modules/jest-circus/build/jestAdapterInit.js:943:5)
    at _runTestsForDescribeBlock (/Users/acedergr/Projects/alecs-mcp-server-akamai/node_modules/jest-circus/build/jestAdapterInit.js:839:13)
    at _runTestsForDescribeBlock (/Users/acedergr/Projects/alecs-mcp-server-akamai/node_modules/jest-circus/build/jestAdapterInit.js:829:11)
    at _runTestsForDescribeBlock (/Users/acedergr/Projects/alecs-mcp-server-akamai/node_modules/jest-circus/build/jestAdapterInit.js:829:11)
    at run (/Users/acedergr/Projects/alecs-mcp-server-akamai/node_modules/jest-circus/build/jestAdapterInit.js:757:3)
    at runAndTransformResultsToJestFormat (/Users/acedergr/Projects/alecs-mcp-server-akamai/node_modules/jest-circus/build/jestAdapterInit.js:1920:21)
    at jestAdapter (/Users/acedergr/Projects/alecs-mcp-server-akamai/node_modules/jest-circus/build/runner.js:101:19)
    at runTestInternal (/Users/acedergr/Projects/alecs-mcp-server-akamai/node_modules/jest-runner/build/index.js:272:16)
    at runTest (/Users/acedergr/Projects/alecs-mcp-server-akamai/node_modules/jest-runner/build/index.js:340:7)</failure>
    </testcase>
    <testcase classname="AuthenticationMiddleware Basic Authentication should reject requests with invalid authorization format" name="AuthenticationMiddleware Basic Authentication should reject requests with invalid authorization format" time="0">
      <failure>TypeError: Cannot set property remoteAddress of [object Object] which has only a getter
    at Object.&lt;anonymous&gt; (/Users/acedergr/Projects/alecs-mcp-server-akamai/__tests__/unit/middleware/authentication.test.ts:48:42)
    at Promise.finally.completed (/Users/acedergr/Projects/alecs-mcp-server-akamai/node_modules/jest-circus/build/jestAdapterInit.js:1559:28)
    at new Promise (&lt;anonymous&gt;)
    at callAsyncCircusFn (/Users/acedergr/Projects/alecs-mcp-server-akamai/node_modules/jest-circus/build/jestAdapterInit.js:1499:10)
    at _callCircusHook (/Users/acedergr/Projects/alecs-mcp-server-akamai/node_modules/jest-circus/build/jestAdapterInit.js:978:40)
    at _runTest (/Users/acedergr/Projects/alecs-mcp-server-akamai/node_modules/jest-circus/build/jestAdapterInit.js:943:5)
    at _runTestsForDescribeBlock (/Users/acedergr/Projects/alecs-mcp-server-akamai/node_modules/jest-circus/build/jestAdapterInit.js:839:13)
    at _runTestsForDescribeBlock (/Users/acedergr/Projects/alecs-mcp-server-akamai/node_modules/jest-circus/build/jestAdapterInit.js:829:11)
    at _runTestsForDescribeBlock (/Users/acedergr/Projects/alecs-mcp-server-akamai/node_modules/jest-circus/build/jestAdapterInit.js:829:11)
    at run (/Users/acedergr/Projects/alecs-mcp-server-akamai/node_modules/jest-circus/build/jestAdapterInit.js:757:3)
    at runAndTransformResultsToJestFormat (/Users/acedergr/Projects/alecs-mcp-server-akamai/node_modules/jest-circus/build/jestAdapterInit.js:1920:21)
    at jestAdapter (/Users/acedergr/Projects/alecs-mcp-server-akamai/node_modules/jest-circus/build/runner.js:101:19)
    at runTestInternal (/Users/acedergr/Projects/alecs-mcp-server-akamai/node_modules/jest-runner/build/index.js:272:16)
    at runTest (/Users/acedergr/Projects/alecs-mcp-server-akamai/node_modules/jest-runner/build/index.js:340:7)</failure>
    </testcase>
    <testcase classname="AuthenticationMiddleware Basic Authentication should accept valid Bearer token" name="AuthenticationMiddleware Basic Authentication should accept valid Bearer token" time="0">
      <failure>TypeError: Cannot set property remoteAddress of [object Object] which has only a getter
    at Object.&lt;anonymous&gt; (/Users/acedergr/Projects/alecs-mcp-server-akamai/__tests__/unit/middleware/authentication.test.ts:48:42)
    at Promise.finally.completed (/Users/acedergr/Projects/alecs-mcp-server-akamai/node_modules/jest-circus/build/jestAdapterInit.js:1559:28)
    at new Promise (&lt;anonymous&gt;)
    at callAsyncCircusFn (/Users/acedergr/Projects/alecs-mcp-server-akamai/node_modules/jest-circus/build/jestAdapterInit.js:1499:10)
    at _callCircusHook (/Users/acedergr/Projects/alecs-mcp-server-akamai/node_modules/jest-circus/build/jestAdapterInit.js:978:40)
    at _runTest (/Users/acedergr/Projects/alecs-mcp-server-akamai/node_modules/jest-circus/build/jestAdapterInit.js:943:5)
    at _runTestsForDescribeBlock (/Users/acedergr/Projects/alecs-mcp-server-akamai/node_modules/jest-circus/build/jestAdapterInit.js:839:13)
    at _runTestsForDescribeBlock (/Users/acedergr/Projects/alecs-mcp-server-akamai/node_modules/jest-circus/build/jestAdapterInit.js:829:11)
    at _runTestsForDescribeBlock (/Users/acedergr/Projects/alecs-mcp-server-akamai/node_modules/jest-circus/build/jestAdapterInit.js:829:11)
    at run (/Users/acedergr/Projects/alecs-mcp-server-akamai/node_modules/jest-circus/build/jestAdapterInit.js:757:3)
    at runAndTransformResultsToJestFormat (/Users/acedergr/Projects/alecs-mcp-server-akamai/node_modules/jest-circus/build/jestAdapterInit.js:1920:21)
    at jestAdapter (/Users/acedergr/Projects/alecs-mcp-server-akamai/node_modules/jest-circus/build/runner.js:101:19)
    at runTestInternal (/Users/acedergr/Projects/alecs-mcp-server-akamai/node_modules/jest-runner/build/index.js:272:16)
    at runTest (/Users/acedergr/Projects/alecs-mcp-server-akamai/node_modules/jest-runner/build/index.js:340:7)</failure>
    </testcase>
    <testcase classname="AuthenticationMiddleware Basic Authentication should reject invalid token" name="AuthenticationMiddleware Basic Authentication should reject invalid token" time="0">
      <failure>TypeError: Cannot set property remoteAddress of [object Object] which has only a getter
    at Object.&lt;anonymous&gt; (/Users/acedergr/Projects/alecs-mcp-server-akamai/__tests__/unit/middleware/authentication.test.ts:48:42)
    at Promise.finally.completed (/Users/acedergr/Projects/alecs-mcp-server-akamai/node_modules/jest-circus/build/jestAdapterInit.js:1559:28)
    at new Promise (&lt;anonymous&gt;)
    at callAsyncCircusFn (/Users/acedergr/Projects/alecs-mcp-server-akamai/node_modules/jest-circus/build/jestAdapterInit.js:1499:10)
    at _callCircusHook (/Users/acedergr/Projects/alecs-mcp-server-akamai/node_modules/jest-circus/build/jestAdapterInit.js:978:40)
    at _runTest (/Users/acedergr/Projects/alecs-mcp-server-akamai/node_modules/jest-circus/build/jestAdapterInit.js:943:5)
    at _runTestsForDescribeBlock (/Users/acedergr/Projects/alecs-mcp-server-akamai/node_modules/jest-circus/build/jestAdapterInit.js:839:13)
    at _runTestsForDescribeBlock (/Users/acedergr/Projects/alecs-mcp-server-akamai/node_modules/jest-circus/build/jestAdapterInit.js:829:11)
    at _runTestsForDescribeBlock (/Users/acedergr/Projects/alecs-mcp-server-akamai/node_modules/jest-circus/build/jestAdapterInit.js:829:11)
    at run (/Users/acedergr/Projects/alecs-mcp-server-akamai/node_modules/jest-circus/build/jestAdapterInit.js:757:3)
    at runAndTransformResultsToJestFormat (/Users/acedergr/Projects/alecs-mcp-server-akamai/node_modules/jest-circus/build/jestAdapterInit.js:1920:21)
    at jestAdapter (/Users/acedergr/Projects/alecs-mcp-server-akamai/node_modules/jest-circus/build/runner.js:101:19)
    at runTestInternal (/Users/acedergr/Projects/alecs-mcp-server-akamai/node_modules/jest-runner/build/index.js:272:16)
    at runTest (/Users/acedergr/Projects/alecs-mcp-server-akamai/node_modules/jest-runner/build/index.js:340:7)</failure>
    </testcase>
    <testcase classname="AuthenticationMiddleware Public Paths should allow access to public paths without authentication" name="AuthenticationMiddleware Public Paths should allow access to public paths without authentication" time="0">
      <failure>TypeError: Cannot set property remoteAddress of [object Object] which has only a getter
    at Object.&lt;anonymous&gt; (/Users/acedergr/Projects/alecs-mcp-server-akamai/__tests__/unit/middleware/authentication.test.ts:48:42)
    at Promise.finally.completed (/Users/acedergr/Projects/alecs-mcp-server-akamai/node_modules/jest-circus/build/jestAdapterInit.js:1559:28)
    at new Promise (&lt;anonymous&gt;)
    at callAsyncCircusFn (/Users/acedergr/Projects/alecs-mcp-server-akamai/node_modules/jest-circus/build/jestAdapterInit.js:1499:10)
    at _callCircusHook (/Users/acedergr/Projects/alecs-mcp-server-akamai/node_modules/jest-circus/build/jestAdapterInit.js:978:40)
    at _runTest (/Users/acedergr/Projects/alecs-mcp-server-akamai/node_modules/jest-circus/build/jestAdapterInit.js:943:5)
    at _runTestsForDescribeBlock (/Users/acedergr/Projects/alecs-mcp-server-akamai/node_modules/jest-circus/build/jestAdapterInit.js:839:13)
    at _runTestsForDescribeBlock (/Users/acedergr/Projects/alecs-mcp-server-akamai/node_modules/jest-circus/build/jestAdapterInit.js:829:11)
    at _runTestsForDescribeBlock (/Users/acedergr/Projects/alecs-mcp-server-akamai/node_modules/jest-circus/build/jestAdapterInit.js:829:11)
    at run (/Users/acedergr/Projects/alecs-mcp-server-akamai/node_modules/jest-circus/build/jestAdapterInit.js:757:3)
    at runAndTransformResultsToJestFormat (/Users/acedergr/Projects/alecs-mcp-server-akamai/node_modules/jest-circus/build/jestAdapterInit.js:1920:21)
    at jestAdapter (/Users/acedergr/Projects/alecs-mcp-server-akamai/node_modules/jest-circus/build/runner.js:101:19)
    at runTestInternal (/Users/acedergr/Projects/alecs-mcp-server-akamai/node_modules/jest-runner/build/index.js:272:16)
    at runTest (/Users/acedergr/Projects/alecs-mcp-server-akamai/node_modules/jest-runner/build/index.js:340:7)</failure>
    </testcase>
    <testcase classname="AuthenticationMiddleware Public Paths should normalize paths for comparison" name="AuthenticationMiddleware Public Paths should normalize paths for comparison" time="0">
      <failure>TypeError: Cannot set property remoteAddress of [object Object] which has only a getter
    at Object.&lt;anonymous&gt; (/Users/acedergr/Projects/alecs-mcp-server-akamai/__tests__/unit/middleware/authentication.test.ts:48:42)
    at Promise.finally.completed (/Users/acedergr/Projects/alecs-mcp-server-akamai/node_modules/jest-circus/build/jestAdapterInit.js:1559:28)
    at new Promise (&lt;anonymous&gt;)
    at callAsyncCircusFn (/Users/acedergr/Projects/alecs-mcp-server-akamai/node_modules/jest-circus/build/jestAdapterInit.js:1499:10)
    at _callCircusHook (/Users/acedergr/Projects/alecs-mcp-server-akamai/node_modules/jest-circus/build/jestAdapterInit.js:978:40)
    at _runTest (/Users/acedergr/Projects/alecs-mcp-server-akamai/node_modules/jest-circus/build/jestAdapterInit.js:943:5)
    at _runTestsForDescribeBlock (/Users/acedergr/Projects/alecs-mcp-server-akamai/node_modules/jest-circus/build/jestAdapterInit.js:839:13)
    at _runTestsForDescribeBlock (/Users/acedergr/Projects/alecs-mcp-server-akamai/node_modules/jest-circus/build/jestAdapterInit.js:829:11)
    at _runTestsForDescribeBlock (/Users/acedergr/Projects/alecs-mcp-server-akamai/node_modules/jest-circus/build/jestAdapterInit.js:829:11)
    at run (/Users/acedergr/Projects/alecs-mcp-server-akamai/node_modules/jest-circus/build/jestAdapterInit.js:757:3)
    at runAndTransformResultsToJestFormat (/Users/acedergr/Projects/alecs-mcp-server-akamai/node_modules/jest-circus/build/jestAdapterInit.js:1920:21)
    at jestAdapter (/Users/acedergr/Projects/alecs-mcp-server-akamai/node_modules/jest-circus/build/runner.js:101:19)
    at runTestInternal (/Users/acedergr/Projects/alecs-mcp-server-akamai/node_modules/jest-runner/build/index.js:272:16)
    at runTest (/Users/acedergr/Projects/alecs-mcp-server-akamai/node_modules/jest-runner/build/index.js:340:7)</failure>
    </testcase>
    <testcase classname="AuthenticationMiddleware Security Integration should apply security headers" name="AuthenticationMiddleware Security Integration should apply security headers" time="0.001">
      <failure>TypeError: Cannot set property remoteAddress of [object Object] which has only a getter
    at Object.&lt;anonymous&gt; (/Users/acedergr/Projects/alecs-mcp-server-akamai/__tests__/unit/middleware/authentication.test.ts:48:42)
    at Promise.finally.completed (/Users/acedergr/Projects/alecs-mcp-server-akamai/node_modules/jest-circus/build/jestAdapterInit.js:1559:28)
    at new Promise (&lt;anonymous&gt;)
    at callAsyncCircusFn (/Users/acedergr/Projects/alecs-mcp-server-akamai/node_modules/jest-circus/build/jestAdapterInit.js:1499:10)
    at _callCircusHook (/Users/acedergr/Projects/alecs-mcp-server-akamai/node_modules/jest-circus/build/jestAdapterInit.js:978:40)
    at _runTest (/Users/acedergr/Projects/alecs-mcp-server-akamai/node_modules/jest-circus/build/jestAdapterInit.js:943:5)
    at _runTestsForDescribeBlock (/Users/acedergr/Projects/alecs-mcp-server-akamai/node_modules/jest-circus/build/jestAdapterInit.js:839:13)
    at _runTestsForDescribeBlock (/Users/acedergr/Projects/alecs-mcp-server-akamai/node_modules/jest-circus/build/jestAdapterInit.js:829:11)
    at _runTestsForDescribeBlock (/Users/acedergr/Projects/alecs-mcp-server-akamai/node_modules/jest-circus/build/jestAdapterInit.js:829:11)
    at run (/Users/acedergr/Projects/alecs-mcp-server-akamai/node_modules/jest-circus/build/jestAdapterInit.js:757:3)
    at runAndTransformResultsToJestFormat (/Users/acedergr/Projects/alecs-mcp-server-akamai/node_modules/jest-circus/build/jestAdapterInit.js:1920:21)
    at jestAdapter (/Users/acedergr/Projects/alecs-mcp-server-akamai/node_modules/jest-circus/build/runner.js:101:19)
    at runTestInternal (/Users/acedergr/Projects/alecs-mcp-server-akamai/node_modules/jest-runner/build/index.js:272:16)
    at runTest (/Users/acedergr/Projects/alecs-mcp-server-akamai/node_modules/jest-runner/build/index.js:340:7)</failure>
    </testcase>
    <testcase classname="AuthenticationMiddleware Security Integration should apply rate limiting" name="AuthenticationMiddleware Security Integration should apply rate limiting" time="0">
      <failure>TypeError: Cannot set property remoteAddress of [object Object] which has only a getter
    at Object.&lt;anonymous&gt; (/Users/acedergr/Projects/alecs-mcp-server-akamai/__tests__/unit/middleware/authentication.test.ts:48:42)
    at Promise.finally.completed (/Users/acedergr/Projects/alecs-mcp-server-akamai/node_modules/jest-circus/build/jestAdapterInit.js:1559:28)
    at new Promise (&lt;anonymous&gt;)
    at callAsyncCircusFn (/Users/acedergr/Projects/alecs-mcp-server-akamai/node_modules/jest-circus/build/jestAdapterInit.js:1499:10)
    at _callCircusHook (/Users/acedergr/Projects/alecs-mcp-server-akamai/node_modules/jest-circus/build/jestAdapterInit.js:978:40)
    at _runTest (/Users/acedergr/Projects/alecs-mcp-server-akamai/node_modules/jest-circus/build/jestAdapterInit.js:943:5)
    at _runTestsForDescribeBlock (/Users/acedergr/Projects/alecs-mcp-server-akamai/node_modules/jest-circus/build/jestAdapterInit.js:839:13)
    at _runTestsForDescribeBlock (/Users/acedergr/Projects/alecs-mcp-server-akamai/node_modules/jest-circus/build/jestAdapterInit.js:829:11)
    at _runTestsForDescribeBlock (/Users/acedergr/Projects/alecs-mcp-server-akamai/node_modules/jest-circus/build/jestAdapterInit.js:829:11)
    at run (/Users/acedergr/Projects/alecs-mcp-server-akamai/node_modules/jest-circus/build/jestAdapterInit.js:757:3)
    at runAndTransformResultsToJestFormat (/Users/acedergr/Projects/alecs-mcp-server-akamai/node_modules/jest-circus/build/jestAdapterInit.js:1920:21)
    at jestAdapter (/Users/acedergr/Projects/alecs-mcp-server-akamai/node_modules/jest-circus/build/runner.js:101:19)
    at runTestInternal (/Users/acedergr/Projects/alecs-mcp-server-akamai/node_modules/jest-runner/build/index.js:272:16)
    at runTest (/Users/acedergr/Projects/alecs-mcp-server-akamai/node_modules/jest-runner/build/index.js:340:7)</failure>
    </testcase>
    <testcase classname="AuthenticationMiddleware Security Integration should log security events" name="AuthenticationMiddleware Security Integration should log security events" time="0">
      <failure>TypeError: Cannot set property remoteAddress of [object Object] which has only a getter
    at Object.&lt;anonymous&gt; (/Users/acedergr/Projects/alecs-mcp-server-akamai/__tests__/unit/middleware/authentication.test.ts:48:42)
    at Promise.finally.completed (/Users/acedergr/Projects/alecs-mcp-server-akamai/node_modules/jest-circus/build/jestAdapterInit.js:1559:28)
    at new Promise (&lt;anonymous&gt;)
    at callAsyncCircusFn (/Users/acedergr/Projects/alecs-mcp-server-akamai/node_modules/jest-circus/build/jestAdapterInit.js:1499:10)
    at _callCircusHook (/Users/acedergr/Projects/alecs-mcp-server-akamai/node_modules/jest-circus/build/jestAdapterInit.js:978:40)
    at _runTest (/Users/acedergr/Projects/alecs-mcp-server-akamai/node_modules/jest-circus/build/jestAdapterInit.js:943:5)
    at _runTestsForDescribeBlock (/Users/acedergr/Projects/alecs-mcp-server-akamai/node_modules/jest-circus/build/jestAdapterInit.js:839:13)
    at _runTestsForDescribeBlock (/Users/acedergr/Projects/alecs-mcp-server-akamai/node_modules/jest-circus/build/jestAdapterInit.js:829:11)
    at _runTestsForDescribeBlock (/Users/acedergr/Projects/alecs-mcp-server-akamai/node_modules/jest-circus/build/jestAdapterInit.js:829:11)
    at run (/Users/acedergr/Projects/alecs-mcp-server-akamai/node_modules/jest-circus/build/jestAdapterInit.js:757:3)
    at runAndTransformResultsToJestFormat (/Users/acedergr/Projects/alecs-mcp-server-akamai/node_modules/jest-circus/build/jestAdapterInit.js:1920:21)
    at jestAdapter (/Users/acedergr/Projects/alecs-mcp-server-akamai/node_modules/jest-circus/build/runner.js:101:19)
    at runTestInternal (/Users/acedergr/Projects/alecs-mcp-server-akamai/node_modules/jest-runner/build/index.js:272:16)
    at runTest (/Users/acedergr/Projects/alecs-mcp-server-akamai/node_modules/jest-runner/build/index.js:340:7)</failure>
    </testcase>
    <testcase classname="AuthenticationMiddleware Response Handling should send 401 response for unauthenticated requests" name="AuthenticationMiddleware Response Handling should send 401 response for unauthenticated requests" time="0">
      <failure>TypeError: Cannot set property remoteAddress of [object Object] which has only a getter
    at Object.&lt;anonymous&gt; (/Users/acedergr/Projects/alecs-mcp-server-akamai/__tests__/unit/middleware/authentication.test.ts:48:42)
    at Promise.finally.completed (/Users/acedergr/Projects/alecs-mcp-server-akamai/node_modules/jest-circus/build/jestAdapterInit.js:1559:28)
    at new Promise (&lt;anonymous&gt;)
    at callAsyncCircusFn (/Users/acedergr/Projects/alecs-mcp-server-akamai/node_modules/jest-circus/build/jestAdapterInit.js:1499:10)
    at _callCircusHook (/Users/acedergr/Projects/alecs-mcp-server-akamai/node_modules/jest-circus/build/jestAdapterInit.js:978:40)
    at _runTest (/Users/acedergr/Projects/alecs-mcp-server-akamai/node_modules/jest-circus/build/jestAdapterInit.js:943:5)
    at _runTestsForDescribeBlock (/Users/acedergr/Projects/alecs-mcp-server-akamai/node_modules/jest-circus/build/jestAdapterInit.js:839:13)
    at _runTestsForDescribeBlock (/Users/acedergr/Projects/alecs-mcp-server-akamai/node_modules/jest-circus/build/jestAdapterInit.js:829:11)
    at _runTestsForDescribeBlock (/Users/acedergr/Projects/alecs-mcp-server-akamai/node_modules/jest-circus/build/jestAdapterInit.js:829:11)
    at run (/Users/acedergr/Projects/alecs-mcp-server-akamai/node_modules/jest-circus/build/jestAdapterInit.js:757:3)
    at runAndTransformResultsToJestFormat (/Users/acedergr/Projects/alecs-mcp-server-akamai/node_modules/jest-circus/build/jestAdapterInit.js:1920:21)
    at jestAdapter (/Users/acedergr/Projects/alecs-mcp-server-akamai/node_modules/jest-circus/build/runner.js:101:19)
    at runTestInternal (/Users/acedergr/Projects/alecs-mcp-server-akamai/node_modules/jest-runner/build/index.js:272:16)
    at runTest (/Users/acedergr/Projects/alecs-mcp-server-akamai/node_modules/jest-runner/build/index.js:340:7)</failure>
    </testcase>
    <testcase classname="AuthenticationMiddleware Response Handling should not modify response for authenticated requests" name="AuthenticationMiddleware Response Handling should not modify response for authenticated requests" time="0">
      <failure>TypeError: Cannot set property remoteAddress of [object Object] which has only a getter
    at Object.&lt;anonymous&gt; (/Users/acedergr/Projects/alecs-mcp-server-akamai/__tests__/unit/middleware/authentication.test.ts:48:42)
    at Promise.finally.completed (/Users/acedergr/Projects/alecs-mcp-server-akamai/node_modules/jest-circus/build/jestAdapterInit.js:1559:28)
    at new Promise (&lt;anonymous&gt;)
    at callAsyncCircusFn (/Users/acedergr/Projects/alecs-mcp-server-akamai/node_modules/jest-circus/build/jestAdapterInit.js:1499:10)
    at _callCircusHook (/Users/acedergr/Projects/alecs-mcp-server-akamai/node_modules/jest-circus/build/jestAdapterInit.js:978:40)
    at _runTest (/Users/acedergr/Projects/alecs-mcp-server-akamai/node_modules/jest-circus/build/jestAdapterInit.js:943:5)
    at _runTestsForDescribeBlock (/Users/acedergr/Projects/alecs-mcp-server-akamai/node_modules/jest-circus/build/jestAdapterInit.js:839:13)
    at _runTestsForDescribeBlock (/Users/acedergr/Projects/alecs-mcp-server-akamai/node_modules/jest-circus/build/jestAdapterInit.js:829:11)
    at _runTestsForDescribeBlock (/Users/acedergr/Projects/alecs-mcp-server-akamai/node_modules/jest-circus/build/jestAdapterInit.js:829:11)
    at run (/Users/acedergr/Projects/alecs-mcp-server-akamai/node_modules/jest-circus/build/jestAdapterInit.js:757:3)
    at runAndTransformResultsToJestFormat (/Users/acedergr/Projects/alecs-mcp-server-akamai/node_modules/jest-circus/build/jestAdapterInit.js:1920:21)
    at jestAdapter (/Users/acedergr/Projects/alecs-mcp-server-akamai/node_modules/jest-circus/build/runner.js:101:19)
    at runTestInternal (/Users/acedergr/Projects/alecs-mcp-server-akamai/node_modules/jest-runner/build/index.js:272:16)
    at runTest (/Users/acedergr/Projects/alecs-mcp-server-akamai/node_modules/jest-runner/build/index.js:340:7)</failure>
    </testcase>
    <testcase classname="AuthenticationMiddleware Configuration should allow disabling authentication" name="AuthenticationMiddleware Configuration should allow disabling authentication" time="0">
      <failure>TypeError: Cannot set property remoteAddress of [object Object] which has only a getter
    at Object.&lt;anonymous&gt; (/Users/acedergr/Projects/alecs-mcp-server-akamai/__tests__/unit/middleware/authentication.test.ts:48:42)
    at Promise.finally.completed (/Users/acedergr/Projects/alecs-mcp-server-akamai/node_modules/jest-circus/build/jestAdapterInit.js:1559:28)
    at new Promise (&lt;anonymous&gt;)
    at callAsyncCircusFn (/Users/acedergr/Projects/alecs-mcp-server-akamai/node_modules/jest-circus/build/jestAdapterInit.js:1499:10)
    at _callCircusHook (/Users/acedergr/Projects/alecs-mcp-server-akamai/node_modules/jest-circus/build/jestAdapterInit.js:978:40)
    at _runTest (/Users/acedergr/Projects/alecs-mcp-server-akamai/node_modules/jest-circus/build/jestAdapterInit.js:943:5)
    at _runTestsForDescribeBlock (/Users/acedergr/Projects/alecs-mcp-server-akamai/node_modules/jest-circus/build/jestAdapterInit.js:839:13)
    at _runTestsForDescribeBlock (/Users/acedergr/Projects/alecs-mcp-server-akamai/node_modules/jest-circus/build/jestAdapterInit.js:829:11)
    at _runTestsForDescribeBlock (/Users/acedergr/Projects/alecs-mcp-server-akamai/node_modules/jest-circus/build/jestAdapterInit.js:829:11)
    at run (/Users/acedergr/Projects/alecs-mcp-server-akamai/node_modules/jest-circus/build/jestAdapterInit.js:757:3)
    at runAndTransformResultsToJestFormat (/Users/acedergr/Projects/alecs-mcp-server-akamai/node_modules/jest-circus/build/jestAdapterInit.js:1920:21)
    at jestAdapter (/Users/acedergr/Projects/alecs-mcp-server-akamai/node_modules/jest-circus/build/runner.js:101:19)
    at runTestInternal (/Users/acedergr/Projects/alecs-mcp-server-akamai/node_modules/jest-runner/build/index.js:272:16)
    at runTest (/Users/acedergr/Projects/alecs-mcp-server-akamai/node_modules/jest-runner/build/index.js:340:7)</failure>
    </testcase>
    <testcase classname="AuthenticationMiddleware Configuration should support verbose logging in development" name="AuthenticationMiddleware Configuration should support verbose logging in development" time="0">
      <failure>TypeError: Cannot set property remoteAddress of [object Object] which has only a getter
    at Object.&lt;anonymous&gt; (/Users/acedergr/Projects/alecs-mcp-server-akamai/__tests__/unit/middleware/authentication.test.ts:48:42)
    at Promise.finally.completed (/Users/acedergr/Projects/alecs-mcp-server-akamai/node_modules/jest-circus/build/jestAdapterInit.js:1559:28)
    at new Promise (&lt;anonymous&gt;)
    at callAsyncCircusFn (/Users/acedergr/Projects/alecs-mcp-server-akamai/node_modules/jest-circus/build/jestAdapterInit.js:1499:10)
    at _callCircusHook (/Users/acedergr/Projects/alecs-mcp-server-akamai/node_modules/jest-circus/build/jestAdapterInit.js:978:40)
    at _runTest (/Users/acedergr/Projects/alecs-mcp-server-akamai/node_modules/jest-circus/build/jestAdapterInit.js:943:5)
    at _runTestsForDescribeBlock (/Users/acedergr/Projects/alecs-mcp-server-akamai/node_modules/jest-circus/build/jestAdapterInit.js:839:13)
    at _runTestsForDescribeBlock (/Users/acedergr/Projects/alecs-mcp-server-akamai/node_modules/jest-circus/build/jestAdapterInit.js:829:11)
    at _runTestsForDescribeBlock (/Users/acedergr/Projects/alecs-mcp-server-akamai/node_modules/jest-circus/build/jestAdapterInit.js:829:11)
    at run (/Users/acedergr/Projects/alecs-mcp-server-akamai/node_modules/jest-circus/build/jestAdapterInit.js:757:3)
    at runAndTransformResultsToJestFormat (/Users/acedergr/Projects/alecs-mcp-server-akamai/node_modules/jest-circus/build/jestAdapterInit.js:1920:21)
    at jestAdapter (/Users/acedergr/Projects/alecs-mcp-server-akamai/node_modules/jest-circus/build/runner.js:101:19)
    at runTestInternal (/Users/acedergr/Projects/alecs-mcp-server-akamai/node_modules/jest-runner/build/index.js:272:16)
    at runTest (/Users/acedergr/Projects/alecs-mcp-server-akamai/node_modules/jest-runner/build/index.js:340:7)</failure>
    </testcase>
    <testcase classname="AuthenticationMiddleware Error Handling should handle token validation errors gracefully" name="AuthenticationMiddleware Error Handling should handle token validation errors gracefully" time="0">
      <failure>TypeError: Cannot set property remoteAddress of [object Object] which has only a getter
    at Object.&lt;anonymous&gt; (/Users/acedergr/Projects/alecs-mcp-server-akamai/__tests__/unit/middleware/authentication.test.ts:48:42)
    at Promise.finally.completed (/Users/acedergr/Projects/alecs-mcp-server-akamai/node_modules/jest-circus/build/jestAdapterInit.js:1559:28)
    at new Promise (&lt;anonymous&gt;)
    at callAsyncCircusFn (/Users/acedergr/Projects/alecs-mcp-server-akamai/node_modules/jest-circus/build/jestAdapterInit.js:1499:10)
    at _callCircusHook (/Users/acedergr/Projects/alecs-mcp-server-akamai/node_modules/jest-circus/build/jestAdapterInit.js:978:40)
    at _runTest (/Users/acedergr/Projects/alecs-mcp-server-akamai/node_modules/jest-circus/build/jestAdapterInit.js:943:5)
    at _runTestsForDescribeBlock (/Users/acedergr/Projects/alecs-mcp-server-akamai/node_modules/jest-circus/build/jestAdapterInit.js:839:13)
    at _runTestsForDescribeBlock (/Users/acedergr/Projects/alecs-mcp-server-akamai/node_modules/jest-circus/build/jestAdapterInit.js:829:11)
    at _runTestsForDescribeBlock (/Users/acedergr/Projects/alecs-mcp-server-akamai/node_modules/jest-circus/build/jestAdapterInit.js:829:11)
    at run (/Users/acedergr/Projects/alecs-mcp-server-akamai/node_modules/jest-circus/build/jestAdapterInit.js:757:3)
    at runAndTransformResultsToJestFormat (/Users/acedergr/Projects/alecs-mcp-server-akamai/node_modules/jest-circus/build/jestAdapterInit.js:1920:21)
    at jestAdapter (/Users/acedergr/Projects/alecs-mcp-server-akamai/node_modules/jest-circus/build/runner.js:101:19)
    at runTestInternal (/Users/acedergr/Projects/alecs-mcp-server-akamai/node_modules/jest-runner/build/index.js:272:16)
    at runTest (/Users/acedergr/Projects/alecs-mcp-server-akamai/node_modules/jest-runner/build/index.js:340:7)</failure>
    </testcase>
    <testcase classname="AuthenticationMiddleware Error Handling should handle malformed requests" name="AuthenticationMiddleware Error Handling should handle malformed requests" time="0">
      <failure>TypeError: Cannot set property remoteAddress of [object Object] which has only a getter
    at Object.&lt;anonymous&gt; (/Users/acedergr/Projects/alecs-mcp-server-akamai/__tests__/unit/middleware/authentication.test.ts:48:42)
    at Promise.finally.completed (/Users/acedergr/Projects/alecs-mcp-server-akamai/node_modules/jest-circus/build/jestAdapterInit.js:1559:28)
    at new Promise (&lt;anonymous&gt;)
    at callAsyncCircusFn (/Users/acedergr/Projects/alecs-mcp-server-akamai/node_modules/jest-circus/build/jestAdapterInit.js:1499:10)
    at _callCircusHook (/Users/acedergr/Projects/alecs-mcp-server-akamai/node_modules/jest-circus/build/jestAdapterInit.js:978:40)
    at _runTest (/Users/acedergr/Projects/alecs-mcp-server-akamai/node_modules/jest-circus/build/jestAdapterInit.js:943:5)
    at _runTestsForDescribeBlock (/Users/acedergr/Projects/alecs-mcp-server-akamai/node_modules/jest-circus/build/jestAdapterInit.js:839:13)
    at _runTestsForDescribeBlock (/Users/acedergr/Projects/alecs-mcp-server-akamai/node_modules/jest-circus/build/jestAdapterInit.js:829:11)
    at _runTestsForDescribeBlock (/Users/acedergr/Projects/alecs-mcp-server-akamai/node_modules/jest-circus/build/jestAdapterInit.js:829:11)
    at run (/Users/acedergr/Projects/alecs-mcp-server-akamai/node_modules/jest-circus/build/jestAdapterInit.js:757:3)
    at runAndTransformResultsToJestFormat (/Users/acedergr/Projects/alecs-mcp-server-akamai/node_modules/jest-circus/build/jestAdapterInit.js:1920:21)
    at jestAdapter (/Users/acedergr/Projects/alecs-mcp-server-akamai/node_modules/jest-circus/build/runner.js:101:19)
    at runTestInternal (/Users/acedergr/Projects/alecs-mcp-server-akamai/node_modules/jest-runner/build/index.js:272:16)
    at runTest (/Users/acedergr/Projects/alecs-mcp-server-akamai/node_modules/jest-runner/build/index.js:340:7)</failure>
    </testcase>
    <testcase classname="AuthenticationMiddleware IP Address Tracking should track IP from x-forwarded-for header" name="AuthenticationMiddleware IP Address Tracking should track IP from x-forwarded-for header" time="0">
      <failure>TypeError: Cannot set property remoteAddress of [object Object] which has only a getter
    at Object.&lt;anonymous&gt; (/Users/acedergr/Projects/alecs-mcp-server-akamai/__tests__/unit/middleware/authentication.test.ts:48:42)
    at Promise.finally.completed (/Users/acedergr/Projects/alecs-mcp-server-akamai/node_modules/jest-circus/build/jestAdapterInit.js:1559:28)
    at new Promise (&lt;anonymous&gt;)
    at callAsyncCircusFn (/Users/acedergr/Projects/alecs-mcp-server-akamai/node_modules/jest-circus/build/jestAdapterInit.js:1499:10)
    at _callCircusHook (/Users/acedergr/Projects/alecs-mcp-server-akamai/node_modules/jest-circus/build/jestAdapterInit.js:978:40)
    at _runTest (/Users/acedergr/Projects/alecs-mcp-server-akamai/node_modules/jest-circus/build/jestAdapterInit.js:943:5)
    at _runTestsForDescribeBlock (/Users/acedergr/Projects/alecs-mcp-server-akamai/node_modules/jest-circus/build/jestAdapterInit.js:839:13)
    at _runTestsForDescribeBlock (/Users/acedergr/Projects/alecs-mcp-server-akamai/node_modules/jest-circus/build/jestAdapterInit.js:829:11)
    at _runTestsForDescribeBlock (/Users/acedergr/Projects/alecs-mcp-server-akamai/node_modules/jest-circus/build/jestAdapterInit.js:829:11)
    at run (/Users/acedergr/Projects/alecs-mcp-server-akamai/node_modules/jest-circus/build/jestAdapterInit.js:757:3)
    at runAndTransformResultsToJestFormat (/Users/acedergr/Projects/alecs-mcp-server-akamai/node_modules/jest-circus/build/jestAdapterInit.js:1920:21)
    at jestAdapter (/Users/acedergr/Projects/alecs-mcp-server-akamai/node_modules/jest-circus/build/runner.js:101:19)
    at runTestInternal (/Users/acedergr/Projects/alecs-mcp-server-akamai/node_modules/jest-runner/build/index.js:272:16)
    at runTest (/Users/acedergr/Projects/alecs-mcp-server-akamai/node_modules/jest-runner/build/index.js:340:7)</failure>
    </testcase>
    <testcase classname="AuthenticationMiddleware IP Address Tracking should track IP from x-real-ip header" name="AuthenticationMiddleware IP Address Tracking should track IP from x-real-ip header" time="0.001">
      <failure>TypeError: Cannot set property remoteAddress of [object Object] which has only a getter
    at Object.&lt;anonymous&gt; (/Users/acedergr/Projects/alecs-mcp-server-akamai/__tests__/unit/middleware/authentication.test.ts:48:42)
    at Promise.finally.completed (/Users/acedergr/Projects/alecs-mcp-server-akamai/node_modules/jest-circus/build/jestAdapterInit.js:1559:28)
    at new Promise (&lt;anonymous&gt;)
    at callAsyncCircusFn (/Users/acedergr/Projects/alecs-mcp-server-akamai/node_modules/jest-circus/build/jestAdapterInit.js:1499:10)
    at _callCircusHook (/Users/acedergr/Projects/alecs-mcp-server-akamai/node_modules/jest-circus/build/jestAdapterInit.js:978:40)
    at _runTest (/Users/acedergr/Projects/alecs-mcp-server-akamai/node_modules/jest-circus/build/jestAdapterInit.js:943:5)
    at _runTestsForDescribeBlock (/Users/acedergr/Projects/alecs-mcp-server-akamai/node_modules/jest-circus/build/jestAdapterInit.js:839:13)
    at _runTestsForDescribeBlock (/Users/acedergr/Projects/alecs-mcp-server-akamai/node_modules/jest-circus/build/jestAdapterInit.js:829:11)
    at _runTestsForDescribeBlock (/Users/acedergr/Projects/alecs-mcp-server-akamai/node_modules/jest-circus/build/jestAdapterInit.js:829:11)
    at run (/Users/acedergr/Projects/alecs-mcp-server-akamai/node_modules/jest-circus/build/jestAdapterInit.js:757:3)
    at runAndTransformResultsToJestFormat (/Users/acedergr/Projects/alecs-mcp-server-akamai/node_modules/jest-circus/build/jestAdapterInit.js:1920:21)
    at jestAdapter (/Users/acedergr/Projects/alecs-mcp-server-akamai/node_modules/jest-circus/build/runner.js:101:19)
    at runTestInternal (/Users/acedergr/Projects/alecs-mcp-server-akamai/node_modules/jest-runner/build/index.js:272:16)
    at runTest (/Users/acedergr/Projects/alecs-mcp-server-akamai/node_modules/jest-runner/build/index.js:340:7)</failure>
    </testcase>
  </testsuite>
  <testsuite name="MCP Server Initialization" errors="0" failures="0" skipped="17" timestamp="2025-06-30T09:17:16" time="0.024" tests="17">
    <testcase classname="MCP Server Initialization Server Creation should create server with correct name and version" name="MCP Server Initialization Server Creation should create server with correct name and version" time="0">
      <skipped/>
    </testcase>
    <testcase classname="MCP Server Initialization Server Creation should announce correct protocol capabilities" name="MCP Server Initialization Server Creation should announce correct protocol capabilities" time="0">
      <skipped/>
    </testcase>
    <testcase classname="MCP Server Initialization Server Creation should configure StdioServerTransport" name="MCP Server Initialization Server Creation should configure StdioServerTransport" time="0">
      <skipped/>
    </testcase>
    <testcase classname="MCP Server Initialization Request Handler Registration should register ListToolsRequestSchema handler" name="MCP Server Initialization Request Handler Registration should register ListToolsRequestSchema handler" time="0">
      <skipped/>
    </testcase>
    <testcase classname="MCP Server Initialization Request Handler Registration should register CallToolRequestSchema handler" name="MCP Server Initialization Request Handler Registration should register CallToolRequestSchema handler" time="0">
      <skipped/>
    </testcase>
    <testcase classname="MCP Server Initialization Request Handler Registration should handle ListTools request correctly" name="MCP Server Initialization Request Handler Registration should handle ListTools request correctly" time="0">
      <skipped/>
    </testcase>
    <testcase classname="MCP Server Initialization Error Handling should set error handler" name="MCP Server Initialization Error Handling should set error handler" time="0">
      <skipped/>
    </testcase>
    <testcase classname="MCP Server Initialization Error Handling should handle server errors gracefully" name="MCP Server Initialization Error Handling should handle server errors gracefully" time="0">
      <skipped/>
    </testcase>
    <testcase classname="MCP Server Initialization Error Handling should handle transport close events" name="MCP Server Initialization Error Handling should handle transport close events" time="0">
      <skipped/>
    </testcase>
    <testcase classname="MCP Server Initialization Server Lifecycle should start transport on connection" name="MCP Server Initialization Server Lifecycle should start transport on connection" time="0">
      <skipped/>
    </testcase>
    <testcase classname="MCP Server Initialization Server Lifecycle should handle initialization errors" name="MCP Server Initialization Server Lifecycle should handle initialization errors" time="0">
      <skipped/>
    </testcase>
    <testcase classname="MCP Server Initialization Server Lifecycle should handle transport errors" name="MCP Server Initialization Server Lifecycle should handle transport errors" time="0">
      <skipped/>
    </testcase>
    <testcase classname="MCP Server Initialization Server Lifecycle should provide server instance" name="MCP Server Initialization Server Lifecycle should provide server instance" time="0">
      <skipped/>
    </testcase>
    <testcase classname="MCP Server Initialization Tool Registration should register all Akamai tools" name="MCP Server Initialization Tool Registration should register all Akamai tools" time="0">
      <skipped/>
    </testcase>
    <testcase classname="MCP Server Initialization Tool Registration should provide valid input schemas for all tools" name="MCP Server Initialization Tool Registration should provide valid input schemas for all tools" time="0">
      <skipped/>
    </testcase>
    <testcase classname="MCP Server Initialization Customer Parameter Handling should default to &quot;default&quot; customer when not specified" name="MCP Server Initialization Customer Parameter Handling should default to &quot;default&quot; customer when not specified" time="0">
      <skipped/>
    </testcase>
    <testcase classname="MCP Server Initialization Customer Parameter Handling should use specified customer parameter" name="MCP Server Initialization Customer Parameter Handling should use specified customer parameter" time="0">
      <skipped/>
    </testcase>
  </testsuite>
  <testsuite name="SecurityMiddleware" errors="0" failures="2" skipped="0" timestamp="2025-06-30T09:17:16" time="2.257" tests="14">
    <testcase classname="SecurityMiddleware Rate Limiting should allow requests within rate limit" name="SecurityMiddleware Rate Limiting should allow requests within rate limit" time="0.001">
    </testcase>
    <testcase classname="SecurityMiddleware Rate Limiting should block requests exceeding rate limit" name="SecurityMiddleware Rate Limiting should block requests exceeding rate limit" time="0.001">
    </testcase>
    <testcase classname="SecurityMiddleware Rate Limiting should use token-based rate limiting when authorization header present" name="SecurityMiddleware Rate Limiting should use token-based rate limiting when authorization header present" time="0">
      <failure>TypeError: Cannot set property remoteAddress of [object Object] which has only a getter
    at Object.&lt;anonymous&gt; (/Users/acedergr/Projects/alecs-mcp-server-akamai/__tests__/unit/middleware/security.test.ts:78:44)</failure>
    </testcase>
    <testcase classname="SecurityMiddleware Rate Limiting should reset rate limit after window expires" name="SecurityMiddleware Rate Limiting should reset rate limit after window expires" time="1.108">
    </testcase>
    <testcase classname="SecurityMiddleware Security Headers should apply all default security headers" name="SecurityMiddleware Security Headers should apply all default security headers" time="0.001">
    </testcase>
    <testcase classname="SecurityMiddleware Security Headers should apply custom security headers" name="SecurityMiddleware Security Headers should apply custom security headers" time="0">
    </testcase>
    <testcase classname="SecurityMiddleware Security Event Logging should log rate limit exceeded events" name="SecurityMiddleware Security Event Logging should log rate limit exceeded events" time="0">
    </testcase>
    <testcase classname="SecurityMiddleware Security Event Logging should log authentication events" name="SecurityMiddleware Security Event Logging should log authentication events" time="0">
    </testcase>
    <testcase classname="SecurityMiddleware Security Event Logging should filter security events by type and date" name="SecurityMiddleware Security Event Logging should filter security events by type and date" time="0">
    </testcase>
    <testcase classname="SecurityMiddleware IP Address Detection should detect IP from x-forwarded-for header" name="SecurityMiddleware IP Address Detection should detect IP from x-forwarded-for header" time="0">
    </testcase>
    <testcase classname="SecurityMiddleware IP Address Detection should detect IP from x-real-ip header" name="SecurityMiddleware IP Address Detection should detect IP from x-real-ip header" time="0">
    </testcase>
    <testcase classname="SecurityMiddleware IP Address Detection should fallback to socket remote address" name="SecurityMiddleware IP Address Detection should fallback to socket remote address" time="0">
      <failure>TypeError: Cannot set property remoteAddress of [object Object] which has only a getter
    at Object.&lt;anonymous&gt; (/Users/acedergr/Projects/alecs-mcp-server-akamai/__tests__/unit/middleware/security.test.ts:251:44)
    at Promise.finally.completed (/Users/acedergr/Projects/alecs-mcp-server-akamai/node_modules/jest-circus/build/jestAdapterInit.js:1559:28)
    at new Promise (&lt;anonymous&gt;)
    at callAsyncCircusFn (/Users/acedergr/Projects/alecs-mcp-server-akamai/node_modules/jest-circus/build/jestAdapterInit.js:1499:10)
    at _callCircusTest (/Users/acedergr/Projects/alecs-mcp-server-akamai/node_modules/jest-circus/build/jestAdapterInit.js:1009:40)
    at _runTest (/Users/acedergr/Projects/alecs-mcp-server-akamai/node_modules/jest-circus/build/jestAdapterInit.js:949:3)
    at _runTestsForDescribeBlock (/Users/acedergr/Projects/alecs-mcp-server-akamai/node_modules/jest-circus/build/jestAdapterInit.js:839:13)
    at _runTestsForDescribeBlock (/Users/acedergr/Projects/alecs-mcp-server-akamai/node_modules/jest-circus/build/jestAdapterInit.js:829:11)
    at _runTestsForDescribeBlock (/Users/acedergr/Projects/alecs-mcp-server-akamai/node_modules/jest-circus/build/jestAdapterInit.js:829:11)
    at run (/Users/acedergr/Projects/alecs-mcp-server-akamai/node_modules/jest-circus/build/jestAdapterInit.js:757:3)
    at runAndTransformResultsToJestFormat (/Users/acedergr/Projects/alecs-mcp-server-akamai/node_modules/jest-circus/build/jestAdapterInit.js:1920:21)
    at jestAdapter (/Users/acedergr/Projects/alecs-mcp-server-akamai/node_modules/jest-circus/build/runner.js:101:19)
    at runTestInternal (/Users/acedergr/Projects/alecs-mcp-server-akamai/node_modules/jest-runner/build/index.js:272:16)
    at runTest (/Users/acedergr/Projects/alecs-mcp-server-akamai/node_modules/jest-runner/build/index.js:340:7)</failure>
    </testcase>
    <testcase classname="SecurityMiddleware Cleanup and Memory Management should cleanup expired rate limit records" name="SecurityMiddleware Cleanup and Memory Management should cleanup expired rate limit records" time="1.101">
    </testcase>
    <testcase classname="SecurityMiddleware Cleanup and Memory Management should limit security event storage" name="SecurityMiddleware Cleanup and Memory Management should limit security event storage" time="0.012">
    </testcase>
  </testsuite>
  <testsuite name="JSON Format Backward Compatibility" errors="0" failures="5" skipped="0" timestamp="2025-06-30T09:17:19" time="0.103" tests="9">
    <testcase classname="JSON Format Backward Compatibility createPropertyVersion should return text format by default (backward compatibility)" name="JSON Format Backward Compatibility createPropertyVersion should return text format by default (backward compatibility)" time="0.001">
    </testcase>
    <testcase classname="JSON Format Backward Compatibility createPropertyVersion should return text format when explicitly requested" name="JSON Format Backward Compatibility createPropertyVersion should return text format when explicitly requested" time="0.001">
    </testcase>
    <testcase classname="JSON Format Backward Compatibility createPropertyVersion should return JSON format when requested" name="JSON Format Backward Compatibility createPropertyVersion should return JSON format when requested" time="0">
      <failure>Error: expect(received).toBeGreaterThan(expected)

Expected: &gt; 0
Received:   0
    at Object.&lt;anonymous&gt; (/Users/acedergr/Projects/alecs-mcp-server-akamai/__tests__/unit/json-format-compatibility.test.ts:100:51)</failure>
    </testcase>
    <testcase classname="JSON Format Backward Compatibility activateProperty should return text format by default" name="JSON Format Backward Compatibility activateProperty should return text format by default" time="0.001">
      <failure>Error: expect(received).toContain(expected) // indexOf

Expected substring: &quot;Property: test-property&quot;
Received string:    &quot;# [ACTIVATION STARTED] atv_67890
**Property:** test-property (prp_12345)
**Version:** v2
**Network:** STAGING
**Status:** PENDING
## Progress Tracking
Use the progress token to monitor: progress_eb24b0477bea0869f0aeae01315ea032
## Estimated Time
- **STAGING:** 5-10 minutes
## Next Steps
1. Check status: `Get activation status for property prp_12345 activation atv_67890`
2. View all activations: `List property activations for prp_12345`
*Activation is processing in the background. You&apos;ll be notified when complete.*&quot;
    at Object.&lt;anonymous&gt; (/Users/acedergr/Projects/alecs-mcp-server-akamai/__tests__/unit/json-format-compatibility.test.ts:136:20)</failure>
    </testcase>
    <testcase classname="JSON Format Backward Compatibility activateProperty should return JSON format when requested" name="JSON Format Backward Compatibility activateProperty should return JSON format when requested" time="0">
      <failure>Error: expect(received).toBe(expected) // Object.is equality

Expected: &quot;prp_12345&quot;
Received: undefined
    at Object.&lt;anonymous&gt; (/Users/acedergr/Projects/alecs-mcp-server-akamai/__tests__/unit/json-format-compatibility.test.ts:151:44)</failure>
    </testcase>
    <testcase classname="JSON Format Backward Compatibility listPropertyActivations should return text format by default with JSON data" name="JSON Format Backward Compatibility listPropertyActivations should return text format by default with JSON data" time="0">
      <failure>SyntaxError: Unexpected token &apos;#&apos;, &quot;# Property&quot;... is not valid JSON
    at JSON.parse (&lt;anonymous&gt;)
    at Object.&lt;anonymous&gt; (/Users/acedergr/Projects/alecs-mcp-server-akamai/__tests__/unit/json-format-compatibility.test.ts:203:25)</failure>
    </testcase>
    <testcase classname="JSON Format Backward Compatibility listPropertyActivations should return enhanced JSON format when requested" name="JSON Format Backward Compatibility listPropertyActivations should return enhanced JSON format when requested" time="0">
    </testcase>
    <testcase classname="JSON Format Backward Compatibility listPropertyActivations should handle empty results correctly in both formats" name="JSON Format Backward Compatibility listPropertyActivations should handle empty results correctly in both formats" time="0">
      <failure>TypeError: Cannot read properties of undefined (reading &apos;activations&apos;)
    at Object.&lt;anonymous&gt; (/Users/acedergr/Projects/alecs-mcp-server-akamai/__tests__/unit/json-format-compatibility.test.ts:266:28)</failure>
    </testcase>
    <testcase classname="JSON Format Backward Compatibility Format parameter validation should handle invalid format parameter gracefully" name="JSON Format Backward Compatibility Format parameter validation should handle invalid format parameter gracefully" time="0">
    </testcase>
  </testsuite>
  <testsuite name="FastPurge Service - CODE KAI Tests" errors="0" failures="9" skipped="0" timestamp="2025-06-30T09:17:19" time="20.065" tests="15">
    <testcase classname="FastPurge Service - CODE KAI Tests Runtime Type Validation should validate valid PurgeResponse correctly" name="FastPurge Service - CODE KAI Tests Runtime Type Validation should validate valid PurgeResponse correctly" time="0.001">
    </testcase>
    <testcase classname="FastPurge Service - CODE KAI Tests Runtime Type Validation should reject invalid PurgeResponse" name="FastPurge Service - CODE KAI Tests Runtime Type Validation should reject invalid PurgeResponse" time="0">
    </testcase>
    <testcase classname="FastPurge Service - CODE KAI Tests Runtime Type Validation should validate valid PurgeStatusResponse correctly" name="FastPurge Service - CODE KAI Tests Runtime Type Validation should validate valid PurgeStatusResponse correctly" time="0.001">
    </testcase>
    <testcase classname="FastPurge Service - CODE KAI Tests Runtime Type Validation should reject invalid PurgeStatusResponse" name="FastPurge Service - CODE KAI Tests Runtime Type Validation should reject invalid PurgeStatusResponse" time="0">
    </testcase>
    <testcase classname="FastPurge Service - CODE KAI Tests Runtime Type Validation should create FastPurgeValidationError with proper context" name="FastPurge Service - CODE KAI Tests Runtime Type Validation should create FastPurgeValidationError with proper context" time="0">
    </testcase>
    <testcase classname="FastPurge Service - CODE KAI Tests URL Validation should validate correct URLs" name="FastPurge Service - CODE KAI Tests URL Validation should validate correct URLs" time="0">
      <failure>TypeError: Cannot read properties of undefined (reading &apos;request&apos;)
    at Object.&lt;anonymous&gt; (/Users/acedergr/Projects/alecs-mcp-server-akamai/__tests__/unit/fastpurge-service.test.ts:129:18)
    at Promise.finally.completed (/Users/acedergr/Projects/alecs-mcp-server-akamai/node_modules/jest-circus/build/jestAdapterInit.js:1559:28)
    at new Promise (&lt;anonymous&gt;)
    at callAsyncCircusFn (/Users/acedergr/Projects/alecs-mcp-server-akamai/node_modules/jest-circus/build/jestAdapterInit.js:1499:10)
    at _callCircusTest (/Users/acedergr/Projects/alecs-mcp-server-akamai/node_modules/jest-circus/build/jestAdapterInit.js:1009:40)
    at _runTest (/Users/acedergr/Projects/alecs-mcp-server-akamai/node_modules/jest-circus/build/jestAdapterInit.js:949:3)
    at _runTestsForDescribeBlock (/Users/acedergr/Projects/alecs-mcp-server-akamai/node_modules/jest-circus/build/jestAdapterInit.js:839:13)
    at _runTestsForDescribeBlock (/Users/acedergr/Projects/alecs-mcp-server-akamai/node_modules/jest-circus/build/jestAdapterInit.js:829:11)
    at _runTestsForDescribeBlock (/Users/acedergr/Projects/alecs-mcp-server-akamai/node_modules/jest-circus/build/jestAdapterInit.js:829:11)
    at run (/Users/acedergr/Projects/alecs-mcp-server-akamai/node_modules/jest-circus/build/jestAdapterInit.js:757:3)
    at runAndTransformResultsToJestFormat (/Users/acedergr/Projects/alecs-mcp-server-akamai/node_modules/jest-circus/build/jestAdapterInit.js:1920:21)
    at jestAdapter (/Users/acedergr/Projects/alecs-mcp-server-akamai/node_modules/jest-circus/build/runner.js:101:19)
    at runTestInternal (/Users/acedergr/Projects/alecs-mcp-server-akamai/node_modules/jest-runner/build/index.js:272:16)
    at runTest (/Users/acedergr/Projects/alecs-mcp-server-akamai/node_modules/jest-runner/build/index.js:340:7)</failure>
    </testcase>
    <testcase classname="FastPurge Service - CODE KAI Tests URL Validation should reject invalid URLs" name="FastPurge Service - CODE KAI Tests URL Validation should reject invalid URLs" time="10.001">
      <failure>Error: thrown: &quot;Exceeded timeout of 10000 ms for a test.
Add a timeout value to this test to increase the timeout, if this is a long-running test. See https://jestjs.io/docs/api#testname-fn-timeout.&quot;
    at /Users/acedergr/Projects/alecs-mcp-server-akamai/__tests__/unit/fastpurge-service.test.ts:145:7
    at _dispatchDescribe (/Users/acedergr/Projects/alecs-mcp-server-akamai/node_modules/jest-circus/build/jestAdapterInit.js:604:26)
    at describe (/Users/acedergr/Projects/alecs-mcp-server-akamai/node_modules/jest-circus/build/jestAdapterInit.js:572:44)
    at /Users/acedergr/Projects/alecs-mcp-server-akamai/__tests__/unit/fastpurge-service.test.ts:121:11
    at _dispatchDescribe (/Users/acedergr/Projects/alecs-mcp-server-akamai/node_modules/jest-circus/build/jestAdapterInit.js:604:26)
    at describe (/Users/acedergr/Projects/alecs-mcp-server-akamai/node_modules/jest-circus/build/jestAdapterInit.js:572:44)
    at Object.&lt;anonymous&gt; (/Users/acedergr/Projects/alecs-mcp-server-akamai/__tests__/unit/fastpurge-service.test.ts:40:9)
    at Runtime._execModule (/Users/acedergr/Projects/alecs-mcp-server-akamai/node_modules/jest-runtime/build/index.js:1264:24)
    at Runtime._loadModule (/Users/acedergr/Projects/alecs-mcp-server-akamai/node_modules/jest-runtime/build/index.js:940:12)
    at Runtime.requireModule (/Users/acedergr/Projects/alecs-mcp-server-akamai/node_modules/jest-runtime/build/index.js:828:12)
    at jestAdapter (/Users/acedergr/Projects/alecs-mcp-server-akamai/node_modules/jest-circus/build/runner.js:95:13)
    at runTestInternal (/Users/acedergr/Projects/alecs-mcp-server-akamai/node_modules/jest-runner/build/index.js:272:16)
    at runTest (/Users/acedergr/Projects/alecs-mcp-server-akamai/node_modules/jest-runner/build/index.js:340:7)</failure>
    </testcase>
    <testcase classname="FastPurge Service - CODE KAI Tests Network Validation should accept valid networks" name="FastPurge Service - CODE KAI Tests Network Validation should accept valid networks" time="0.001">
      <failure>TypeError: Cannot read properties of undefined (reading &apos;request&apos;)
    at Object.&lt;anonymous&gt; (/Users/acedergr/Projects/alecs-mcp-server-akamai/__tests__/unit/fastpurge-service.test.ts:161:18)
    at Promise.finally.completed (/Users/acedergr/Projects/alecs-mcp-server-akamai/node_modules/jest-circus/build/jestAdapterInit.js:1559:28)
    at new Promise (&lt;anonymous&gt;)
    at callAsyncCircusFn (/Users/acedergr/Projects/alecs-mcp-server-akamai/node_modules/jest-circus/build/jestAdapterInit.js:1499:10)
    at _callCircusTest (/Users/acedergr/Projects/alecs-mcp-server-akamai/node_modules/jest-circus/build/jestAdapterInit.js:1009:40)
    at _runTest (/Users/acedergr/Projects/alecs-mcp-server-akamai/node_modules/jest-circus/build/jestAdapterInit.js:949:3)
    at _runTestsForDescribeBlock (/Users/acedergr/Projects/alecs-mcp-server-akamai/node_modules/jest-circus/build/jestAdapterInit.js:839:13)
    at _runTestsForDescribeBlock (/Users/acedergr/Projects/alecs-mcp-server-akamai/node_modules/jest-circus/build/jestAdapterInit.js:829:11)
    at _runTestsForDescribeBlock (/Users/acedergr/Projects/alecs-mcp-server-akamai/node_modules/jest-circus/build/jestAdapterInit.js:829:11)
    at run (/Users/acedergr/Projects/alecs-mcp-server-akamai/node_modules/jest-circus/build/jestAdapterInit.js:757:3)
    at runAndTransformResultsToJestFormat (/Users/acedergr/Projects/alecs-mcp-server-akamai/node_modules/jest-circus/build/jestAdapterInit.js:1920:21)
    at jestAdapter (/Users/acedergr/Projects/alecs-mcp-server-akamai/node_modules/jest-circus/build/runner.js:101:19)
    at runTestInternal (/Users/acedergr/Projects/alecs-mcp-server-akamai/node_modules/jest-runner/build/index.js:272:16)
    at runTest (/Users/acedergr/Projects/alecs-mcp-server-akamai/node_modules/jest-runner/build/index.js:340:7)</failure>
    </testcase>
    <testcase classname="FastPurge Service - CODE KAI Tests Network Validation should reject invalid networks" name="FastPurge Service - CODE KAI Tests Network Validation should reject invalid networks" time="0.005">
    </testcase>
    <testcase classname="FastPurge Service - CODE KAI Tests Rate Limiting should respect rate limits" name="FastPurge Service - CODE KAI Tests Rate Limiting should respect rate limits" time="10.002">
      <failure>Error: thrown: &quot;Exceeded timeout of 10000 ms for a test.
Add a timeout value to this test to increase the timeout, if this is a long-running test. See https://jestjs.io/docs/api#testname-fn-timeout.&quot;
    at /Users/acedergr/Projects/alecs-mcp-server-akamai/__tests__/unit/fastpurge-service.test.ts:193:7
    at _dispatchDescribe (/Users/acedergr/Projects/alecs-mcp-server-akamai/node_modules/jest-circus/build/jestAdapterInit.js:604:26)
    at describe (/Users/acedergr/Projects/alecs-mcp-server-akamai/node_modules/jest-circus/build/jestAdapterInit.js:572:44)
    at /Users/acedergr/Projects/alecs-mcp-server-akamai/__tests__/unit/fastpurge-service.test.ts:192:11
    at _dispatchDescribe (/Users/acedergr/Projects/alecs-mcp-server-akamai/node_modules/jest-circus/build/jestAdapterInit.js:604:26)
    at describe (/Users/acedergr/Projects/alecs-mcp-server-akamai/node_modules/jest-circus/build/jestAdapterInit.js:572:44)
    at Object.&lt;anonymous&gt; (/Users/acedergr/Projects/alecs-mcp-server-akamai/__tests__/unit/fastpurge-service.test.ts:40:9)
    at Runtime._execModule (/Users/acedergr/Projects/alecs-mcp-server-akamai/node_modules/jest-runtime/build/index.js:1264:24)
    at Runtime._loadModule (/Users/acedergr/Projects/alecs-mcp-server-akamai/node_modules/jest-runtime/build/index.js:940:12)
    at Runtime.requireModule (/Users/acedergr/Projects/alecs-mcp-server-akamai/node_modules/jest-runtime/build/index.js:828:12)
    at jestAdapter (/Users/acedergr/Projects/alecs-mcp-server-akamai/node_modules/jest-circus/build/runner.js:95:13)
    at runTestInternal (/Users/acedergr/Projects/alecs-mcp-server-akamai/node_modules/jest-runner/build/index.js:272:16)
    at runTest (/Users/acedergr/Projects/alecs-mcp-server-akamai/node_modules/jest-runner/build/index.js:340:7)</failure>
    </testcase>
    <testcase classname="FastPurge Service - CODE KAI Tests Batch Size Calculation should handle large URL lists with intelligent batching" name="FastPurge Service - CODE KAI Tests Batch Size Calculation should handle large URL lists with intelligent batching" time="0">
      <failure>TypeError: Cannot read properties of undefined (reading &apos;request&apos;)
    at Object.&lt;anonymous&gt; (/Users/acedergr/Projects/alecs-mcp-server-akamai/__tests__/unit/fastpurge-service.test.ts:217:18)
    at Promise.finally.completed (/Users/acedergr/Projects/alecs-mcp-server-akamai/node_modules/jest-circus/build/jestAdapterInit.js:1559:28)
    at new Promise (&lt;anonymous&gt;)
    at callAsyncCircusFn (/Users/acedergr/Projects/alecs-mcp-server-akamai/node_modules/jest-circus/build/jestAdapterInit.js:1499:10)
    at _callCircusTest (/Users/acedergr/Projects/alecs-mcp-server-akamai/node_modules/jest-circus/build/jestAdapterInit.js:1009:40)
    at _runTest (/Users/acedergr/Projects/alecs-mcp-server-akamai/node_modules/jest-circus/build/jestAdapterInit.js:949:3)
    at _runTestsForDescribeBlock (/Users/acedergr/Projects/alecs-mcp-server-akamai/node_modules/jest-circus/build/jestAdapterInit.js:839:13)
    at _runTestsForDescribeBlock (/Users/acedergr/Projects/alecs-mcp-server-akamai/node_modules/jest-circus/build/jestAdapterInit.js:829:11)
    at _runTestsForDescribeBlock (/Users/acedergr/Projects/alecs-mcp-server-akamai/node_modules/jest-circus/build/jestAdapterInit.js:829:11)
    at run (/Users/acedergr/Projects/alecs-mcp-server-akamai/node_modules/jest-circus/build/jestAdapterInit.js:757:3)
    at runAndTransformResultsToJestFormat (/Users/acedergr/Projects/alecs-mcp-server-akamai/node_modules/jest-circus/build/jestAdapterInit.js:1920:21)
    at jestAdapter (/Users/acedergr/Projects/alecs-mcp-server-akamai/node_modules/jest-circus/build/runner.js:101:19)
    at runTestInternal (/Users/acedergr/Projects/alecs-mcp-server-akamai/node_modules/jest-runner/build/index.js:272:16)
    at runTest (/Users/acedergr/Projects/alecs-mcp-server-akamai/node_modules/jest-runner/build/index.js:340:7)</failure>
    </testcase>
    <testcase classname="FastPurge Service - CODE KAI Tests Error Handling should handle API errors gracefully" name="FastPurge Service - CODE KAI Tests Error Handling should handle API errors gracefully" time="0">
      <failure>TypeError: Cannot read properties of undefined (reading &apos;request&apos;)
    at Object.&lt;anonymous&gt; (/Users/acedergr/Projects/alecs-mcp-server-akamai/__tests__/unit/fastpurge-service.test.ts:251:18)
    at Promise.finally.completed (/Users/acedergr/Projects/alecs-mcp-server-akamai/node_modules/jest-circus/build/jestAdapterInit.js:1559:28)
    at new Promise (&lt;anonymous&gt;)
    at callAsyncCircusFn (/Users/acedergr/Projects/alecs-mcp-server-akamai/node_modules/jest-circus/build/jestAdapterInit.js:1499:10)
    at _callCircusTest (/Users/acedergr/Projects/alecs-mcp-server-akamai/node_modules/jest-circus/build/jestAdapterInit.js:1009:40)
    at _runTest (/Users/acedergr/Projects/alecs-mcp-server-akamai/node_modules/jest-circus/build/jestAdapterInit.js:949:3)
    at _runTestsForDescribeBlock (/Users/acedergr/Projects/alecs-mcp-server-akamai/node_modules/jest-circus/build/jestAdapterInit.js:839:13)
    at _runTestsForDescribeBlock (/Users/acedergr/Projects/alecs-mcp-server-akamai/node_modules/jest-circus/build/jestAdapterInit.js:829:11)
    at _runTestsForDescribeBlock (/Users/acedergr/Projects/alecs-mcp-server-akamai/node_modules/jest-circus/build/jestAdapterInit.js:829:11)
    at run (/Users/acedergr/Projects/alecs-mcp-server-akamai/node_modules/jest-circus/build/jestAdapterInit.js:757:3)
    at runAndTransformResultsToJestFormat (/Users/acedergr/Projects/alecs-mcp-server-akamai/node_modules/jest-circus/build/jestAdapterInit.js:1920:21)
    at jestAdapter (/Users/acedergr/Projects/alecs-mcp-server-akamai/node_modules/jest-circus/build/runner.js:101:19)
    at runTestInternal (/Users/acedergr/Projects/alecs-mcp-server-akamai/node_modules/jest-runner/build/index.js:272:16)
    at runTest (/Users/acedergr/Projects/alecs-mcp-server-akamai/node_modules/jest-runner/build/index.js:340:7)</failure>
    </testcase>
    <testcase classname="FastPurge Service - CODE KAI Tests Error Handling should handle rate limit responses" name="FastPurge Service - CODE KAI Tests Error Handling should handle rate limit responses" time="0">
      <failure>TypeError: Cannot read properties of undefined (reading &apos;request&apos;)
    at Object.&lt;anonymous&gt; (/Users/acedergr/Projects/alecs-mcp-server-akamai/__tests__/unit/fastpurge-service.test.ts:269:18)
    at Promise.finally.completed (/Users/acedergr/Projects/alecs-mcp-server-akamai/node_modules/jest-circus/build/jestAdapterInit.js:1559:28)
    at new Promise (&lt;anonymous&gt;)
    at callAsyncCircusFn (/Users/acedergr/Projects/alecs-mcp-server-akamai/node_modules/jest-circus/build/jestAdapterInit.js:1499:10)
    at _callCircusTest (/Users/acedergr/Projects/alecs-mcp-server-akamai/node_modules/jest-circus/build/jestAdapterInit.js:1009:40)
    at _runTest (/Users/acedergr/Projects/alecs-mcp-server-akamai/node_modules/jest-circus/build/jestAdapterInit.js:949:3)
    at _runTestsForDescribeBlock (/Users/acedergr/Projects/alecs-mcp-server-akamai/node_modules/jest-circus/build/jestAdapterInit.js:839:13)
    at _runTestsForDescribeBlock (/Users/acedergr/Projects/alecs-mcp-server-akamai/node_modules/jest-circus/build/jestAdapterInit.js:829:11)
    at _runTestsForDescribeBlock (/Users/acedergr/Projects/alecs-mcp-server-akamai/node_modules/jest-circus/build/jestAdapterInit.js:829:11)
    at run (/Users/acedergr/Projects/alecs-mcp-server-akamai/node_modules/jest-circus/build/jestAdapterInit.js:757:3)
    at runAndTransformResultsToJestFormat (/Users/acedergr/Projects/alecs-mcp-server-akamai/node_modules/jest-circus/build/jestAdapterInit.js:1920:21)
    at jestAdapter (/Users/acedergr/Projects/alecs-mcp-server-akamai/node_modules/jest-circus/build/runner.js:101:19)
    at runTestInternal (/Users/acedergr/Projects/alecs-mcp-server-akamai/node_modules/jest-runner/build/index.js:272:16)
    at runTest (/Users/acedergr/Projects/alecs-mcp-server-akamai/node_modules/jest-runner/build/index.js:340:7)</failure>
    </testcase>
    <testcase classname="FastPurge Service - CODE KAI Tests Response Validation should validate API responses at runtime" name="FastPurge Service - CODE KAI Tests Response Validation should validate API responses at runtime" time="0">
      <failure>TypeError: Cannot read properties of undefined (reading &apos;request&apos;)
    at Object.&lt;anonymous&gt; (/Users/acedergr/Projects/alecs-mcp-server-akamai/__tests__/unit/fastpurge-service.test.ts:282:18)
    at Promise.finally.completed (/Users/acedergr/Projects/alecs-mcp-server-akamai/node_modules/jest-circus/build/jestAdapterInit.js:1559:28)
    at new Promise (&lt;anonymous&gt;)
    at callAsyncCircusFn (/Users/acedergr/Projects/alecs-mcp-server-akamai/node_modules/jest-circus/build/jestAdapterInit.js:1499:10)
    at _callCircusTest (/Users/acedergr/Projects/alecs-mcp-server-akamai/node_modules/jest-circus/build/jestAdapterInit.js:1009:40)
    at _runTest (/Users/acedergr/Projects/alecs-mcp-server-akamai/node_modules/jest-circus/build/jestAdapterInit.js:949:3)
    at _runTestsForDescribeBlock (/Users/acedergr/Projects/alecs-mcp-server-akamai/node_modules/jest-circus/build/jestAdapterInit.js:839:13)
    at _runTestsForDescribeBlock (/Users/acedergr/Projects/alecs-mcp-server-akamai/node_modules/jest-circus/build/jestAdapterInit.js:829:11)
    at _runTestsForDescribeBlock (/Users/acedergr/Projects/alecs-mcp-server-akamai/node_modules/jest-circus/build/jestAdapterInit.js:829:11)
    at run (/Users/acedergr/Projects/alecs-mcp-server-akamai/node_modules/jest-circus/build/jestAdapterInit.js:757:3)
    at runAndTransformResultsToJestFormat (/Users/acedergr/Projects/alecs-mcp-server-akamai/node_modules/jest-circus/build/jestAdapterInit.js:1920:21)
    at jestAdapter (/Users/acedergr/Projects/alecs-mcp-server-akamai/node_modules/jest-circus/build/runner.js:101:19)
    at runTestInternal (/Users/acedergr/Projects/alecs-mcp-server-akamai/node_modules/jest-runner/build/index.js:272:16)
    at runTest (/Users/acedergr/Projects/alecs-mcp-server-akamai/node_modules/jest-runner/build/index.js:340:7)</failure>
    </testcase>
    <testcase classname="FastPurge Service - CODE KAI Tests Response Validation should process valid API responses correctly" name="FastPurge Service - CODE KAI Tests Response Validation should process valid API responses correctly" time="0">
      <failure>TypeError: Cannot read properties of undefined (reading &apos;request&apos;)
    at Object.&lt;anonymous&gt; (/Users/acedergr/Projects/alecs-mcp-server-akamai/__tests__/unit/fastpurge-service.test.ts:298:18)
    at Promise.finally.completed (/Users/acedergr/Projects/alecs-mcp-server-akamai/node_modules/jest-circus/build/jestAdapterInit.js:1559:28)
    at new Promise (&lt;anonymous&gt;)
    at callAsyncCircusFn (/Users/acedergr/Projects/alecs-mcp-server-akamai/node_modules/jest-circus/build/jestAdapterInit.js:1499:10)
    at _callCircusTest (/Users/acedergr/Projects/alecs-mcp-server-akamai/node_modules/jest-circus/build/jestAdapterInit.js:1009:40)
    at _runTest (/Users/acedergr/Projects/alecs-mcp-server-akamai/node_modules/jest-circus/build/jestAdapterInit.js:949:3)
    at _runTestsForDescribeBlock (/Users/acedergr/Projects/alecs-mcp-server-akamai/node_modules/jest-circus/build/jestAdapterInit.js:839:13)
    at _runTestsForDescribeBlock (/Users/acedergr/Projects/alecs-mcp-server-akamai/node_modules/jest-circus/build/jestAdapterInit.js:829:11)
    at _runTestsForDescribeBlock (/Users/acedergr/Projects/alecs-mcp-server-akamai/node_modules/jest-circus/build/jestAdapterInit.js:829:11)
    at run (/Users/acedergr/Projects/alecs-mcp-server-akamai/node_modules/jest-circus/build/jestAdapterInit.js:757:3)
    at runAndTransformResultsToJestFormat (/Users/acedergr/Projects/alecs-mcp-server-akamai/node_modules/jest-circus/build/jestAdapterInit.js:1920:21)
    at jestAdapter (/Users/acedergr/Projects/alecs-mcp-server-akamai/node_modules/jest-circus/build/runner.js:101:19)
    at runTestInternal (/Users/acedergr/Projects/alecs-mcp-server-akamai/node_modules/jest-runner/build/index.js:272:16)
    at runTest (/Users/acedergr/Projects/alecs-mcp-server-akamai/node_modules/jest-runner/build/index.js:340:7)</failure>
    </testcase>
  </testsuite>
  <testsuite name="Reporting Tools - Simple Tests" errors="0" failures="0" skipped="0" timestamp="2025-06-30T09:17:39" time="0.064" tests="14">
    <testcase classname="Reporting Tools - Simple Tests Tool Definitions should have all required reporting tools defined" name="Reporting Tools - Simple Tests Tool Definitions should have all required reporting tools defined" time="0.005">
    </testcase>
    <testcase classname="Reporting Tools - Simple Tests Tool Definitions should have proper input schemas for all tools" name="Reporting Tools - Simple Tests Tool Definitions should have proper input schemas for all tools" time="0.001">
    </testcase>
    <testcase classname="Reporting Tools - Simple Tests Tool Definitions should have required period parameter for time-based tools" name="Reporting Tools - Simple Tests Tool Definitions should have required period parameter for time-based tools" time="0.001">
    </testcase>
    <testcase classname="Reporting Tools - Simple Tests Tool Definitions should have customer parameter for all tools" name="Reporting Tools - Simple Tests Tool Definitions should have customer parameter for all tools" time="0.001">
    </testcase>
    <testcase classname="Reporting Tools - Simple Tests Tool Definitions should have handlers for core tools" name="Reporting Tools - Simple Tests Tool Definitions should have handlers for core tools" time="0.001">
    </testcase>
    <testcase classname="Reporting Tools - Simple Tests Tool Definitions should have proper schema validation for traffic summary tool" name="Reporting Tools - Simple Tests Tool Definitions should have proper schema validation for traffic summary tool" time="0.001">
    </testcase>
    <testcase classname="Reporting Tools - Simple Tests Tool Definitions should have proper schema validation for dashboard creation tool" name="Reporting Tools - Simple Tests Tool Definitions should have proper schema validation for dashboard creation tool" time="0">
    </testcase>
    <testcase classname="Reporting Tools - Simple Tests Tool Definitions should have proper schema validation for alert configuration tool" name="Reporting Tools - Simple Tests Tool Definitions should have proper schema validation for alert configuration tool" time="0">
    </testcase>
    <testcase classname="Reporting Tools - Simple Tests Tool Definitions should have export tool with format validation" name="Reporting Tools - Simple Tests Tool Definitions should have export tool with format validation" time="0">
    </testcase>
    <testcase classname="Reporting Tools - Simple Tests Service Integration should have all necessary imports" name="Reporting Tools - Simple Tests Service Integration should have all necessary imports" time="0.001">
    </testcase>
    <testcase classname="Reporting Tools - Simple Tests Service Integration should have consistent tool naming convention" name="Reporting Tools - Simple Tests Service Integration should have consistent tool naming convention" time="0.001">
    </testcase>
    <testcase classname="Reporting Tools - Simple Tests Service Integration should have meaningful descriptions" name="Reporting Tools - Simple Tests Service Integration should have meaningful descriptions" time="0.001">
    </testcase>
    <testcase classname="Reporting Tools - Simple Tests Service Integration should have analytics tools for different categories" name="Reporting Tools - Simple Tests Service Integration should have analytics tools for different categories" time="0.001">
    </testcase>
    <testcase classname="Reporting Tools - Simple Tests Error Handling should have default handlers for unimplemented tools" name="Reporting Tools - Simple Tests Error Handling should have default handlers for unimplemented tools" time="0.001">
    </testcase>
  </testsuite>
  <testsuite name="Network Lists - Geographic and ASN Tools" errors="0" failures="0" skipped="0" timestamp="2025-06-30T09:17:39" time="0.039" tests="17">
    <testcase classname="Network Lists - Geographic and ASN Tools listCommonGeographicCodes should return common geographic codes" name="Network Lists - Geographic and ASN Tools listCommonGeographicCodes should return common geographic codes" time="0.001">
    </testcase>
    <testcase classname="Network Lists - Geographic and ASN Tools validateGeographicCodes should validate valid geographic codes" name="Network Lists - Geographic and ASN Tools validateGeographicCodes should validate valid geographic codes" time="0">
    </testcase>
    <testcase classname="Network Lists - Geographic and ASN Tools validateGeographicCodes should identify invalid geographic codes" name="Network Lists - Geographic and ASN Tools validateGeographicCodes should identify invalid geographic codes" time="0">
    </testcase>
    <testcase classname="Network Lists - Geographic and ASN Tools validateGeographicCodes should handle mixed valid and invalid codes" name="Network Lists - Geographic and ASN Tools validateGeographicCodes should handle mixed valid and invalid codes" time="0">
    </testcase>
    <testcase classname="Network Lists - Geographic and ASN Tools getASNInformation should provide information for known ASNs" name="Network Lists - Geographic and ASN Tools getASNInformation should provide information for known ASNs" time="0">
    </testcase>
    <testcase classname="Network Lists - Geographic and ASN Tools getASNInformation should handle unknown ASNs" name="Network Lists - Geographic and ASN Tools getASNInformation should handle unknown ASNs" time="0">
    </testcase>
    <testcase classname="Network Lists - Geographic and ASN Tools getASNInformation should identify invalid ASN formats" name="Network Lists - Geographic and ASN Tools getASNInformation should identify invalid ASN formats" time="0">
    </testcase>
    <testcase classname="Network Lists - Validation Functions IP Address Validation should validate IPv4 addresses" name="Network Lists - Validation Functions IP Address Validation should validate IPv4 addresses" time="0.001">
    </testcase>
    <testcase classname="Network Lists - Validation Functions IP Address Validation should validate IPv4 CIDR blocks" name="Network Lists - Validation Functions IP Address Validation should validate IPv4 CIDR blocks" time="0">
    </testcase>
    <testcase classname="Network Lists - Validation Functions IP Address Validation should reject invalid IPv4 addresses" name="Network Lists - Validation Functions IP Address Validation should reject invalid IPv4 addresses" time="0">
    </testcase>
    <testcase classname="Network Lists - Validation Functions IP Address Validation should validate basic IPv6 addresses" name="Network Lists - Validation Functions IP Address Validation should validate basic IPv6 addresses" time="0">
    </testcase>
    <testcase classname="Network Lists - Validation Functions Geographic Code Validation should validate country codes" name="Network Lists - Validation Functions Geographic Code Validation should validate country codes" time="0">
    </testcase>
    <testcase classname="Network Lists - Validation Functions Geographic Code Validation should validate subdivision codes" name="Network Lists - Validation Functions Geographic Code Validation should validate subdivision codes" time="0.001">
    </testcase>
    <testcase classname="Network Lists - Validation Functions Geographic Code Validation should reject invalid geographic codes" name="Network Lists - Validation Functions Geographic Code Validation should reject invalid geographic codes" time="0">
    </testcase>
    <testcase classname="Network Lists - Validation Functions ASN Validation should validate ASN numbers" name="Network Lists - Validation Functions ASN Validation should validate ASN numbers" time="0">
    </testcase>
    <testcase classname="Network Lists - Validation Functions ASN Validation should validate ASN numbers with AS prefix" name="Network Lists - Validation Functions ASN Validation should validate ASN numbers with AS prefix" time="0">
    </testcase>
    <testcase classname="Network Lists - Validation Functions ASN Validation should reject invalid ASN formats" name="Network Lists - Validation Functions ASN Validation should reject invalid ASN formats" time="0">
    </testcase>
  </testsuite>
  <testsuite name="Property Tools" errors="0" failures="7" skipped="0" timestamp="2025-06-30T09:17:39" time="0.144" tests="9">
    <testcase classname="Property Tools listGroups should list all groups when no search term provided" name="Property Tools listGroups should list all groups when no search term provided" time="0.001">
      <failure>Error: expect(received).toContain(expected) // indexOf

Expected substring: &quot;4 groups found&quot;
Received string:    &quot;{
  \&quot;groups\&quot;: {
    \&quot;hierarchy\&quot;: [
      {
        \&quot;groupId\&quot;: \&quot;grp_18385\&quot;,
        \&quot;groupName\&quot;: \&quot;Akamai Technologies - Assets\&quot;,
        \&quot;contractIds\&quot;: [
          \&quot;ctr_1-3CV382\&quot;
        ],
        \&quot;parentGroupId\&quot;: null,
        \&quot;children\&quot;: [
          {
            \&quot;groupId\&quot;: \&quot;grp_18432\&quot;,
            \&quot;groupName\&quot;: \&quot;Pablo and Naveen\&quot;,
            \&quot;contractIds\&quot;: [
              \&quot;ctr_1-3CV382\&quot;
            ],
            \&quot;parentGroupId\&quot;: \&quot;grp_18385\&quot;,
            \&quot;children\&quot;: []
          },
          {
            \&quot;groupId\&quot;: \&quot;grp_12345\&quot;,
            \&quot;groupName\&quot;: \&quot;acedergr-test-group\&quot;,
            \&quot;contractIds\&quot;: [
              \&quot;ctr_1-3CV382\&quot;
            ],
            \&quot;parentGroupId\&quot;: \&quot;grp_18385\&quot;,
            \&quot;children\&quot;: []
          },
          {
            \&quot;groupId\&quot;: \&quot;grp_67890\&quot;,
            \&quot;groupName\&quot;: \&quot;Another Group\&quot;,
            \&quot;contractIds\&quot;: [
              \&quot;ctr_1-3CV382\&quot;
            ],
            \&quot;parentGroupId\&quot;: \&quot;grp_18385\&quot;,
            \&quot;children\&quot;: []
          }
        ]
      }
    ],
    \&quot;flat\&quot;: [
      {
        \&quot;groupId\&quot;: \&quot;grp_18385\&quot;,
        \&quot;groupName\&quot;: \&quot;Akamai Technologies - Assets\&quot;,
        \&quot;contractIds\&quot;: [
          \&quot;ctr_1-3CV382\&quot;
        ],
        \&quot;parentGroupId\&quot;: null
      },
      {
        \&quot;groupId\&quot;: \&quot;grp_18432\&quot;,
        \&quot;groupName\&quot;: \&quot;Pablo and Naveen\&quot;,
        \&quot;contractIds\&quot;: [
          \&quot;ctr_1-3CV382\&quot;
        ],
        \&quot;parentGroupId\&quot;: \&quot;grp_18385\&quot;
      },
      {
        \&quot;groupId\&quot;: \&quot;grp_12345\&quot;,
        \&quot;groupName\&quot;: \&quot;acedergr-test-group\&quot;,
        \&quot;contractIds\&quot;: [
          \&quot;ctr_1-3CV382\&quot;
        ],
        \&quot;parentGroupId\&quot;: \&quot;grp_18385\&quot;
      },
      {
        \&quot;groupId\&quot;: \&quot;grp_67890\&quot;,
        \&quot;groupName\&quot;: \&quot;Another Group\&quot;,
        \&quot;contractIds\&quot;: [
          \&quot;ctr_1-3CV382\&quot;
        ],
        \&quot;parentGroupId\&quot;: \&quot;grp_18385\&quot;
      }
    ]
  },
  \&quot;contracts\&quot;: {
    \&quot;unique\&quot;: [
      \&quot;ctr_1-3CV382\&quot;
    ],
    \&quot;total\&quot;: 1
  },
  \&quot;metadata\&quot;: {
    \&quot;total\&quot;: 4,
    \&quot;filtered\&quot;: 4,
    \&quot;searchTerm\&quot;: null,
    \&quot;topLevelGroups\&quot;: 1,
    \&quot;hasHierarchy\&quot;: true
  }
}&quot;
    at Object.&lt;anonymous&gt; (/Users/acedergr/Projects/alecs-mcp-server-akamai/__tests__/unit/property-tools.test.ts:70:20)</failure>
    </testcase>
    <testcase classname="Property Tools listGroups should filter groups by search term" name="Property Tools listGroups should filter groups by search term" time="0.001">
      <failure>Error: expect(received).toContain(expected) // indexOf

Expected substring: &quot;1 groups matching \&quot;acedergr\&quot;&quot;
Received string:    &quot;{
  \&quot;groups\&quot;: {
    \&quot;hierarchy\&quot;: [],
    \&quot;flat\&quot;: [
      {
        \&quot;groupId\&quot;: \&quot;grp_12345\&quot;,
        \&quot;groupName\&quot;: \&quot;acedergr-test-group\&quot;,
        \&quot;contractIds\&quot;: [
          \&quot;ctr_1-3CV382\&quot;
        ],
        \&quot;parentGroupId\&quot;: \&quot;grp_18385\&quot;
      }
    ]
  },
  \&quot;contracts\&quot;: {
    \&quot;unique\&quot;: [
      \&quot;ctr_1-3CV382\&quot;
    ],
    \&quot;total\&quot;: 1
  },
  \&quot;metadata\&quot;: {
    \&quot;total\&quot;: 4,
    \&quot;filtered\&quot;: 1,
    \&quot;searchTerm\&quot;: \&quot;acedergr\&quot;,
    \&quot;topLevelGroups\&quot;: 0,
    \&quot;hasHierarchy\&quot;: true
  }
}&quot;
    at Object.&lt;anonymous&gt; (/Users/acedergr/Projects/alecs-mcp-server-akamai/__tests__/unit/property-tools.test.ts:81:20)</failure>
    </testcase>
    <testcase classname="Property Tools listGroups should search by group ID" name="Property Tools listGroups should search by group ID" time="0">
      <failure>Error: expect(received).toContain(expected) // indexOf

Expected substring: &quot;1 groups matching \&quot;grp_67890\&quot;&quot;
Received string:    &quot;{
  \&quot;groups\&quot;: {
    \&quot;hierarchy\&quot;: [],
    \&quot;flat\&quot;: [
      {
        \&quot;groupId\&quot;: \&quot;grp_67890\&quot;,
        \&quot;groupName\&quot;: \&quot;Another Group\&quot;,
        \&quot;contractIds\&quot;: [
          \&quot;ctr_1-3CV382\&quot;
        ],
        \&quot;parentGroupId\&quot;: \&quot;grp_18385\&quot;
      }
    ]
  },
  \&quot;contracts\&quot;: {
    \&quot;unique\&quot;: [
      \&quot;ctr_1-3CV382\&quot;
    ],
    \&quot;total\&quot;: 1
  },
  \&quot;metadata\&quot;: {
    \&quot;total\&quot;: 4,
    \&quot;filtered\&quot;: 1,
    \&quot;searchTerm\&quot;: \&quot;grp_67890\&quot;,
    \&quot;topLevelGroups\&quot;: 0,
    \&quot;hasHierarchy\&quot;: true
  }
}&quot;
    at Object.&lt;anonymous&gt; (/Users/acedergr/Projects/alecs-mcp-server-akamai/__tests__/unit/property-tools.test.ts:93:20)</failure>
    </testcase>
    <testcase classname="Property Tools listGroups should handle case-insensitive search" name="Property Tools listGroups should handle case-insensitive search" time="0">
      <failure>Error: expect(received).toContain(expected) // indexOf

Expected substring: &quot;1 groups matching \&quot;ACEDERGR\&quot;&quot;
Received string:    &quot;{
  \&quot;groups\&quot;: {
    \&quot;hierarchy\&quot;: [],
    \&quot;flat\&quot;: [
      {
        \&quot;groupId\&quot;: \&quot;grp_12345\&quot;,
        \&quot;groupName\&quot;: \&quot;acedergr-test-group\&quot;,
        \&quot;contractIds\&quot;: [
          \&quot;ctr_1-3CV382\&quot;
        ],
        \&quot;parentGroupId\&quot;: \&quot;grp_18385\&quot;
      }
    ]
  },
  \&quot;contracts\&quot;: {
    \&quot;unique\&quot;: [
      \&quot;ctr_1-3CV382\&quot;
    ],
    \&quot;total\&quot;: 1
  },
  \&quot;metadata\&quot;: {
    \&quot;total\&quot;: 4,
    \&quot;filtered\&quot;: 1,
    \&quot;searchTerm\&quot;: \&quot;ACEDERGR\&quot;,
    \&quot;topLevelGroups\&quot;: 0,
    \&quot;hasHierarchy\&quot;: true
  }
}&quot;
    at Object.&lt;anonymous&gt; (/Users/acedergr/Projects/alecs-mcp-server-akamai/__tests__/unit/property-tools.test.ts:104:20)</failure>
    </testcase>
    <testcase classname="Property Tools listGroups should show no results message when search finds nothing" name="Property Tools listGroups should show no results message when search finds nothing" time="0">
      <failure>Error: expect(received).toContain(expected) // indexOf

Expected substring: &quot;No groups found matching \&quot;nonexistent\&quot;&quot;
Received string:    &quot;{
  \&quot;groups\&quot;: [],
  \&quot;metadata\&quot;: {
    \&quot;total\&quot;: 4,
    \&quot;filtered\&quot;: 0,
    \&quot;searchTerm\&quot;: \&quot;nonexistent\&quot;
  },
  \&quot;error\&quot;: {
    \&quot;type\&quot;: \&quot;NO_MATCHES\&quot;,
    \&quot;message\&quot;: \&quot;No groups found matching \\\&quot;nonexistent\\\&quot;\&quot;,
    \&quot;suggestion\&quot;: \&quot;Try a partial name or group ID\&quot;
  }
}&quot;
    at Object.&lt;anonymous&gt; (/Users/acedergr/Projects/alecs-mcp-server-akamai/__tests__/unit/property-tools.test.ts:114:20)</failure>
    </testcase>
    <testcase classname="Property Tools listGroups should display hierarchical group structure" name="Property Tools listGroups should display hierarchical group structure" time="0">
      <failure>Error: expect(received).toMatch(expected)

Expected pattern: /Child Groups:/
Received string:  &quot;{
  \&quot;groups\&quot;: {
    \&quot;hierarchy\&quot;: [
      {
        \&quot;groupId\&quot;: \&quot;grp_18385\&quot;,
        \&quot;groupName\&quot;: \&quot;Akamai Technologies - Assets\&quot;,
        \&quot;contractIds\&quot;: [
          \&quot;ctr_1-3CV382\&quot;
        ],
        \&quot;parentGroupId\&quot;: null,
        \&quot;children\&quot;: [
          {
            \&quot;groupId\&quot;: \&quot;grp_18432\&quot;,
            \&quot;groupName\&quot;: \&quot;Pablo and Naveen\&quot;,
            \&quot;contractIds\&quot;: [
              \&quot;ctr_1-3CV382\&quot;
            ],
            \&quot;parentGroupId\&quot;: \&quot;grp_18385\&quot;,
            \&quot;children\&quot;: []
          },
          {
            \&quot;groupId\&quot;: \&quot;grp_12345\&quot;,
            \&quot;groupName\&quot;: \&quot;acedergr-test-group\&quot;,
            \&quot;contractIds\&quot;: [
              \&quot;ctr_1-3CV382\&quot;
            ],
            \&quot;parentGroupId\&quot;: \&quot;grp_18385\&quot;,
            \&quot;children\&quot;: []
          },
          {
            \&quot;groupId\&quot;: \&quot;grp_67890\&quot;,
            \&quot;groupName\&quot;: \&quot;Another Group\&quot;,
            \&quot;contractIds\&quot;: [
              \&quot;ctr_1-3CV382\&quot;
            ],
            \&quot;parentGroupId\&quot;: \&quot;grp_18385\&quot;,
            \&quot;children\&quot;: []
          }
        ]
      }
    ],
    \&quot;flat\&quot;: [
      {
        \&quot;groupId\&quot;: \&quot;grp_18385\&quot;,
        \&quot;groupName\&quot;: \&quot;Akamai Technologies - Assets\&quot;,
        \&quot;contractIds\&quot;: [
          \&quot;ctr_1-3CV382\&quot;
        ],
        \&quot;parentGroupId\&quot;: null
      },
      {
        \&quot;groupId\&quot;: \&quot;grp_18432\&quot;,
        \&quot;groupName\&quot;: \&quot;Pablo and Naveen\&quot;,
        \&quot;contractIds\&quot;: [
          \&quot;ctr_1-3CV382\&quot;
        ],
        \&quot;parentGroupId\&quot;: \&quot;grp_18385\&quot;
      },
      {
        \&quot;groupId\&quot;: \&quot;grp_12345\&quot;,
        \&quot;groupName\&quot;: \&quot;acedergr-test-group\&quot;,
        \&quot;contractIds\&quot;: [
          \&quot;ctr_1-3CV382\&quot;
        ],
        \&quot;parentGroupId\&quot;: \&quot;grp_18385\&quot;
      },
      {
        \&quot;groupId\&quot;: \&quot;grp_67890\&quot;,
        \&quot;groupName\&quot;: \&quot;Another Group\&quot;,
        \&quot;contractIds\&quot;: [
          \&quot;ctr_1-3CV382\&quot;
        ],
        \&quot;parentGroupId\&quot;: \&quot;grp_18385\&quot;
      }
    ]
  },
  \&quot;contracts\&quot;: {
    \&quot;unique\&quot;: [
      \&quot;ctr_1-3CV382\&quot;
    ],
    \&quot;total\&quot;: 1
  },
  \&quot;metadata\&quot;: {
    \&quot;total\&quot;: 4,
    \&quot;filtered\&quot;: 4,
    \&quot;searchTerm\&quot;: null,
    \&quot;topLevelGroups\&quot;: 1,
    \&quot;hasHierarchy\&quot;: true
  }
}&quot;
    at Object.&lt;anonymous&gt; (/Users/acedergr/Projects/alecs-mcp-server-akamai/__tests__/unit/property-tools.test.ts:128:20)</failure>
    </testcase>
    <testcase classname="Property Tools listGroups should include lookup table with all groups sorted alphabetically" name="Property Tools listGroups should include lookup table with all groups sorted alphabetically" time="0">
      <failure>Error: expect(received).toContain(expected) // indexOf

Expected substring: &quot;| Group Name | Group ID | Contracts |&quot;
Received string:    &quot;{
  \&quot;groups\&quot;: {
    \&quot;hierarchy\&quot;: [
      {
        \&quot;groupId\&quot;: \&quot;grp_18385\&quot;,
        \&quot;groupName\&quot;: \&quot;Akamai Technologies - Assets\&quot;,
        \&quot;contractIds\&quot;: [
          \&quot;ctr_1-3CV382\&quot;
        ],
        \&quot;parentGroupId\&quot;: null,
        \&quot;children\&quot;: [
          {
            \&quot;groupId\&quot;: \&quot;grp_18432\&quot;,
            \&quot;groupName\&quot;: \&quot;Pablo and Naveen\&quot;,
            \&quot;contractIds\&quot;: [
              \&quot;ctr_1-3CV382\&quot;
            ],
            \&quot;parentGroupId\&quot;: \&quot;grp_18385\&quot;,
            \&quot;children\&quot;: []
          },
          {
            \&quot;groupId\&quot;: \&quot;grp_12345\&quot;,
            \&quot;groupName\&quot;: \&quot;acedergr-test-group\&quot;,
            \&quot;contractIds\&quot;: [
              \&quot;ctr_1-3CV382\&quot;
            ],
            \&quot;parentGroupId\&quot;: \&quot;grp_18385\&quot;,
            \&quot;children\&quot;: []
          },
          {
            \&quot;groupId\&quot;: \&quot;grp_67890\&quot;,
            \&quot;groupName\&quot;: \&quot;Another Group\&quot;,
            \&quot;contractIds\&quot;: [
              \&quot;ctr_1-3CV382\&quot;
            ],
            \&quot;parentGroupId\&quot;: \&quot;grp_18385\&quot;,
            \&quot;children\&quot;: []
          }
        ]
      }
    ],
    \&quot;flat\&quot;: [
      {
        \&quot;groupId\&quot;: \&quot;grp_18385\&quot;,
        \&quot;groupName\&quot;: \&quot;Akamai Technologies - Assets\&quot;,
        \&quot;contractIds\&quot;: [
          \&quot;ctr_1-3CV382\&quot;
        ],
        \&quot;parentGroupId\&quot;: null
      },
      {
        \&quot;groupId\&quot;: \&quot;grp_18432\&quot;,
        \&quot;groupName\&quot;: \&quot;Pablo and Naveen\&quot;,
        \&quot;contractIds\&quot;: [
          \&quot;ctr_1-3CV382\&quot;
        ],
        \&quot;parentGroupId\&quot;: \&quot;grp_18385\&quot;
      },
      {
        \&quot;groupId\&quot;: \&quot;grp_12345\&quot;,
        \&quot;groupName\&quot;: \&quot;acedergr-test-group\&quot;,
        \&quot;contractIds\&quot;: [
          \&quot;ctr_1-3CV382\&quot;
        ],
        \&quot;parentGroupId\&quot;: \&quot;grp_18385\&quot;
      },
      {
        \&quot;groupId\&quot;: \&quot;grp_67890\&quot;,
        \&quot;groupName\&quot;: \&quot;Another Group\&quot;,
        \&quot;contractIds\&quot;: [
          \&quot;ctr_1-3CV382\&quot;
        ],
        \&quot;parentGroupId\&quot;: \&quot;grp_18385\&quot;
      }
    ]
  },
  \&quot;contracts\&quot;: {
    \&quot;unique\&quot;: [
      \&quot;ctr_1-3CV382\&quot;
    ],
    \&quot;total\&quot;: 1
  },
  \&quot;metadata\&quot;: {
    \&quot;total\&quot;: 4,
    \&quot;filtered\&quot;: 4,
    \&quot;searchTerm\&quot;: null,
    \&quot;topLevelGroups\&quot;: 1,
    \&quot;hasHierarchy\&quot;: true
  }
}&quot;
    at Object.&lt;anonymous&gt; (/Users/acedergr/Projects/alecs-mcp-server-akamai/__tests__/unit/property-tools.test.ts:137:20)</failure>
    </testcase>
    <testcase classname="Property Tools listGroups should handle empty groups response" name="Property Tools listGroups should handle empty groups response" time="0">
    </testcase>
    <testcase classname="Property Tools listGroups should handle API errors gracefully" name="Property Tools listGroups should handle API errors gracefully" time="0.001">
    </testcase>
  </testsuite>
  <testsuite name="Basic Application Security Tools" errors="0" failures="0" skipped="0" timestamp="2025-06-30T09:17:40" time="0.033" tests="8">
    <testcase classname="Basic Application Security Tools Configuration Management should list APPSEC configurations successfully" name="Basic Application Security Tools Configuration Management should list APPSEC configurations successfully" time="0">
    </testcase>
    <testcase classname="Basic Application Security Tools Configuration Management should get specific APPSEC configuration" name="Basic Application Security Tools Configuration Management should get specific APPSEC configuration" time="0">
    </testcase>
    <testcase classname="Basic Application Security Tools Configuration Management should handle configuration errors gracefully" name="Basic Application Security Tools Configuration Management should handle configuration errors gracefully" time="0">
    </testcase>
    <testcase classname="Basic Application Security Tools WAF Policy Management should create WAF policy successfully" name="Basic Application Security Tools WAF Policy Management should create WAF policy successfully" time="0.001">
    </testcase>
    <testcase classname="Basic Application Security Tools WAF Policy Management should handle WAF policy creation errors" name="Basic Application Security Tools WAF Policy Management should handle WAF policy creation errors" time="0">
    </testcase>
    <testcase classname="Basic Application Security Tools Tool Structure Validation should have correct tool structure" name="Basic Application Security Tools Tool Structure Validation should have correct tool structure" time="0.001">
    </testcase>
    <testcase classname="Basic Application Security Tools Tool Structure Validation should have unique tool names" name="Basic Application Security Tools Tool Structure Validation should have unique tool names" time="0">
    </testcase>
    <testcase classname="Basic Application Security Tools Error Handling should handle API errors gracefully" name="Basic Application Security Tools Error Handling should handle API errors gracefully" time="0">
    </testcase>
  </testsuite>
  <testsuite name="Cache Service Unit Tests" errors="0" failures="4" skipped="0" timestamp="2025-06-30T09:17:40" time="0.108" tests="10">
    <testcase classname="Cache Service Unit Tests SmartCache should set and get values" name="Cache Service Unit Tests SmartCache should set and get values" time="0.001">
    </testcase>
    <testcase classname="Cache Service Unit Tests SmartCache should handle JSON values" name="Cache Service Unit Tests SmartCache should handle JSON values" time="0">
    </testcase>
    <testcase classname="Cache Service Unit Tests SmartCache should respect TTL" name="Cache Service Unit Tests SmartCache should respect TTL" time="0.001">
    </testcase>
    <testcase classname="Cache Service Unit Tests SmartCache should delete keys" name="Cache Service Unit Tests SmartCache should delete keys" time="0.001">
    </testcase>
    <testcase classname="Cache Service Unit Tests SmartCache should handle mget for multiple keys" name="Cache Service Unit Tests SmartCache should handle mget for multiple keys" time="0.001">
      <failure>Error: expect(received).toEqual(expected) // deep equality

Expected: [&quot;value1&quot;, &quot;value2&quot;, &quot;value3&quot;, null]
Received: Map {&quot;key1&quot; =&gt; &quot;value1&quot;, &quot;key2&quot; =&gt; &quot;value2&quot;, &quot;key3&quot; =&gt; &quot;value3&quot;}
    at Object.&lt;anonymous&gt; (/Users/acedergr/Projects/alecs-mcp-server-akamai/__tests__/unit/cache-service.test.ts:74:23)</failure>
    </testcase>
    <testcase classname="Cache Service Unit Tests SmartCache should track cache metrics" name="Cache Service Unit Tests SmartCache should track cache metrics" time="0">
    </testcase>
    <testcase classname="Cache Service Unit Tests SmartCache should handle large values with compression" name="Cache Service Unit Tests SmartCache should handle large values with compression" time="0">
    </testcase>
    <testcase classname="Cache Service Unit Tests SmartCache should handle eviction based on maxSize" name="Cache Service Unit Tests SmartCache should handle eviction based on maxSize" time="0.001">
      <failure>Error: expect(received).toBeNull()

Received: &quot;value1&quot;
    at Object.&lt;anonymous&gt; (/Users/acedergr/Projects/alecs-mcp-server-akamai/__tests__/unit/cache-service.test.ts:109:23)</failure>
    </testcase>
    <testcase classname="Cache Service Unit Tests AkamaiCacheService should cache API responses" name="Cache Service Unit Tests AkamaiCacheService should cache API responses" time="0">
      <failure>TypeError: fetchFn is not a function
    at /Users/acedergr/Projects/alecs-mcp-server-akamai/src/utils/smart-cache.ts:462:47
    at CircuitBreaker.execute (/Users/acedergr/Projects/alecs-mcp-server-akamai/src/utils/circuit-breaker.ts:60:28)
    at SmartCache.getWithRefresh (/Users/acedergr/Projects/alecs-mcp-server-akamai/src/utils/smart-cache.ts:462:33)
    at Object.&lt;anonymous&gt; (/Users/acedergr/Projects/alecs-mcp-server-akamai/__tests__/unit/cache-service.test.ts:134:23)</failure>
    </testcase>
    <testcase classname="Cache Service Unit Tests AkamaiCacheService should bypass cache when disabled" name="Cache Service Unit Tests AkamaiCacheService should bypass cache when disabled" time="0.001">
      <failure>TypeError: fetchFn is not a function
    at /Users/acedergr/Projects/alecs-mcp-server-akamai/src/utils/smart-cache.ts:462:47
    at CircuitBreaker.execute (/Users/acedergr/Projects/alecs-mcp-server-akamai/src/utils/circuit-breaker.ts:60:28)
    at SmartCache.getWithRefresh (/Users/acedergr/Projects/alecs-mcp-server-akamai/src/utils/smart-cache.ts:462:33)
    at Object.&lt;anonymous&gt; (/Users/acedergr/Projects/alecs-mcp-server-akamai/__tests__/unit/cache-service.test.ts:157:7)</failure>
    </testcase>
  </testsuite>
  <testsuite name="FastPurge - Reliable Tests" errors="0" failures="7" skipped="0" timestamp="2025-06-30T09:17:40" time="50.08" tests="7">
    <testcase classname="FastPurge - Reliable Tests CP Code Purge should require confirmation for high-impact purge" name="FastPurge - Reliable Tests CP Code Purge should require confirmation for high-impact purge" time="10.003">
      <failure>Error: thrown: &quot;Exceeded timeout of 10000 ms for a test.
Add a timeout value to this test to increase the timeout, if this is a long-running test. See https://jestjs.io/docs/api#testname-fn-timeout.&quot;
    at /Users/acedergr/Projects/alecs-mcp-server-akamai/__tests__/reliable/fastpurge-reliable.test.ts:22:5
    at _dispatchDescribe (/Users/acedergr/Projects/alecs-mcp-server-akamai/node_modules/jest-circus/build/jestAdapterInit.js:604:26)
    at describe (/Users/acedergr/Projects/alecs-mcp-server-akamai/node_modules/jest-circus/build/jestAdapterInit.js:572:44)
    at /Users/acedergr/Projects/alecs-mcp-server-akamai/__tests__/reliable/fastpurge-reliable.test.ts:21:3
    at _dispatchDescribe (/Users/acedergr/Projects/alecs-mcp-server-akamai/node_modules/jest-circus/build/jestAdapterInit.js:604:26)
    at describe (/Users/acedergr/Projects/alecs-mcp-server-akamai/node_modules/jest-circus/build/jestAdapterInit.js:572:44)
    at Object.&lt;anonymous&gt; (/Users/acedergr/Projects/alecs-mcp-server-akamai/__tests__/reliable/fastpurge-reliable.test.ts:9:1)
    at Runtime._execModule (/Users/acedergr/Projects/alecs-mcp-server-akamai/node_modules/jest-runtime/build/index.js:1264:24)
    at Runtime._loadModule (/Users/acedergr/Projects/alecs-mcp-server-akamai/node_modules/jest-runtime/build/index.js:940:12)
    at Runtime.requireModule (/Users/acedergr/Projects/alecs-mcp-server-akamai/node_modules/jest-runtime/build/index.js:828:12)
    at jestAdapter (/Users/acedergr/Projects/alecs-mcp-server-akamai/node_modules/jest-circus/build/runner.js:95:13)
    at runTestInternal (/Users/acedergr/Projects/alecs-mcp-server-akamai/node_modules/jest-runner/build/index.js:272:16)
    at runTest (/Users/acedergr/Projects/alecs-mcp-server-akamai/node_modules/jest-runner/build/index.js:340:7)</failure>
    </testcase>
    <testcase classname="FastPurge - Reliable Tests CP Code Purge should proceed with confirmed high-impact purge" name="FastPurge - Reliable Tests CP Code Purge should proceed with confirmed high-impact purge" time="10.008">
      <failure>Error: thrown: &quot;Exceeded timeout of 10000 ms for a test.
Add a timeout value to this test to increase the timeout, if this is a long-running test. See https://jestjs.io/docs/api#testname-fn-timeout.&quot;
    at /Users/acedergr/Projects/alecs-mcp-server-akamai/__tests__/reliable/fastpurge-reliable.test.ts:45:5
    at _dispatchDescribe (/Users/acedergr/Projects/alecs-mcp-server-akamai/node_modules/jest-circus/build/jestAdapterInit.js:604:26)
    at describe (/Users/acedergr/Projects/alecs-mcp-server-akamai/node_modules/jest-circus/build/jestAdapterInit.js:572:44)
    at /Users/acedergr/Projects/alecs-mcp-server-akamai/__tests__/reliable/fastpurge-reliable.test.ts:21:3
    at _dispatchDescribe (/Users/acedergr/Projects/alecs-mcp-server-akamai/node_modules/jest-circus/build/jestAdapterInit.js:604:26)
    at describe (/Users/acedergr/Projects/alecs-mcp-server-akamai/node_modules/jest-circus/build/jestAdapterInit.js:572:44)
    at Object.&lt;anonymous&gt; (/Users/acedergr/Projects/alecs-mcp-server-akamai/__tests__/reliable/fastpurge-reliable.test.ts:9:1)
    at Runtime._execModule (/Users/acedergr/Projects/alecs-mcp-server-akamai/node_modules/jest-runtime/build/index.js:1264:24)
    at Runtime._loadModule (/Users/acedergr/Projects/alecs-mcp-server-akamai/node_modules/jest-runtime/build/index.js:940:12)
    at Runtime.requireModule (/Users/acedergr/Projects/alecs-mcp-server-akamai/node_modules/jest-runtime/build/index.js:828:12)
    at jestAdapter (/Users/acedergr/Projects/alecs-mcp-server-akamai/node_modules/jest-circus/build/runner.js:95:13)
    at runTestInternal (/Users/acedergr/Projects/alecs-mcp-server-akamai/node_modules/jest-runner/build/index.js:272:16)
    at runTest (/Users/acedergr/Projects/alecs-mcp-server-akamai/node_modules/jest-runner/build/index.js:340:7)</failure>
    </testcase>
    <testcase classname="FastPurge - Reliable Tests CP Code Purge should handle authentication errors gracefully" name="FastPurge - Reliable Tests CP Code Purge should handle authentication errors gracefully" time="10.004">
      <failure>Error: thrown: &quot;Exceeded timeout of 10000 ms for a test.
Add a timeout value to this test to increase the timeout, if this is a long-running test. See https://jestjs.io/docs/api#testname-fn-timeout.&quot;
    at /Users/acedergr/Projects/alecs-mcp-server-akamai/__tests__/reliable/fastpurge-reliable.test.ts:69:5
    at _dispatchDescribe (/Users/acedergr/Projects/alecs-mcp-server-akamai/node_modules/jest-circus/build/jestAdapterInit.js:604:26)
    at describe (/Users/acedergr/Projects/alecs-mcp-server-akamai/node_modules/jest-circus/build/jestAdapterInit.js:572:44)
    at /Users/acedergr/Projects/alecs-mcp-server-akamai/__tests__/reliable/fastpurge-reliable.test.ts:21:3
    at _dispatchDescribe (/Users/acedergr/Projects/alecs-mcp-server-akamai/node_modules/jest-circus/build/jestAdapterInit.js:604:26)
    at describe (/Users/acedergr/Projects/alecs-mcp-server-akamai/node_modules/jest-circus/build/jestAdapterInit.js:572:44)
    at Object.&lt;anonymous&gt; (/Users/acedergr/Projects/alecs-mcp-server-akamai/__tests__/reliable/fastpurge-reliable.test.ts:9:1)
    at Runtime._execModule (/Users/acedergr/Projects/alecs-mcp-server-akamai/node_modules/jest-runtime/build/index.js:1264:24)
    at Runtime._loadModule (/Users/acedergr/Projects/alecs-mcp-server-akamai/node_modules/jest-runtime/build/index.js:940:12)
    at Runtime.requireModule (/Users/acedergr/Projects/alecs-mcp-server-akamai/node_modules/jest-runtime/build/index.js:828:12)
    at jestAdapter (/Users/acedergr/Projects/alecs-mcp-server-akamai/node_modules/jest-circus/build/runner.js:95:13)
    at runTestInternal (/Users/acedergr/Projects/alecs-mcp-server-akamai/node_modules/jest-runner/build/index.js:272:16)
    at runTest (/Users/acedergr/Projects/alecs-mcp-server-akamai/node_modules/jest-runner/build/index.js:340:7)</failure>
    </testcase>
    <testcase classname="FastPurge - Reliable Tests CP Code Purge should handle rate limiting" name="FastPurge - Reliable Tests CP Code Purge should handle rate limiting" time="10.006">
      <failure>Error: thrown: &quot;Exceeded timeout of 10000 ms for a test.
Add a timeout value to this test to increase the timeout, if this is a long-running test. See https://jestjs.io/docs/api#testname-fn-timeout.&quot;
    at /Users/acedergr/Projects/alecs-mcp-server-akamai/__tests__/reliable/fastpurge-reliable.test.ts:84:5
    at _dispatchDescribe (/Users/acedergr/Projects/alecs-mcp-server-akamai/node_modules/jest-circus/build/jestAdapterInit.js:604:26)
    at describe (/Users/acedergr/Projects/alecs-mcp-server-akamai/node_modules/jest-circus/build/jestAdapterInit.js:572:44)
    at /Users/acedergr/Projects/alecs-mcp-server-akamai/__tests__/reliable/fastpurge-reliable.test.ts:21:3
    at _dispatchDescribe (/Users/acedergr/Projects/alecs-mcp-server-akamai/node_modules/jest-circus/build/jestAdapterInit.js:604:26)
    at describe (/Users/acedergr/Projects/alecs-mcp-server-akamai/node_modules/jest-circus/build/jestAdapterInit.js:572:44)
    at Object.&lt;anonymous&gt; (/Users/acedergr/Projects/alecs-mcp-server-akamai/__tests__/reliable/fastpurge-reliable.test.ts:9:1)
    at Runtime._execModule (/Users/acedergr/Projects/alecs-mcp-server-akamai/node_modules/jest-runtime/build/index.js:1264:24)
    at Runtime._loadModule (/Users/acedergr/Projects/alecs-mcp-server-akamai/node_modules/jest-runtime/build/index.js:940:12)
    at Runtime.requireModule (/Users/acedergr/Projects/alecs-mcp-server-akamai/node_modules/jest-runtime/build/index.js:828:12)
    at jestAdapter (/Users/acedergr/Projects/alecs-mcp-server-akamai/node_modules/jest-circus/build/runner.js:95:13)
    at runTestInternal (/Users/acedergr/Projects/alecs-mcp-server-akamai/node_modules/jest-runner/build/index.js:272:16)
    at runTest (/Users/acedergr/Projects/alecs-mcp-server-akamai/node_modules/jest-runner/build/index.js:340:7)</failure>
    </testcase>
    <testcase classname="FastPurge - Reliable Tests URL Purge should successfully purge URLs" name="FastPurge - Reliable Tests URL Purge should successfully purge URLs" time="10.003">
      <failure>Error: thrown: &quot;Exceeded timeout of 10000 ms for a test.
Add a timeout value to this test to increase the timeout, if this is a long-running test. See https://jestjs.io/docs/api#testname-fn-timeout.&quot;
    at /Users/acedergr/Projects/alecs-mcp-server-akamai/__tests__/reliable/fastpurge-reliable.test.ts:101:5
    at _dispatchDescribe (/Users/acedergr/Projects/alecs-mcp-server-akamai/node_modules/jest-circus/build/jestAdapterInit.js:604:26)
    at describe (/Users/acedergr/Projects/alecs-mcp-server-akamai/node_modules/jest-circus/build/jestAdapterInit.js:572:44)
    at /Users/acedergr/Projects/alecs-mcp-server-akamai/__tests__/reliable/fastpurge-reliable.test.ts:100:3
    at _dispatchDescribe (/Users/acedergr/Projects/alecs-mcp-server-akamai/node_modules/jest-circus/build/jestAdapterInit.js:604:26)
    at describe (/Users/acedergr/Projects/alecs-mcp-server-akamai/node_modules/jest-circus/build/jestAdapterInit.js:572:44)
    at Object.&lt;anonymous&gt; (/Users/acedergr/Projects/alecs-mcp-server-akamai/__tests__/reliable/fastpurge-reliable.test.ts:9:1)
    at Runtime._execModule (/Users/acedergr/Projects/alecs-mcp-server-akamai/node_modules/jest-runtime/build/index.js:1264:24)
    at Runtime._loadModule (/Users/acedergr/Projects/alecs-mcp-server-akamai/node_modules/jest-runtime/build/index.js:940:12)
    at Runtime.requireModule (/Users/acedergr/Projects/alecs-mcp-server-akamai/node_modules/jest-runtime/build/index.js:828:12)
    at jestAdapter (/Users/acedergr/Projects/alecs-mcp-server-akamai/node_modules/jest-circus/build/runner.js:95:13)
    at runTestInternal (/Users/acedergr/Projects/alecs-mcp-server-akamai/node_modules/jest-runner/build/index.js:272:16)
    at runTest (/Users/acedergr/Projects/alecs-mcp-server-akamai/node_modules/jest-runner/build/index.js:340:7)</failure>
    </testcase>
    <testcase classname="FastPurge - Reliable Tests URL Purge should validate URL format" name="FastPurge - Reliable Tests URL Purge should validate URL format" time="0.004">
      <failure>Error: expect(received).rejects.toThrow()

Received promise resolved instead of rejected
Resolved to value: {&quot;error&quot;: &quot;INVALID_URLS&quot;, &quot;guidance&quot;: &quot;Check URL format and network parameters&quot;, &quot;message&quot;: &quot;Invalid URLs detected: invalid-url&quot;, &quot;success&quot;: false}
    at expect (/Users/acedergr/Projects/alecs-mcp-server-akamai/node_modules/expect/build/index.js:2113:15)
    at Object.&lt;anonymous&gt; (/Users/acedergr/Projects/alecs-mcp-server-akamai/__tests__/reliable/fastpurge-reliable.test.ts:130:13)
    at Promise.finally.completed (/Users/acedergr/Projects/alecs-mcp-server-akamai/node_modules/jest-circus/build/jestAdapterInit.js:1559:28)
    at new Promise (&lt;anonymous&gt;)
    at callAsyncCircusFn (/Users/acedergr/Projects/alecs-mcp-server-akamai/node_modules/jest-circus/build/jestAdapterInit.js:1499:10)
    at _callCircusTest (/Users/acedergr/Projects/alecs-mcp-server-akamai/node_modules/jest-circus/build/jestAdapterInit.js:1009:40)
    at _runTest (/Users/acedergr/Projects/alecs-mcp-server-akamai/node_modules/jest-circus/build/jestAdapterInit.js:949:3)
    at _runTestsForDescribeBlock (/Users/acedergr/Projects/alecs-mcp-server-akamai/node_modules/jest-circus/build/jestAdapterInit.js:839:13)
    at _runTestsForDescribeBlock (/Users/acedergr/Projects/alecs-mcp-server-akamai/node_modules/jest-circus/build/jestAdapterInit.js:829:11)
    at _runTestsForDescribeBlock (/Users/acedergr/Projects/alecs-mcp-server-akamai/node_modules/jest-circus/build/jestAdapterInit.js:829:11)
    at run (/Users/acedergr/Projects/alecs-mcp-server-akamai/node_modules/jest-circus/build/jestAdapterInit.js:757:3)
    at runAndTransformResultsToJestFormat (/Users/acedergr/Projects/alecs-mcp-server-akamai/node_modules/jest-circus/build/jestAdapterInit.js:1920:21)
    at jestAdapter (/Users/acedergr/Projects/alecs-mcp-server-akamai/node_modules/jest-circus/build/runner.js:101:19)
    at runTestInternal (/Users/acedergr/Projects/alecs-mcp-server-akamai/node_modules/jest-runner/build/index.js:272:16)
    at runTest (/Users/acedergr/Projects/alecs-mcp-server-akamai/node_modules/jest-runner/build/index.js:340:7)</failure>
    </testcase>
    <testcase classname="FastPurge - Reliable Tests Purge Status should check purge status" name="FastPurge - Reliable Tests Purge Status should check purge status" time="0.002">
      <failure>TypeError: Cannot read properties of undefined (reading &apos;handler&apos;)
    at Object.&lt;anonymous&gt; (/Users/acedergr/Projects/alecs-mcp-server-akamai/__tests__/reliable/fastpurge-reliable.test.ts:151:46)
    at Promise.finally.completed (/Users/acedergr/Projects/alecs-mcp-server-akamai/node_modules/jest-circus/build/jestAdapterInit.js:1559:28)
    at new Promise (&lt;anonymous&gt;)
    at callAsyncCircusFn (/Users/acedergr/Projects/alecs-mcp-server-akamai/node_modules/jest-circus/build/jestAdapterInit.js:1499:10)
    at _callCircusTest (/Users/acedergr/Projects/alecs-mcp-server-akamai/node_modules/jest-circus/build/jestAdapterInit.js:1009:40)
    at _runTest (/Users/acedergr/Projects/alecs-mcp-server-akamai/node_modules/jest-circus/build/jestAdapterInit.js:949:3)
    at _runTestsForDescribeBlock (/Users/acedergr/Projects/alecs-mcp-server-akamai/node_modules/jest-circus/build/jestAdapterInit.js:839:13)
    at _runTestsForDescribeBlock (/Users/acedergr/Projects/alecs-mcp-server-akamai/node_modules/jest-circus/build/jestAdapterInit.js:829:11)
    at _runTestsForDescribeBlock (/Users/acedergr/Projects/alecs-mcp-server-akamai/node_modules/jest-circus/build/jestAdapterInit.js:829:11)
    at run (/Users/acedergr/Projects/alecs-mcp-server-akamai/node_modules/jest-circus/build/jestAdapterInit.js:757:3)
    at runAndTransformResultsToJestFormat (/Users/acedergr/Projects/alecs-mcp-server-akamai/node_modules/jest-circus/build/jestAdapterInit.js:1920:21)
    at jestAdapter (/Users/acedergr/Projects/alecs-mcp-server-akamai/node_modules/jest-circus/build/runner.js:101:19)
    at runTestInternal (/Users/acedergr/Projects/alecs-mcp-server-akamai/node_modules/jest-runner/build/index.js:272:16)
    at runTest (/Users/acedergr/Projects/alecs-mcp-server-akamai/node_modules/jest-runner/build/index.js:340:7)</failure>
    </testcase>
  </testsuite>
  <testsuite name="Reporting Tools - Basic Tests" errors="0" failures="0" skipped="0" timestamp="2025-06-30T09:18:30" time="0.098" tests="7">
    <testcase classname="Reporting Tools - Basic Tests should export reporting tools array" name="Reporting Tools - Basic Tests should export reporting tools array" time="0">
    </testcase>
    <testcase classname="Reporting Tools - Basic Tests should have core reporting tools" name="Reporting Tools - Basic Tests should have core reporting tools" time="0.001">
    </testcase>
    <testcase classname="Reporting Tools - Basic Tests should have valid tool schemas" name="Reporting Tools - Basic Tests should have valid tool schemas" time="0.002">
    </testcase>
    <testcase classname="Reporting Tools - Basic Tests should have get-traffic-summary tool with correct schema" name="Reporting Tools - Basic Tests should have get-traffic-summary tool with correct schema" time="0.001">
    </testcase>
    <testcase classname="Reporting Tools - Basic Tests should have export tool with format options" name="Reporting Tools - Basic Tests should have export tool with format options" time="0">
    </testcase>
    <testcase classname="Reporting Tools - Basic Tests should have dashboard creation tool" name="Reporting Tools - Basic Tests should have dashboard creation tool" time="0">
    </testcase>
    <testcase classname="Reporting Tools - Basic Tests should have alert configuration tool" name="Reporting Tools - Basic Tests should have alert configuration tool" time="0.001">
    </testcase>
  </testsuite>
</testsuites>