<?xml version="1.0" encoding="UTF-8"?>
<testsuites name="jest tests" tests="310" failures="89" errors="0" time="106.725">
  <testsuite name="Certificate Provisioning System (CPS) Tools" errors="0" failures="0" skipped="0" timestamp="2025-06-30T09:16:44" time="0.116" tests="21">
    <testcase classname="Certificate Provisioning System (CPS) Tools createDVEnrollment should create a DV certificate enrollment" name="Certificate Provisioning System (CPS) Tools createDVEnrollment should create a DV certificate enrollment" time="0.002">
    </testcase>
    <testcase classname="Certificate Provisioning System (CPS) Tools createDVEnrollment should validate common name" name="Certificate Provisioning System (CPS) Tools createDVEnrollment should validate common name" time="0">
    </testcase>
    <testcase classname="Certificate Provisioning System (CPS) Tools getDVValidationChallenges should get DNS validation challenges" name="Certificate Provisioning System (CPS) Tools getDVValidationChallenges should get DNS validation challenges" time="0.001">
    </testcase>
    <testcase classname="Certificate Provisioning System (CPS) Tools getDVValidationChallenges should show validated status when complete" name="Certificate Provisioning System (CPS) Tools getDVValidationChallenges should show validated status when complete" time="0">
    </testcase>
    <testcase classname="Certificate Provisioning System (CPS) Tools checkDVEnrollmentStatus should check enrollment status" name="Certificate Provisioning System (CPS) Tools checkDVEnrollmentStatus should check enrollment status" time="0.014">
    </testcase>
    <testcase classname="Certificate Provisioning System (CPS) Tools checkDVEnrollmentStatus should show validation in progress" name="Certificate Provisioning System (CPS) Tools checkDVEnrollmentStatus should show validation in progress" time="0">
    </testcase>
    <testcase classname="Certificate Provisioning System (CPS) Tools listCertificateEnrollments should list certificate enrollments" name="Certificate Provisioning System (CPS) Tools listCertificateEnrollments should list certificate enrollments" time="0.001">
    </testcase>
    <testcase classname="Certificate Provisioning System (CPS) Tools linkCertificateToProperty should link certificate to property" name="Certificate Provisioning System (CPS) Tools linkCertificateToProperty should link certificate to property" time="0">
    </testcase>
    <testcase classname="Certificate Provisioning System (CPS) Tools downloadCSR should download CSR for third-party certificate enrollment" name="Certificate Provisioning System (CPS) Tools downloadCSR should download CSR for third-party certificate enrollment" time="0">
    </testcase>
    <testcase classname="Certificate Provisioning System (CPS) Tools downloadCSR should handle CSR download errors" name="Certificate Provisioning System (CPS) Tools downloadCSR should handle CSR download errors" time="0">
    </testcase>
    <testcase classname="Certificate Provisioning System (CPS) Tools uploadThirdPartyCertificate should upload third-party certificate successfully" name="Certificate Provisioning System (CPS) Tools uploadThirdPartyCertificate should upload third-party certificate successfully" time="0.001">
    </testcase>
    <testcase classname="Certificate Provisioning System (CPS) Tools uploadThirdPartyCertificate should validate certificate format" name="Certificate Provisioning System (CPS) Tools uploadThirdPartyCertificate should validate certificate format" time="0">
    </testcase>
    <testcase classname="Certificate Provisioning System (CPS) Tools uploadThirdPartyCertificate should validate trust chain format" name="Certificate Provisioning System (CPS) Tools uploadThirdPartyCertificate should validate trust chain format" time="0">
    </testcase>
    <testcase classname="Certificate Provisioning System (CPS) Tools updateCertificateEnrollment should update certificate enrollment configuration" name="Certificate Provisioning System (CPS) Tools updateCertificateEnrollment should update certificate enrollment configuration" time="0.001">
    </testcase>
    <testcase classname="Certificate Provisioning System (CPS) Tools updateCertificateEnrollment should handle update errors" name="Certificate Provisioning System (CPS) Tools updateCertificateEnrollment should handle update errors" time="0">
    </testcase>
    <testcase classname="Certificate Provisioning System (CPS) Tools deleteCertificateEnrollment should delete inactive certificate enrollment" name="Certificate Provisioning System (CPS) Tools deleteCertificateEnrollment should delete inactive certificate enrollment" time="0">
    </testcase>
    <testcase classname="Certificate Provisioning System (CPS) Tools deleteCertificateEnrollment should warn before deleting active certificate" name="Certificate Provisioning System (CPS) Tools deleteCertificateEnrollment should warn before deleting active certificate" time="0">
    </testcase>
    <testcase classname="Certificate Provisioning System (CPS) Tools deleteCertificateEnrollment should force delete active certificate when requested" name="Certificate Provisioning System (CPS) Tools deleteCertificateEnrollment should force delete active certificate when requested" time="0.001">
    </testcase>
    <testcase classname="Certificate Provisioning System (CPS) Tools monitorCertificateDeployment should monitor pending certificate deployment" name="Certificate Provisioning System (CPS) Tools monitorCertificateDeployment should monitor pending certificate deployment" time="0">
    </testcase>
    <testcase classname="Certificate Provisioning System (CPS) Tools monitorCertificateDeployment should monitor active certificate deployment" name="Certificate Provisioning System (CPS) Tools monitorCertificateDeployment should monitor active certificate deployment" time="0">
    </testcase>
    <testcase classname="Certificate Provisioning System (CPS) Tools monitorCertificateDeployment should handle monitoring errors" name="Certificate Provisioning System (CPS) Tools monitorCertificateDeployment should handle monitoring errors" time="0.001">
    </testcase>
  </testsuite>
  <testsuite name="CircuitBreaker" errors="0" failures="4" skipped="0" timestamp="2025-06-30T09:16:44" time="24.698" tests="34">
    <testcase classname="CircuitBreaker Initialization should initialize in CLOSED state" name="CircuitBreaker Initialization should initialize in CLOSED state" time="0.001">
    </testcase>
    <testcase classname="CircuitBreaker Initialization should emit initialized event" name="CircuitBreaker Initialization should emit initialized event" time="0.001">
    </testcase>
    <testcase classname="CircuitBreaker Initialization should use default configuration values" name="CircuitBreaker Initialization should use default configuration values" time="0">
    </testcase>
    <testcase classname="CircuitBreaker State Transitions - CLOSED to OPEN should move to OPEN after reaching failure threshold" name="CircuitBreaker State Transitions - CLOSED to OPEN should move to OPEN after reaching failure threshold" time="0">
    </testcase>
    <testcase classname="CircuitBreaker State Transitions - CLOSED to OPEN should track failure metrics correctly" name="CircuitBreaker State Transitions - CLOSED to OPEN should track failure metrics correctly" time="0">
    </testcase>
    <testcase classname="CircuitBreaker State Transitions - CLOSED to OPEN should emit requestFailure events" name="CircuitBreaker State Transitions - CLOSED to OPEN should emit requestFailure events" time="10.001">
      <failure>Error: thrown: &quot;Exceeded timeout of 10000 ms for a test while waiting for `done()` to be called.
Add a timeout value to this test to increase the timeout, if this is a long-running test. See https://jestjs.io/docs/api#testname-fn-timeout.&quot;
    at /Users/acedergr/Projects/alecs-mcp-server-akamai/__tests__/unit/resilience/CircuitBreaker.test.ts:94:5
    at _dispatchDescribe (/Users/acedergr/Projects/alecs-mcp-server-akamai/node_modules/jest-circus/build/jestAdapterInit.js:604:26)
    at describe (/Users/acedergr/Projects/alecs-mcp-server-akamai/node_modules/jest-circus/build/jestAdapterInit.js:572:44)
    at /Users/acedergr/Projects/alecs-mcp-server-akamai/__tests__/unit/resilience/CircuitBreaker.test.ts:50:3
    at _dispatchDescribe (/Users/acedergr/Projects/alecs-mcp-server-akamai/node_modules/jest-circus/build/jestAdapterInit.js:604:26)
    at describe (/Users/acedergr/Projects/alecs-mcp-server-akamai/node_modules/jest-circus/build/jestAdapterInit.js:572:44)
    at Object.&lt;anonymous&gt; (/Users/acedergr/Projects/alecs-mcp-server-akamai/__tests__/unit/resilience/CircuitBreaker.test.ts:3:1)
    at Runtime._execModule (/Users/acedergr/Projects/alecs-mcp-server-akamai/node_modules/jest-runtime/build/index.js:1264:24)
    at Runtime._loadModule (/Users/acedergr/Projects/alecs-mcp-server-akamai/node_modules/jest-runtime/build/index.js:940:12)
    at Runtime.requireModule (/Users/acedergr/Projects/alecs-mcp-server-akamai/node_modules/jest-runtime/build/index.js:828:12)
    at jestAdapter (/Users/acedergr/Projects/alecs-mcp-server-akamai/node_modules/jest-circus/build/runner.js:95:13)
    at runTestInternal (/Users/acedergr/Projects/alecs-mcp-server-akamai/node_modules/jest-runner/build/index.js:272:16)
    at runTest (/Users/acedergr/Projects/alecs-mcp-server-akamai/node_modules/jest-runner/build/index.js:340:7)</failure>
    </testcase>
    <testcase classname="CircuitBreaker State Transitions - OPEN to HALF_OPEN should reject requests immediately when OPEN" name="CircuitBreaker State Transitions - OPEN to HALF_OPEN should reject requests immediately when OPEN" time="0">
    </testcase>
    <testcase classname="CircuitBreaker State Transitions - OPEN to HALF_OPEN should move to HALF_OPEN after recovery timeout" name="CircuitBreaker State Transitions - OPEN to HALF_OPEN should move to HALF_OPEN after recovery timeout" time="1.104">
    </testcase>
    <testcase classname="CircuitBreaker State Transitions - OPEN to HALF_OPEN should emit requestRejected events when OPEN" name="CircuitBreaker State Transitions - OPEN to HALF_OPEN should emit requestRejected events when OPEN" time="0.001">
    </testcase>
    <testcase classname="CircuitBreaker State Transitions - HALF_OPEN to CLOSED should move to CLOSED after success threshold" name="CircuitBreaker State Transitions - HALF_OPEN to CLOSED should move to CLOSED after success threshold" time="1.101">
    </testcase>
    <testcase classname="CircuitBreaker State Transitions - HALF_OPEN to CLOSED should emit halfOpenSuccess events" name="CircuitBreaker State Transitions - HALF_OPEN to CLOSED should emit halfOpenSuccess events" time="1.101">
    </testcase>
    <testcase classname="CircuitBreaker State Transitions - HALF_OPEN to CLOSED should return to OPEN if failure occurs in HALF_OPEN" name="CircuitBreaker State Transitions - HALF_OPEN to CLOSED should return to OPEN if failure occurs in HALF_OPEN" time="1.107">
      <failure>Error: expect(received).toBe(expected) // Object.is equality

Expected: &quot;OPEN&quot;
Received: &quot;HALF_OPEN&quot;
    at Object.&lt;anonymous&gt; (/Users/acedergr/Projects/alecs-mcp-server-akamai/__tests__/unit/resilience/CircuitBreaker.test.ts:238:41)</failure>
    </testcase>
    <testcase classname="CircuitBreaker Success Execution should execute successful requests in CLOSED state" name="CircuitBreaker Success Execution should execute successful requests in CLOSED state" time="0.001">
    </testcase>
    <testcase classname="CircuitBreaker Success Execution should track success metrics" name="CircuitBreaker Success Execution should track success metrics" time="0">
    </testcase>
    <testcase classname="CircuitBreaker Success Execution should emit requestSuccess events" name="CircuitBreaker Success Execution should emit requestSuccess events" time="0">
    </testcase>
    <testcase classname="CircuitBreaker Expected Errors should not count expected errors towards failure threshold" name="CircuitBreaker Expected Errors should not count expected errors towards failure threshold" time="0.001">
    </testcase>
    <testcase classname="CircuitBreaker Expected Errors should emit expectedError events" name="CircuitBreaker Expected Errors should emit expectedError events" time="10">
      <failure>Error: thrown: &quot;Exceeded timeout of 10000 ms for a test while waiting for `done()` to be called.
Add a timeout value to this test to increase the timeout, if this is a long-running test. See https://jestjs.io/docs/api#testname-fn-timeout.&quot;
    at /Users/acedergr/Projects/alecs-mcp-server-akamai/__tests__/unit/resilience/CircuitBreaker.test.ts:310:5
    at _dispatchDescribe (/Users/acedergr/Projects/alecs-mcp-server-akamai/node_modules/jest-circus/build/jestAdapterInit.js:604:26)
    at describe (/Users/acedergr/Projects/alecs-mcp-server-akamai/node_modules/jest-circus/build/jestAdapterInit.js:572:44)
    at /Users/acedergr/Projects/alecs-mcp-server-akamai/__tests__/unit/resilience/CircuitBreaker.test.ts:279:3
    at _dispatchDescribe (/Users/acedergr/Projects/alecs-mcp-server-akamai/node_modules/jest-circus/build/jestAdapterInit.js:604:26)
    at describe (/Users/acedergr/Projects/alecs-mcp-server-akamai/node_modules/jest-circus/build/jestAdapterInit.js:572:44)
    at Object.&lt;anonymous&gt; (/Users/acedergr/Projects/alecs-mcp-server-akamai/__tests__/unit/resilience/CircuitBreaker.test.ts:3:1)
    at Runtime._execModule (/Users/acedergr/Projects/alecs-mcp-server-akamai/node_modules/jest-runtime/build/index.js:1264:24)
    at Runtime._loadModule (/Users/acedergr/Projects/alecs-mcp-server-akamai/node_modules/jest-runtime/build/index.js:940:12)
    at Runtime.requireModule (/Users/acedergr/Projects/alecs-mcp-server-akamai/node_modules/jest-runtime/build/index.js:828:12)
    at jestAdapter (/Users/acedergr/Projects/alecs-mcp-server-akamai/node_modules/jest-circus/build/runner.js:95:13)
    at runTestInternal (/Users/acedergr/Projects/alecs-mcp-server-akamai/node_modules/jest-runner/build/index.js:272:16)
    at runTest (/Users/acedergr/Projects/alecs-mcp-server-akamai/node_modules/jest-runner/build/index.js:340:7)</failure>
    </testcase>
    <testcase classname="CircuitBreaker Metrics and Statistics should calculate failure rate correctly" name="CircuitBreaker Metrics and Statistics should calculate failure rate correctly" time="0">
    </testcase>
    <testcase classname="CircuitBreaker Metrics and Statistics should track average response time" name="CircuitBreaker Metrics and Statistics should track average response time" time="0.102">
    </testcase>
    <testcase classname="CircuitBreaker Metrics and Statistics should calculate request rate" name="CircuitBreaker Metrics and Statistics should calculate request rate" time="0">
      <failure>Error: expect(received).toBeGreaterThan(expected)

Expected: &gt; 0
Received:   0
    at Object.&lt;anonymous&gt; (/Users/acedergr/Projects/alecs-mcp-server-akamai/__tests__/unit/resilience/CircuitBreaker.test.ts:365:33)</failure>
    </testcase>
    <testcase classname="CircuitBreaker Health Monitoring should perform periodic health checks" name="CircuitBreaker Health Monitoring should perform periodic health checks" time="0.102">
    </testcase>
    <testcase classname="CircuitBreaker Health Monitoring should emit high failure rate alerts" name="CircuitBreaker Health Monitoring should emit high failure rate alerts" time="0.002">
    </testcase>
    <testcase classname="CircuitBreaker Health Monitoring should emit high response time alerts" name="CircuitBreaker Health Monitoring should emit high response time alerts" time="0.001">
    </testcase>
    <testcase classname="CircuitBreaker Health Monitoring should check if circuit breaker is healthy" name="CircuitBreaker Health Monitoring should check if circuit breaker is healthy" time="0">
    </testcase>
    <testcase classname="CircuitBreaker Manual Control should allow forcing state" name="CircuitBreaker Manual Control should allow forcing state" time="0.001">
    </testcase>
    <testcase classname="CircuitBreaker Manual Control should allow manual reset" name="CircuitBreaker Manual Control should allow manual reset" time="0">
    </testcase>
    <testcase classname="CircuitBreaker Manual Control should emit reset event" name="CircuitBreaker Manual Control should emit reset event" time="0">
    </testcase>
    <testcase classname="CircuitBreaker Request Allowance should allow requests in CLOSED state" name="CircuitBreaker Request Allowance should allow requests in CLOSED state" time="0">
    </testcase>
    <testcase classname="CircuitBreaker Request Allowance should allow requests in HALF_OPEN state" name="CircuitBreaker Request Allowance should allow requests in HALF_OPEN state" time="0">
    </testcase>
    <testcase classname="CircuitBreaker Request Allowance should not allow requests in OPEN state before recovery timeout" name="CircuitBreaker Request Allowance should not allow requests in OPEN state before recovery timeout" time="0">
    </testcase>
    <testcase classname="CircuitBreaker Request Allowance should calculate time until retry correctly" name="CircuitBreaker Request Allowance should calculate time until retry correctly" time="0">
    </testcase>
    <testcase classname="CircuitBreaker Resource Cleanup should destroy and cleanup resources" name="CircuitBreaker Resource Cleanup should destroy and cleanup resources" time="0.012">
    </testcase>
    <testcase classname="CircuitBreaker Resource Cleanup should stop monitoring after destroy" name="CircuitBreaker Resource Cleanup should stop monitoring after destroy" time="0">
    </testcase>
    <testcase classname="CircuitBreaker Timeout Tracking should track timeout errors separately" name="CircuitBreaker Timeout Tracking should track timeout errors separately" time="0.001">
    </testcase>
  </testsuite>
  <testsuite name="MCP Protocol Compliance" errors="0" failures="0" skipped="20" timestamp="2025-06-30T09:17:09" time="0.069" tests="20">
    <testcase classname="MCP Protocol Compliance Request/Response Format Validation ListTools Request/Response should validate ListTools request schema" name="MCP Protocol Compliance Request/Response Format Validation ListTools Request/Response should validate ListTools request schema" time="0">
      <skipped/>
    </testcase>
    <testcase classname="MCP Protocol Compliance Request/Response Format Validation ListTools Request/Response should return properly formatted tool definitions" name="MCP Protocol Compliance Request/Response Format Validation ListTools Request/Response should return properly formatted tool definitions" time="0">
      <skipped/>
    </testcase>
    <testcase classname="MCP Protocol Compliance Request/Response Format Validation CallTool Request/Response should validate CallTool request schema" name="MCP Protocol Compliance Request/Response Format Validation CallTool Request/Response should validate CallTool request schema" time="0">
      <skipped/>
    </testcase>
    <testcase classname="MCP Protocol Compliance Request/Response Format Validation CallTool Request/Response should reject invalid tool names" name="MCP Protocol Compliance Request/Response Format Validation CallTool Request/Response should reject invalid tool names" time="0">
      <skipped/>
    </testcase>
    <testcase classname="MCP Protocol Compliance Request/Response Format Validation CallTool Request/Response should validate tool arguments against schema" name="MCP Protocol Compliance Request/Response Format Validation CallTool Request/Response should validate tool arguments against schema" time="0">
      <skipped/>
    </testcase>
    <testcase classname="MCP Protocol Compliance Request/Response Format Validation CallTool Request/Response should return proper content array format" name="MCP Protocol Compliance Request/Response Format Validation CallTool Request/Response should return proper content array format" time="0">
      <skipped/>
    </testcase>
    <testcase classname="MCP Protocol Compliance Request/Response Format Validation Malformed Request Handling should handle missing required fields gracefully" name="MCP Protocol Compliance Request/Response Format Validation Malformed Request Handling should handle missing required fields gracefully" time="0">
      <skipped/>
    </testcase>
    <testcase classname="MCP Protocol Compliance Request/Response Format Validation Malformed Request Handling should handle invalid JSON gracefully" name="MCP Protocol Compliance Request/Response Format Validation Malformed Request Handling should handle invalid JSON gracefully" time="0">
      <skipped/>
    </testcase>
    <testcase classname="MCP Protocol Compliance Request/Response Format Validation Malformed Request Handling should handle schema violations with clear errors" name="MCP Protocol Compliance Request/Response Format Validation Malformed Request Handling should handle schema violations with clear errors" time="0">
      <skipped/>
    </testcase>
    <testcase classname="MCP Protocol Compliance Error Response Standards should use MCP ErrorCode enum values" name="MCP Protocol Compliance Error Response Standards should use MCP ErrorCode enum values" time="0">
      <skipped/>
    </testcase>
    <testcase classname="MCP Protocol Compliance Error Response Standards should format errors according to MCP spec" name="MCP Protocol Compliance Error Response Standards should format errors according to MCP spec" time="0">
      <skipped/>
    </testcase>
    <testcase classname="MCP Protocol Compliance Error Response Standards should include helpful error context" name="MCP Protocol Compliance Error Response Standards should include helpful error context" time="0">
      <skipped/>
    </testcase>
    <testcase classname="MCP Protocol Compliance Protocol Version and Capabilities should announce correct protocol version" name="MCP Protocol Compliance Protocol Version and Capabilities should announce correct protocol version" time="0">
      <skipped/>
    </testcase>
    <testcase classname="MCP Protocol Compliance Protocol Version and Capabilities should announce tool capabilities only" name="MCP Protocol Compliance Protocol Version and Capabilities should announce tool capabilities only" time="0">
      <skipped/>
    </testcase>
    <testcase classname="MCP Protocol Compliance Content Type Handling should support text content type" name="MCP Protocol Compliance Content Type Handling should support text content type" time="0">
      <skipped/>
    </testcase>
    <testcase classname="MCP Protocol Compliance Content Type Handling should properly escape special characters in text" name="MCP Protocol Compliance Content Type Handling should properly escape special characters in text" time="0">
      <skipped/>
    </testcase>
    <testcase classname="MCP Protocol Compliance Request ID and Tracing should handle requests without IDs" name="MCP Protocol Compliance Request ID and Tracing should handle requests without IDs" time="0">
      <skipped/>
    </testcase>
    <testcase classname="MCP Protocol Compliance Request ID and Tracing should preserve request context through tool execution" name="MCP Protocol Compliance Request ID and Tracing should preserve request context through tool execution" time="0">
      <skipped/>
    </testcase>
    <testcase classname="MCP Protocol Compliance Streaming and Large Responses should handle large response data" name="MCP Protocol Compliance Streaming and Large Responses should handle large response data" time="0">
      <skipped/>
    </testcase>
    <testcase classname="MCP Protocol Compliance Streaming and Large Responses should handle empty responses appropriately" name="MCP Protocol Compliance Streaming and Large Responses should handle empty responses appropriately" time="0">
      <skipped/>
    </testcase>
  </testsuite>
  <testsuite name="EnhancedEdgeGrid" errors="0" failures="33" skipped="0" timestamp="2025-06-30T09:17:09" time="0.132" tests="33">
    <testcase classname="EnhancedEdgeGrid Initialization should initialize with EdgeGrid configuration" name="EnhancedEdgeGrid Initialization should initialize with EdgeGrid configuration" time="0">
      <failure>TypeError: EdgeGrid is not a constructor
    at new EnhancedEdgeGrid (/Users/acedergr/Projects/alecs-mcp-server-akamai/src/auth/EnhancedEdgeGrid.ts:71:21)
    at Object.&lt;anonymous&gt; (/Users/acedergr/Projects/alecs-mcp-server-akamai/__tests__/unit/auth/EnhancedEdgeGrid.test.ts:52:24)
    at Promise.finally.completed (/Users/acedergr/Projects/alecs-mcp-server-akamai/node_modules/jest-circus/build/jestAdapterInit.js:1559:28)
    at new Promise (&lt;anonymous&gt;)
    at callAsyncCircusFn (/Users/acedergr/Projects/alecs-mcp-server-akamai/node_modules/jest-circus/build/jestAdapterInit.js:1499:10)
    at _callCircusHook (/Users/acedergr/Projects/alecs-mcp-server-akamai/node_modules/jest-circus/build/jestAdapterInit.js:978:40)
    at _runTest (/Users/acedergr/Projects/alecs-mcp-server-akamai/node_modules/jest-circus/build/jestAdapterInit.js:943:5)
    at _runTestsForDescribeBlock (/Users/acedergr/Projects/alecs-mcp-server-akamai/node_modules/jest-circus/build/jestAdapterInit.js:839:13)
    at _runTestsForDescribeBlock (/Users/acedergr/Projects/alecs-mcp-server-akamai/node_modules/jest-circus/build/jestAdapterInit.js:829:11)
    at _runTestsForDescribeBlock (/Users/acedergr/Projects/alecs-mcp-server-akamai/node_modules/jest-circus/build/jestAdapterInit.js:829:11)
    at run (/Users/acedergr/Projects/alecs-mcp-server-akamai/node_modules/jest-circus/build/jestAdapterInit.js:757:3)
    at runAndTransformResultsToJestFormat (/Users/acedergr/Projects/alecs-mcp-server-akamai/node_modules/jest-circus/build/jestAdapterInit.js:1920:21)
    at jestAdapter (/Users/acedergr/Projects/alecs-mcp-server-akamai/node_modules/jest-circus/build/runner.js:101:19)
    at runTestInternal (/Users/acedergr/Projects/alecs-mcp-server-akamai/node_modules/jest-runner/build/index.js:272:16)
    at runTest (/Users/acedergr/Projects/alecs-mcp-server-akamai/node_modules/jest-runner/build/index.js:340:7)</failure>
    </testcase>
    <testcase classname="EnhancedEdgeGrid Initialization should apply monkey patch by default" name="EnhancedEdgeGrid Initialization should apply monkey patch by default" time="0">
      <failure>TypeError: EdgeGrid is not a constructor
    at new EnhancedEdgeGrid (/Users/acedergr/Projects/alecs-mcp-server-akamai/src/auth/EnhancedEdgeGrid.ts:71:21)
    at Object.&lt;anonymous&gt; (/Users/acedergr/Projects/alecs-mcp-server-akamai/__tests__/unit/auth/EnhancedEdgeGrid.test.ts:52:24)
    at Promise.finally.completed (/Users/acedergr/Projects/alecs-mcp-server-akamai/node_modules/jest-circus/build/jestAdapterInit.js:1559:28)
    at new Promise (&lt;anonymous&gt;)
    at callAsyncCircusFn (/Users/acedergr/Projects/alecs-mcp-server-akamai/node_modules/jest-circus/build/jestAdapterInit.js:1499:10)
    at _callCircusHook (/Users/acedergr/Projects/alecs-mcp-server-akamai/node_modules/jest-circus/build/jestAdapterInit.js:978:40)
    at _runTest (/Users/acedergr/Projects/alecs-mcp-server-akamai/node_modules/jest-circus/build/jestAdapterInit.js:943:5)
    at _runTestsForDescribeBlock (/Users/acedergr/Projects/alecs-mcp-server-akamai/node_modules/jest-circus/build/jestAdapterInit.js:839:13)
    at _runTestsForDescribeBlock (/Users/acedergr/Projects/alecs-mcp-server-akamai/node_modules/jest-circus/build/jestAdapterInit.js:829:11)
    at _runTestsForDescribeBlock (/Users/acedergr/Projects/alecs-mcp-server-akamai/node_modules/jest-circus/build/jestAdapterInit.js:829:11)
    at run (/Users/acedergr/Projects/alecs-mcp-server-akamai/node_modules/jest-circus/build/jestAdapterInit.js:757:3)
    at runAndTransformResultsToJestFormat (/Users/acedergr/Projects/alecs-mcp-server-akamai/node_modules/jest-circus/build/jestAdapterInit.js:1920:21)
    at jestAdapter (/Users/acedergr/Projects/alecs-mcp-server-akamai/node_modules/jest-circus/build/runner.js:101:19)
    at runTestInternal (/Users/acedergr/Projects/alecs-mcp-server-akamai/node_modules/jest-runner/build/index.js:272:16)
    at runTest (/Users/acedergr/Projects/alecs-mcp-server-akamai/node_modules/jest-runner/build/index.js:340:7)</failure>
    </testcase>
    <testcase classname="EnhancedEdgeGrid Initialization should skip monkey patch when disabled" name="EnhancedEdgeGrid Initialization should skip monkey patch when disabled" time="0.001">
      <failure>TypeError: EdgeGrid is not a constructor
    at new EnhancedEdgeGrid (/Users/acedergr/Projects/alecs-mcp-server-akamai/src/auth/EnhancedEdgeGrid.ts:71:21)
    at Object.&lt;anonymous&gt; (/Users/acedergr/Projects/alecs-mcp-server-akamai/__tests__/unit/auth/EnhancedEdgeGrid.test.ts:52:24)
    at Promise.finally.completed (/Users/acedergr/Projects/alecs-mcp-server-akamai/node_modules/jest-circus/build/jestAdapterInit.js:1559:28)
    at new Promise (&lt;anonymous&gt;)
    at callAsyncCircusFn (/Users/acedergr/Projects/alecs-mcp-server-akamai/node_modules/jest-circus/build/jestAdapterInit.js:1499:10)
    at _callCircusHook (/Users/acedergr/Projects/alecs-mcp-server-akamai/node_modules/jest-circus/build/jestAdapterInit.js:978:40)
    at _runTest (/Users/acedergr/Projects/alecs-mcp-server-akamai/node_modules/jest-circus/build/jestAdapterInit.js:943:5)
    at _runTestsForDescribeBlock (/Users/acedergr/Projects/alecs-mcp-server-akamai/node_modules/jest-circus/build/jestAdapterInit.js:839:13)
    at _runTestsForDescribeBlock (/Users/acedergr/Projects/alecs-mcp-server-akamai/node_modules/jest-circus/build/jestAdapterInit.js:829:11)
    at _runTestsForDescribeBlock (/Users/acedergr/Projects/alecs-mcp-server-akamai/node_modules/jest-circus/build/jestAdapterInit.js:829:11)
    at run (/Users/acedergr/Projects/alecs-mcp-server-akamai/node_modules/jest-circus/build/jestAdapterInit.js:757:3)
    at runAndTransformResultsToJestFormat (/Users/acedergr/Projects/alecs-mcp-server-akamai/node_modules/jest-circus/build/jestAdapterInit.js:1920:21)
    at jestAdapter (/Users/acedergr/Projects/alecs-mcp-server-akamai/node_modules/jest-circus/build/runner.js:101:19)
    at runTestInternal (/Users/acedergr/Projects/alecs-mcp-server-akamai/node_modules/jest-runner/build/index.js:272:16)
    at runTest (/Users/acedergr/Projects/alecs-mcp-server-akamai/node_modules/jest-runner/build/index.js:340:7)</failure>
    </testcase>
    <testcase classname="EnhancedEdgeGrid Initialization should emit monkeyPatchApplied event" name="EnhancedEdgeGrid Initialization should emit monkeyPatchApplied event" time="0">
      <failure>TypeError: EdgeGrid is not a constructor
    at new EnhancedEdgeGrid (/Users/acedergr/Projects/alecs-mcp-server-akamai/src/auth/EnhancedEdgeGrid.ts:71:21)
    at Object.&lt;anonymous&gt; (/Users/acedergr/Projects/alecs-mcp-server-akamai/__tests__/unit/auth/EnhancedEdgeGrid.test.ts:52:24)
    at Promise.finally.completed (/Users/acedergr/Projects/alecs-mcp-server-akamai/node_modules/jest-circus/build/jestAdapterInit.js:1559:28)
    at new Promise (&lt;anonymous&gt;)
    at callAsyncCircusFn (/Users/acedergr/Projects/alecs-mcp-server-akamai/node_modules/jest-circus/build/jestAdapterInit.js:1499:10)
    at _callCircusHook (/Users/acedergr/Projects/alecs-mcp-server-akamai/node_modules/jest-circus/build/jestAdapterInit.js:978:40)
    at _runTest (/Users/acedergr/Projects/alecs-mcp-server-akamai/node_modules/jest-circus/build/jestAdapterInit.js:943:5)
    at _runTestsForDescribeBlock (/Users/acedergr/Projects/alecs-mcp-server-akamai/node_modules/jest-circus/build/jestAdapterInit.js:839:13)
    at _runTestsForDescribeBlock (/Users/acedergr/Projects/alecs-mcp-server-akamai/node_modules/jest-circus/build/jestAdapterInit.js:829:11)
    at _runTestsForDescribeBlock (/Users/acedergr/Projects/alecs-mcp-server-akamai/node_modules/jest-circus/build/jestAdapterInit.js:829:11)
    at run (/Users/acedergr/Projects/alecs-mcp-server-akamai/node_modules/jest-circus/build/jestAdapterInit.js:757:3)
    at runAndTransformResultsToJestFormat (/Users/acedergr/Projects/alecs-mcp-server-akamai/node_modules/jest-circus/build/jestAdapterInit.js:1920:21)
    at jestAdapter (/Users/acedergr/Projects/alecs-mcp-server-akamai/node_modules/jest-circus/build/runner.js:101:19)
    at runTestInternal (/Users/acedergr/Projects/alecs-mcp-server-akamai/node_modules/jest-runner/build/index.js:272:16)
    at runTest (/Users/acedergr/Projects/alecs-mcp-server-akamai/node_modules/jest-runner/build/index.js:340:7)</failure>
    </testcase>
    <testcase classname="EnhancedEdgeGrid Request Execution should execute GET request successfully" name="EnhancedEdgeGrid Request Execution should execute GET request successfully" time="0">
      <failure>TypeError: EdgeGrid is not a constructor
    at new EnhancedEdgeGrid (/Users/acedergr/Projects/alecs-mcp-server-akamai/src/auth/EnhancedEdgeGrid.ts:71:21)
    at Object.&lt;anonymous&gt; (/Users/acedergr/Projects/alecs-mcp-server-akamai/__tests__/unit/auth/EnhancedEdgeGrid.test.ts:52:24)
    at Promise.finally.completed (/Users/acedergr/Projects/alecs-mcp-server-akamai/node_modules/jest-circus/build/jestAdapterInit.js:1559:28)
    at new Promise (&lt;anonymous&gt;)
    at callAsyncCircusFn (/Users/acedergr/Projects/alecs-mcp-server-akamai/node_modules/jest-circus/build/jestAdapterInit.js:1499:10)
    at _callCircusHook (/Users/acedergr/Projects/alecs-mcp-server-akamai/node_modules/jest-circus/build/jestAdapterInit.js:978:40)
    at _runTest (/Users/acedergr/Projects/alecs-mcp-server-akamai/node_modules/jest-circus/build/jestAdapterInit.js:943:5)
    at _runTestsForDescribeBlock (/Users/acedergr/Projects/alecs-mcp-server-akamai/node_modules/jest-circus/build/jestAdapterInit.js:839:13)
    at _runTestsForDescribeBlock (/Users/acedergr/Projects/alecs-mcp-server-akamai/node_modules/jest-circus/build/jestAdapterInit.js:829:11)
    at _runTestsForDescribeBlock (/Users/acedergr/Projects/alecs-mcp-server-akamai/node_modules/jest-circus/build/jestAdapterInit.js:829:11)
    at run (/Users/acedergr/Projects/alecs-mcp-server-akamai/node_modules/jest-circus/build/jestAdapterInit.js:757:3)
    at runAndTransformResultsToJestFormat (/Users/acedergr/Projects/alecs-mcp-server-akamai/node_modules/jest-circus/build/jestAdapterInit.js:1920:21)
    at jestAdapter (/Users/acedergr/Projects/alecs-mcp-server-akamai/node_modules/jest-circus/build/runner.js:101:19)
    at runTestInternal (/Users/acedergr/Projects/alecs-mcp-server-akamai/node_modules/jest-runner/build/index.js:272:16)
    at runTest (/Users/acedergr/Projects/alecs-mcp-server-akamai/node_modules/jest-runner/build/index.js:340:7)</failure>
    </testcase>
    <testcase classname="EnhancedEdgeGrid Request Execution should execute POST request with data" name="EnhancedEdgeGrid Request Execution should execute POST request with data" time="0">
      <failure>TypeError: EdgeGrid is not a constructor
    at new EnhancedEdgeGrid (/Users/acedergr/Projects/alecs-mcp-server-akamai/src/auth/EnhancedEdgeGrid.ts:71:21)
    at Object.&lt;anonymous&gt; (/Users/acedergr/Projects/alecs-mcp-server-akamai/__tests__/unit/auth/EnhancedEdgeGrid.test.ts:52:24)
    at Promise.finally.completed (/Users/acedergr/Projects/alecs-mcp-server-akamai/node_modules/jest-circus/build/jestAdapterInit.js:1559:28)
    at new Promise (&lt;anonymous&gt;)
    at callAsyncCircusFn (/Users/acedergr/Projects/alecs-mcp-server-akamai/node_modules/jest-circus/build/jestAdapterInit.js:1499:10)
    at _callCircusHook (/Users/acedergr/Projects/alecs-mcp-server-akamai/node_modules/jest-circus/build/jestAdapterInit.js:978:40)
    at _runTest (/Users/acedergr/Projects/alecs-mcp-server-akamai/node_modules/jest-circus/build/jestAdapterInit.js:943:5)
    at _runTestsForDescribeBlock (/Users/acedergr/Projects/alecs-mcp-server-akamai/node_modules/jest-circus/build/jestAdapterInit.js:839:13)
    at _runTestsForDescribeBlock (/Users/acedergr/Projects/alecs-mcp-server-akamai/node_modules/jest-circus/build/jestAdapterInit.js:829:11)
    at _runTestsForDescribeBlock (/Users/acedergr/Projects/alecs-mcp-server-akamai/node_modules/jest-circus/build/jestAdapterInit.js:829:11)
    at run (/Users/acedergr/Projects/alecs-mcp-server-akamai/node_modules/jest-circus/build/jestAdapterInit.js:757:3)
    at runAndTransformResultsToJestFormat (/Users/acedergr/Projects/alecs-mcp-server-akamai/node_modules/jest-circus/build/jestAdapterInit.js:1920:21)
    at jestAdapter (/Users/acedergr/Projects/alecs-mcp-server-akamai/node_modules/jest-circus/build/runner.js:101:19)
    at runTestInternal (/Users/acedergr/Projects/alecs-mcp-server-akamai/node_modules/jest-runner/build/index.js:272:16)
    at runTest (/Users/acedergr/Projects/alecs-mcp-server-akamai/node_modules/jest-runner/build/index.js:340:7)</failure>
    </testcase>
    <testcase classname="EnhancedEdgeGrid Request Execution should execute PUT request with data" name="EnhancedEdgeGrid Request Execution should execute PUT request with data" time="0">
      <failure>TypeError: EdgeGrid is not a constructor
    at new EnhancedEdgeGrid (/Users/acedergr/Projects/alecs-mcp-server-akamai/src/auth/EnhancedEdgeGrid.ts:71:21)
    at Object.&lt;anonymous&gt; (/Users/acedergr/Projects/alecs-mcp-server-akamai/__tests__/unit/auth/EnhancedEdgeGrid.test.ts:52:24)
    at Promise.finally.completed (/Users/acedergr/Projects/alecs-mcp-server-akamai/node_modules/jest-circus/build/jestAdapterInit.js:1559:28)
    at new Promise (&lt;anonymous&gt;)
    at callAsyncCircusFn (/Users/acedergr/Projects/alecs-mcp-server-akamai/node_modules/jest-circus/build/jestAdapterInit.js:1499:10)
    at _callCircusHook (/Users/acedergr/Projects/alecs-mcp-server-akamai/node_modules/jest-circus/build/jestAdapterInit.js:978:40)
    at _runTest (/Users/acedergr/Projects/alecs-mcp-server-akamai/node_modules/jest-circus/build/jestAdapterInit.js:943:5)
    at _runTestsForDescribeBlock (/Users/acedergr/Projects/alecs-mcp-server-akamai/node_modules/jest-circus/build/jestAdapterInit.js:839:13)
    at _runTestsForDescribeBlock (/Users/acedergr/Projects/alecs-mcp-server-akamai/node_modules/jest-circus/build/jestAdapterInit.js:829:11)
    at _runTestsForDescribeBlock (/Users/acedergr/Projects/alecs-mcp-server-akamai/node_modules/jest-circus/build/jestAdapterInit.js:829:11)
    at run (/Users/acedergr/Projects/alecs-mcp-server-akamai/node_modules/jest-circus/build/jestAdapterInit.js:757:3)
    at runAndTransformResultsToJestFormat (/Users/acedergr/Projects/alecs-mcp-server-akamai/node_modules/jest-circus/build/jestAdapterInit.js:1920:21)
    at jestAdapter (/Users/acedergr/Projects/alecs-mcp-server-akamai/node_modules/jest-circus/build/runner.js:101:19)
    at runTestInternal (/Users/acedergr/Projects/alecs-mcp-server-akamai/node_modules/jest-runner/build/index.js:272:16)
    at runTest (/Users/acedergr/Projects/alecs-mcp-server-akamai/node_modules/jest-runner/build/index.js:340:7)</failure>
    </testcase>
    <testcase classname="EnhancedEdgeGrid Request Execution should execute DELETE request" name="EnhancedEdgeGrid Request Execution should execute DELETE request" time="0">
      <failure>TypeError: EdgeGrid is not a constructor
    at new EnhancedEdgeGrid (/Users/acedergr/Projects/alecs-mcp-server-akamai/src/auth/EnhancedEdgeGrid.ts:71:21)
    at Object.&lt;anonymous&gt; (/Users/acedergr/Projects/alecs-mcp-server-akamai/__tests__/unit/auth/EnhancedEdgeGrid.test.ts:52:24)
    at Promise.finally.completed (/Users/acedergr/Projects/alecs-mcp-server-akamai/node_modules/jest-circus/build/jestAdapterInit.js:1559:28)
    at new Promise (&lt;anonymous&gt;)
    at callAsyncCircusFn (/Users/acedergr/Projects/alecs-mcp-server-akamai/node_modules/jest-circus/build/jestAdapterInit.js:1499:10)
    at _callCircusHook (/Users/acedergr/Projects/alecs-mcp-server-akamai/node_modules/jest-circus/build/jestAdapterInit.js:978:40)
    at _runTest (/Users/acedergr/Projects/alecs-mcp-server-akamai/node_modules/jest-circus/build/jestAdapterInit.js:943:5)
    at _runTestsForDescribeBlock (/Users/acedergr/Projects/alecs-mcp-server-akamai/node_modules/jest-circus/build/jestAdapterInit.js:839:13)
    at _runTestsForDescribeBlock (/Users/acedergr/Projects/alecs-mcp-server-akamai/node_modules/jest-circus/build/jestAdapterInit.js:829:11)
    at _runTestsForDescribeBlock (/Users/acedergr/Projects/alecs-mcp-server-akamai/node_modules/jest-circus/build/jestAdapterInit.js:829:11)
    at run (/Users/acedergr/Projects/alecs-mcp-server-akamai/node_modules/jest-circus/build/jestAdapterInit.js:757:3)
    at runAndTransformResultsToJestFormat (/Users/acedergr/Projects/alecs-mcp-server-akamai/node_modules/jest-circus/build/jestAdapterInit.js:1920:21)
    at jestAdapter (/Users/acedergr/Projects/alecs-mcp-server-akamai/node_modules/jest-circus/build/runner.js:101:19)
    at runTestInternal (/Users/acedergr/Projects/alecs-mcp-server-akamai/node_modules/jest-runner/build/index.js:272:16)
    at runTest (/Users/acedergr/Projects/alecs-mcp-server-akamai/node_modules/jest-runner/build/index.js:340:7)</failure>
    </testcase>
    <testcase classname="EnhancedEdgeGrid Request Execution should emit requestSuccess on successful request" name="EnhancedEdgeGrid Request Execution should emit requestSuccess on successful request" time="0.001">
      <failure>TypeError: EdgeGrid is not a constructor
    at new EnhancedEdgeGrid (/Users/acedergr/Projects/alecs-mcp-server-akamai/src/auth/EnhancedEdgeGrid.ts:71:21)
    at Object.&lt;anonymous&gt; (/Users/acedergr/Projects/alecs-mcp-server-akamai/__tests__/unit/auth/EnhancedEdgeGrid.test.ts:52:24)
    at Promise.finally.completed (/Users/acedergr/Projects/alecs-mcp-server-akamai/node_modules/jest-circus/build/jestAdapterInit.js:1559:28)
    at new Promise (&lt;anonymous&gt;)
    at callAsyncCircusFn (/Users/acedergr/Projects/alecs-mcp-server-akamai/node_modules/jest-circus/build/jestAdapterInit.js:1499:10)
    at _callCircusHook (/Users/acedergr/Projects/alecs-mcp-server-akamai/node_modules/jest-circus/build/jestAdapterInit.js:978:40)
    at _runTest (/Users/acedergr/Projects/alecs-mcp-server-akamai/node_modules/jest-circus/build/jestAdapterInit.js:943:5)
    at _runTestsForDescribeBlock (/Users/acedergr/Projects/alecs-mcp-server-akamai/node_modules/jest-circus/build/jestAdapterInit.js:839:13)
    at _runTestsForDescribeBlock (/Users/acedergr/Projects/alecs-mcp-server-akamai/node_modules/jest-circus/build/jestAdapterInit.js:829:11)
    at _runTestsForDescribeBlock (/Users/acedergr/Projects/alecs-mcp-server-akamai/node_modules/jest-circus/build/jestAdapterInit.js:829:11)
    at run (/Users/acedergr/Projects/alecs-mcp-server-akamai/node_modules/jest-circus/build/jestAdapterInit.js:757:3)
    at runAndTransformResultsToJestFormat (/Users/acedergr/Projects/alecs-mcp-server-akamai/node_modules/jest-circus/build/jestAdapterInit.js:1920:21)
    at jestAdapter (/Users/acedergr/Projects/alecs-mcp-server-akamai/node_modules/jest-circus/build/runner.js:101:19)
    at runTestInternal (/Users/acedergr/Projects/alecs-mcp-server-akamai/node_modules/jest-runner/build/index.js:272:16)
    at runTest (/Users/acedergr/Projects/alecs-mcp-server-akamai/node_modules/jest-runner/build/index.js:340:7)</failure>
    </testcase>
    <testcase classname="EnhancedEdgeGrid Request Execution should emit requestError on failed request" name="EnhancedEdgeGrid Request Execution should emit requestError on failed request" time="0">
      <failure>TypeError: EdgeGrid is not a constructor
    at new EnhancedEdgeGrid (/Users/acedergr/Projects/alecs-mcp-server-akamai/src/auth/EnhancedEdgeGrid.ts:71:21)
    at Object.&lt;anonymous&gt; (/Users/acedergr/Projects/alecs-mcp-server-akamai/__tests__/unit/auth/EnhancedEdgeGrid.test.ts:52:24)
    at Promise.finally.completed (/Users/acedergr/Projects/alecs-mcp-server-akamai/node_modules/jest-circus/build/jestAdapterInit.js:1559:28)
    at new Promise (&lt;anonymous&gt;)
    at callAsyncCircusFn (/Users/acedergr/Projects/alecs-mcp-server-akamai/node_modules/jest-circus/build/jestAdapterInit.js:1499:10)
    at _callCircusHook (/Users/acedergr/Projects/alecs-mcp-server-akamai/node_modules/jest-circus/build/jestAdapterInit.js:978:40)
    at _runTest (/Users/acedergr/Projects/alecs-mcp-server-akamai/node_modules/jest-circus/build/jestAdapterInit.js:943:5)
    at _runTestsForDescribeBlock (/Users/acedergr/Projects/alecs-mcp-server-akamai/node_modules/jest-circus/build/jestAdapterInit.js:839:13)
    at _runTestsForDescribeBlock (/Users/acedergr/Projects/alecs-mcp-server-akamai/node_modules/jest-circus/build/jestAdapterInit.js:829:11)
    at _runTestsForDescribeBlock (/Users/acedergr/Projects/alecs-mcp-server-akamai/node_modules/jest-circus/build/jestAdapterInit.js:829:11)
    at run (/Users/acedergr/Projects/alecs-mcp-server-akamai/node_modules/jest-circus/build/jestAdapterInit.js:757:3)
    at runAndTransformResultsToJestFormat (/Users/acedergr/Projects/alecs-mcp-server-akamai/node_modules/jest-circus/build/jestAdapterInit.js:1920:21)
    at jestAdapter (/Users/acedergr/Projects/alecs-mcp-server-akamai/node_modules/jest-circus/build/runner.js:101:19)
    at runTestInternal (/Users/acedergr/Projects/alecs-mcp-server-akamai/node_modules/jest-runner/build/index.js:272:16)
    at runTest (/Users/acedergr/Projects/alecs-mcp-server-akamai/node_modules/jest-runner/build/index.js:340:7)</failure>
    </testcase>
    <testcase classname="EnhancedEdgeGrid Authentication Enhancement should enhance auth with optimized HTTP agent" name="EnhancedEdgeGrid Authentication Enhancement should enhance auth with optimized HTTP agent" time="0">
      <failure>TypeError: EdgeGrid is not a constructor
    at new EnhancedEdgeGrid (/Users/acedergr/Projects/alecs-mcp-server-akamai/src/auth/EnhancedEdgeGrid.ts:71:21)
    at Object.&lt;anonymous&gt; (/Users/acedergr/Projects/alecs-mcp-server-akamai/__tests__/unit/auth/EnhancedEdgeGrid.test.ts:52:24)
    at Promise.finally.completed (/Users/acedergr/Projects/alecs-mcp-server-akamai/node_modules/jest-circus/build/jestAdapterInit.js:1559:28)
    at new Promise (&lt;anonymous&gt;)
    at callAsyncCircusFn (/Users/acedergr/Projects/alecs-mcp-server-akamai/node_modules/jest-circus/build/jestAdapterInit.js:1499:10)
    at _callCircusHook (/Users/acedergr/Projects/alecs-mcp-server-akamai/node_modules/jest-circus/build/jestAdapterInit.js:978:40)
    at _runTest (/Users/acedergr/Projects/alecs-mcp-server-akamai/node_modules/jest-circus/build/jestAdapterInit.js:943:5)
    at _runTestsForDescribeBlock (/Users/acedergr/Projects/alecs-mcp-server-akamai/node_modules/jest-circus/build/jestAdapterInit.js:839:13)
    at _runTestsForDescribeBlock (/Users/acedergr/Projects/alecs-mcp-server-akamai/node_modules/jest-circus/build/jestAdapterInit.js:829:11)
    at _runTestsForDescribeBlock (/Users/acedergr/Projects/alecs-mcp-server-akamai/node_modules/jest-circus/build/jestAdapterInit.js:829:11)
    at run (/Users/acedergr/Projects/alecs-mcp-server-akamai/node_modules/jest-circus/build/jestAdapterInit.js:757:3)
    at runAndTransformResultsToJestFormat (/Users/acedergr/Projects/alecs-mcp-server-akamai/node_modules/jest-circus/build/jestAdapterInit.js:1920:21)
    at jestAdapter (/Users/acedergr/Projects/alecs-mcp-server-akamai/node_modules/jest-circus/build/runner.js:101:19)
    at runTestInternal (/Users/acedergr/Projects/alecs-mcp-server-akamai/node_modules/jest-runner/build/index.js:272:16)
    at runTest (/Users/acedergr/Projects/alecs-mcp-server-akamai/node_modules/jest-runner/build/index.js:340:7)</failure>
    </testcase>
    <testcase classname="EnhancedEdgeGrid Authentication Enhancement should add account switch key header if available" name="EnhancedEdgeGrid Authentication Enhancement should add account switch key header if available" time="0.001">
      <failure>TypeError: EdgeGrid is not a constructor
    at new EnhancedEdgeGrid (/Users/acedergr/Projects/alecs-mcp-server-akamai/src/auth/EnhancedEdgeGrid.ts:71:21)
    at Object.&lt;anonymous&gt; (/Users/acedergr/Projects/alecs-mcp-server-akamai/__tests__/unit/auth/EnhancedEdgeGrid.test.ts:52:24)
    at Promise.finally.completed (/Users/acedergr/Projects/alecs-mcp-server-akamai/node_modules/jest-circus/build/jestAdapterInit.js:1559:28)
    at new Promise (&lt;anonymous&gt;)
    at callAsyncCircusFn (/Users/acedergr/Projects/alecs-mcp-server-akamai/node_modules/jest-circus/build/jestAdapterInit.js:1499:10)
    at _callCircusHook (/Users/acedergr/Projects/alecs-mcp-server-akamai/node_modules/jest-circus/build/jestAdapterInit.js:978:40)
    at _runTest (/Users/acedergr/Projects/alecs-mcp-server-akamai/node_modules/jest-circus/build/jestAdapterInit.js:943:5)
    at _runTestsForDescribeBlock (/Users/acedergr/Projects/alecs-mcp-server-akamai/node_modules/jest-circus/build/jestAdapterInit.js:839:13)
    at _runTestsForDescribeBlock (/Users/acedergr/Projects/alecs-mcp-server-akamai/node_modules/jest-circus/build/jestAdapterInit.js:829:11)
    at _runTestsForDescribeBlock (/Users/acedergr/Projects/alecs-mcp-server-akamai/node_modules/jest-circus/build/jestAdapterInit.js:829:11)
    at run (/Users/acedergr/Projects/alecs-mcp-server-akamai/node_modules/jest-circus/build/jestAdapterInit.js:757:3)
    at runAndTransformResultsToJestFormat (/Users/acedergr/Projects/alecs-mcp-server-akamai/node_modules/jest-circus/build/jestAdapterInit.js:1920:21)
    at jestAdapter (/Users/acedergr/Projects/alecs-mcp-server-akamai/node_modules/jest-circus/build/runner.js:101:19)
    at runTestInternal (/Users/acedergr/Projects/alecs-mcp-server-akamai/node_modules/jest-runner/build/index.js:272:16)
    at runTest (/Users/acedergr/Projects/alecs-mcp-server-akamai/node_modules/jest-runner/build/index.js:340:7)</failure>
    </testcase>
    <testcase classname="EnhancedEdgeGrid Authentication Enhancement should emit authSuccess on successful authentication" name="EnhancedEdgeGrid Authentication Enhancement should emit authSuccess on successful authentication" time="0">
      <failure>TypeError: EdgeGrid is not a constructor
    at new EnhancedEdgeGrid (/Users/acedergr/Projects/alecs-mcp-server-akamai/src/auth/EnhancedEdgeGrid.ts:71:21)
    at Object.&lt;anonymous&gt; (/Users/acedergr/Projects/alecs-mcp-server-akamai/__tests__/unit/auth/EnhancedEdgeGrid.test.ts:52:24)
    at Promise.finally.completed (/Users/acedergr/Projects/alecs-mcp-server-akamai/node_modules/jest-circus/build/jestAdapterInit.js:1559:28)
    at new Promise (&lt;anonymous&gt;)
    at callAsyncCircusFn (/Users/acedergr/Projects/alecs-mcp-server-akamai/node_modules/jest-circus/build/jestAdapterInit.js:1499:10)
    at _callCircusHook (/Users/acedergr/Projects/alecs-mcp-server-akamai/node_modules/jest-circus/build/jestAdapterInit.js:978:40)
    at _runTest (/Users/acedergr/Projects/alecs-mcp-server-akamai/node_modules/jest-circus/build/jestAdapterInit.js:943:5)
    at _runTestsForDescribeBlock (/Users/acedergr/Projects/alecs-mcp-server-akamai/node_modules/jest-circus/build/jestAdapterInit.js:839:13)
    at _runTestsForDescribeBlock (/Users/acedergr/Projects/alecs-mcp-server-akamai/node_modules/jest-circus/build/jestAdapterInit.js:829:11)
    at _runTestsForDescribeBlock (/Users/acedergr/Projects/alecs-mcp-server-akamai/node_modules/jest-circus/build/jestAdapterInit.js:829:11)
    at run (/Users/acedergr/Projects/alecs-mcp-server-akamai/node_modules/jest-circus/build/jestAdapterInit.js:757:3)
    at runAndTransformResultsToJestFormat (/Users/acedergr/Projects/alecs-mcp-server-akamai/node_modules/jest-circus/build/jestAdapterInit.js:1920:21)
    at jestAdapter (/Users/acedergr/Projects/alecs-mcp-server-akamai/node_modules/jest-circus/build/runner.js:101:19)
    at runTestInternal (/Users/acedergr/Projects/alecs-mcp-server-akamai/node_modules/jest-runner/build/index.js:272:16)
    at runTest (/Users/acedergr/Projects/alecs-mcp-server-akamai/node_modules/jest-runner/build/index.js:340:7)</failure>
    </testcase>
    <testcase classname="EnhancedEdgeGrid Authentication Enhancement should handle auth errors gracefully" name="EnhancedEdgeGrid Authentication Enhancement should handle auth errors gracefully" time="0">
      <failure>TypeError: EdgeGrid is not a constructor
    at new EnhancedEdgeGrid (/Users/acedergr/Projects/alecs-mcp-server-akamai/src/auth/EnhancedEdgeGrid.ts:71:21)
    at Object.&lt;anonymous&gt; (/Users/acedergr/Projects/alecs-mcp-server-akamai/__tests__/unit/auth/EnhancedEdgeGrid.test.ts:52:24)
    at Promise.finally.completed (/Users/acedergr/Projects/alecs-mcp-server-akamai/node_modules/jest-circus/build/jestAdapterInit.js:1559:28)
    at new Promise (&lt;anonymous&gt;)
    at callAsyncCircusFn (/Users/acedergr/Projects/alecs-mcp-server-akamai/node_modules/jest-circus/build/jestAdapterInit.js:1499:10)
    at _callCircusHook (/Users/acedergr/Projects/alecs-mcp-server-akamai/node_modules/jest-circus/build/jestAdapterInit.js:978:40)
    at _runTest (/Users/acedergr/Projects/alecs-mcp-server-akamai/node_modules/jest-circus/build/jestAdapterInit.js:943:5)
    at _runTestsForDescribeBlock (/Users/acedergr/Projects/alecs-mcp-server-akamai/node_modules/jest-circus/build/jestAdapterInit.js:839:13)
    at _runTestsForDescribeBlock (/Users/acedergr/Projects/alecs-mcp-server-akamai/node_modules/jest-circus/build/jestAdapterInit.js:829:11)
    at _runTestsForDescribeBlock (/Users/acedergr/Projects/alecs-mcp-server-akamai/node_modules/jest-circus/build/jestAdapterInit.js:829:11)
    at run (/Users/acedergr/Projects/alecs-mcp-server-akamai/node_modules/jest-circus/build/jestAdapterInit.js:757:3)
    at runAndTransformResultsToJestFormat (/Users/acedergr/Projects/alecs-mcp-server-akamai/node_modules/jest-circus/build/jestAdapterInit.js:1920:21)
    at jestAdapter (/Users/acedergr/Projects/alecs-mcp-server-akamai/node_modules/jest-circus/build/runner.js:101:19)
    at runTestInternal (/Users/acedergr/Projects/alecs-mcp-server-akamai/node_modules/jest-runner/build/index.js:272:16)
    at runTest (/Users/acedergr/Projects/alecs-mcp-server-akamai/node_modules/jest-runner/build/index.js:340:7)</failure>
    </testcase>
    <testcase classname="EnhancedEdgeGrid Circuit Breaker Integration should use circuit breaker for request execution" name="EnhancedEdgeGrid Circuit Breaker Integration should use circuit breaker for request execution" time="0">
      <failure>TypeError: EdgeGrid is not a constructor
    at new EnhancedEdgeGrid (/Users/acedergr/Projects/alecs-mcp-server-akamai/src/auth/EnhancedEdgeGrid.ts:71:21)
    at Object.&lt;anonymous&gt; (/Users/acedergr/Projects/alecs-mcp-server-akamai/__tests__/unit/auth/EnhancedEdgeGrid.test.ts:52:24)
    at Promise.finally.completed (/Users/acedergr/Projects/alecs-mcp-server-akamai/node_modules/jest-circus/build/jestAdapterInit.js:1559:28)
    at new Promise (&lt;anonymous&gt;)
    at callAsyncCircusFn (/Users/acedergr/Projects/alecs-mcp-server-akamai/node_modules/jest-circus/build/jestAdapterInit.js:1499:10)
    at _callCircusHook (/Users/acedergr/Projects/alecs-mcp-server-akamai/node_modules/jest-circus/build/jestAdapterInit.js:978:40)
    at _runTest (/Users/acedergr/Projects/alecs-mcp-server-akamai/node_modules/jest-circus/build/jestAdapterInit.js:943:5)
    at _runTestsForDescribeBlock (/Users/acedergr/Projects/alecs-mcp-server-akamai/node_modules/jest-circus/build/jestAdapterInit.js:839:13)
    at _runTestsForDescribeBlock (/Users/acedergr/Projects/alecs-mcp-server-akamai/node_modules/jest-circus/build/jestAdapterInit.js:829:11)
    at _runTestsForDescribeBlock (/Users/acedergr/Projects/alecs-mcp-server-akamai/node_modules/jest-circus/build/jestAdapterInit.js:829:11)
    at run (/Users/acedergr/Projects/alecs-mcp-server-akamai/node_modules/jest-circus/build/jestAdapterInit.js:757:3)
    at runAndTransformResultsToJestFormat (/Users/acedergr/Projects/alecs-mcp-server-akamai/node_modules/jest-circus/build/jestAdapterInit.js:1920:21)
    at jestAdapter (/Users/acedergr/Projects/alecs-mcp-server-akamai/node_modules/jest-circus/build/runner.js:101:19)
    at runTestInternal (/Users/acedergr/Projects/alecs-mcp-server-akamai/node_modules/jest-runner/build/index.js:272:16)
    at runTest (/Users/acedergr/Projects/alecs-mcp-server-akamai/node_modules/jest-runner/build/index.js:340:7)</failure>
    </testcase>
    <testcase classname="EnhancedEdgeGrid Circuit Breaker Integration should emit circuitBreakerStateChange event" name="EnhancedEdgeGrid Circuit Breaker Integration should emit circuitBreakerStateChange event" time="0.001">
      <failure>TypeError: EdgeGrid is not a constructor
    at new EnhancedEdgeGrid (/Users/acedergr/Projects/alecs-mcp-server-akamai/src/auth/EnhancedEdgeGrid.ts:71:21)
    at Object.&lt;anonymous&gt; (/Users/acedergr/Projects/alecs-mcp-server-akamai/__tests__/unit/auth/EnhancedEdgeGrid.test.ts:52:24)
    at Promise.finally.completed (/Users/acedergr/Projects/alecs-mcp-server-akamai/node_modules/jest-circus/build/jestAdapterInit.js:1559:28)
    at new Promise (&lt;anonymous&gt;)
    at callAsyncCircusFn (/Users/acedergr/Projects/alecs-mcp-server-akamai/node_modules/jest-circus/build/jestAdapterInit.js:1499:10)
    at _callCircusHook (/Users/acedergr/Projects/alecs-mcp-server-akamai/node_modules/jest-circus/build/jestAdapterInit.js:978:40)
    at _runTest (/Users/acedergr/Projects/alecs-mcp-server-akamai/node_modules/jest-circus/build/jestAdapterInit.js:943:5)
    at _runTestsForDescribeBlock (/Users/acedergr/Projects/alecs-mcp-server-akamai/node_modules/jest-circus/build/jestAdapterInit.js:839:13)
    at _runTestsForDescribeBlock (/Users/acedergr/Projects/alecs-mcp-server-akamai/node_modules/jest-circus/build/jestAdapterInit.js:829:11)
    at _runTestsForDescribeBlock (/Users/acedergr/Projects/alecs-mcp-server-akamai/node_modules/jest-circus/build/jestAdapterInit.js:829:11)
    at run (/Users/acedergr/Projects/alecs-mcp-server-akamai/node_modules/jest-circus/build/jestAdapterInit.js:757:3)
    at runAndTransformResultsToJestFormat (/Users/acedergr/Projects/alecs-mcp-server-akamai/node_modules/jest-circus/build/jestAdapterInit.js:1920:21)
    at jestAdapter (/Users/acedergr/Projects/alecs-mcp-server-akamai/node_modules/jest-circus/build/runner.js:101:19)
    at runTestInternal (/Users/acedergr/Projects/alecs-mcp-server-akamai/node_modules/jest-runner/build/index.js:272:16)
    at runTest (/Users/acedergr/Projects/alecs-mcp-server-akamai/node_modules/jest-runner/build/index.js:340:7)</failure>
    </testcase>
    <testcase classname="EnhancedEdgeGrid Circuit Breaker Integration should get circuit breaker state" name="EnhancedEdgeGrid Circuit Breaker Integration should get circuit breaker state" time="0">
      <failure>TypeError: EdgeGrid is not a constructor
    at new EnhancedEdgeGrid (/Users/acedergr/Projects/alecs-mcp-server-akamai/src/auth/EnhancedEdgeGrid.ts:71:21)
    at Object.&lt;anonymous&gt; (/Users/acedergr/Projects/alecs-mcp-server-akamai/__tests__/unit/auth/EnhancedEdgeGrid.test.ts:52:24)
    at Promise.finally.completed (/Users/acedergr/Projects/alecs-mcp-server-akamai/node_modules/jest-circus/build/jestAdapterInit.js:1559:28)
    at new Promise (&lt;anonymous&gt;)
    at callAsyncCircusFn (/Users/acedergr/Projects/alecs-mcp-server-akamai/node_modules/jest-circus/build/jestAdapterInit.js:1499:10)
    at _callCircusHook (/Users/acedergr/Projects/alecs-mcp-server-akamai/node_modules/jest-circus/build/jestAdapterInit.js:978:40)
    at _runTest (/Users/acedergr/Projects/alecs-mcp-server-akamai/node_modules/jest-circus/build/jestAdapterInit.js:943:5)
    at _runTestsForDescribeBlock (/Users/acedergr/Projects/alecs-mcp-server-akamai/node_modules/jest-circus/build/jestAdapterInit.js:839:13)
    at _runTestsForDescribeBlock (/Users/acedergr/Projects/alecs-mcp-server-akamai/node_modules/jest-circus/build/jestAdapterInit.js:829:11)
    at _runTestsForDescribeBlock (/Users/acedergr/Projects/alecs-mcp-server-akamai/node_modules/jest-circus/build/jestAdapterInit.js:829:11)
    at run (/Users/acedergr/Projects/alecs-mcp-server-akamai/node_modules/jest-circus/build/jestAdapterInit.js:757:3)
    at runAndTransformResultsToJestFormat (/Users/acedergr/Projects/alecs-mcp-server-akamai/node_modules/jest-circus/build/jestAdapterInit.js:1920:21)
    at jestAdapter (/Users/acedergr/Projects/alecs-mcp-server-akamai/node_modules/jest-circus/build/runner.js:101:19)
    at runTestInternal (/Users/acedergr/Projects/alecs-mcp-server-akamai/node_modules/jest-runner/build/index.js:272:16)
    at runTest (/Users/acedergr/Projects/alecs-mcp-server-akamai/node_modules/jest-runner/build/index.js:340:7)</failure>
    </testcase>
    <testcase classname="EnhancedEdgeGrid Circuit Breaker Integration should reset circuit breaker" name="EnhancedEdgeGrid Circuit Breaker Integration should reset circuit breaker" time="0">
      <failure>TypeError: EdgeGrid is not a constructor
    at new EnhancedEdgeGrid (/Users/acedergr/Projects/alecs-mcp-server-akamai/src/auth/EnhancedEdgeGrid.ts:71:21)
    at Object.&lt;anonymous&gt; (/Users/acedergr/Projects/alecs-mcp-server-akamai/__tests__/unit/auth/EnhancedEdgeGrid.test.ts:52:24)
    at Promise.finally.completed (/Users/acedergr/Projects/alecs-mcp-server-akamai/node_modules/jest-circus/build/jestAdapterInit.js:1559:28)
    at new Promise (&lt;anonymous&gt;)
    at callAsyncCircusFn (/Users/acedergr/Projects/alecs-mcp-server-akamai/node_modules/jest-circus/build/jestAdapterInit.js:1499:10)
    at _callCircusHook (/Users/acedergr/Projects/alecs-mcp-server-akamai/node_modules/jest-circus/build/jestAdapterInit.js:978:40)
    at _runTest (/Users/acedergr/Projects/alecs-mcp-server-akamai/node_modules/jest-circus/build/jestAdapterInit.js:943:5)
    at _runTestsForDescribeBlock (/Users/acedergr/Projects/alecs-mcp-server-akamai/node_modules/jest-circus/build/jestAdapterInit.js:839:13)
    at _runTestsForDescribeBlock (/Users/acedergr/Projects/alecs-mcp-server-akamai/node_modules/jest-circus/build/jestAdapterInit.js:829:11)
    at _runTestsForDescribeBlock (/Users/acedergr/Projects/alecs-mcp-server-akamai/node_modules/jest-circus/build/jestAdapterInit.js:829:11)
    at run (/Users/acedergr/Projects/alecs-mcp-server-akamai/node_modules/jest-circus/build/jestAdapterInit.js:757:3)
    at runAndTransformResultsToJestFormat (/Users/acedergr/Projects/alecs-mcp-server-akamai/node_modules/jest-circus/build/jestAdapterInit.js:1920:21)
    at jestAdapter (/Users/acedergr/Projects/alecs-mcp-server-akamai/node_modules/jest-circus/build/runner.js:101:19)
    at runTestInternal (/Users/acedergr/Projects/alecs-mcp-server-akamai/node_modules/jest-runner/build/index.js:272:16)
    at runTest (/Users/acedergr/Projects/alecs-mcp-server-akamai/node_modules/jest-runner/build/index.js:340:7)</failure>
    </testcase>
    <testcase classname="EnhancedEdgeGrid Metrics and Monitoring should track authentication metrics" name="EnhancedEdgeGrid Metrics and Monitoring should track authentication metrics" time="0">
      <failure>TypeError: EdgeGrid is not a constructor
    at new EnhancedEdgeGrid (/Users/acedergr/Projects/alecs-mcp-server-akamai/src/auth/EnhancedEdgeGrid.ts:71:21)
    at Object.&lt;anonymous&gt; (/Users/acedergr/Projects/alecs-mcp-server-akamai/__tests__/unit/auth/EnhancedEdgeGrid.test.ts:52:24)
    at Promise.finally.completed (/Users/acedergr/Projects/alecs-mcp-server-akamai/node_modules/jest-circus/build/jestAdapterInit.js:1559:28)
    at new Promise (&lt;anonymous&gt;)
    at callAsyncCircusFn (/Users/acedergr/Projects/alecs-mcp-server-akamai/node_modules/jest-circus/build/jestAdapterInit.js:1499:10)
    at _callCircusHook (/Users/acedergr/Projects/alecs-mcp-server-akamai/node_modules/jest-circus/build/jestAdapterInit.js:978:40)
    at _runTest (/Users/acedergr/Projects/alecs-mcp-server-akamai/node_modules/jest-circus/build/jestAdapterInit.js:943:5)
    at _runTestsForDescribeBlock (/Users/acedergr/Projects/alecs-mcp-server-akamai/node_modules/jest-circus/build/jestAdapterInit.js:839:13)
    at _runTestsForDescribeBlock (/Users/acedergr/Projects/alecs-mcp-server-akamai/node_modules/jest-circus/build/jestAdapterInit.js:829:11)
    at _runTestsForDescribeBlock (/Users/acedergr/Projects/alecs-mcp-server-akamai/node_modules/jest-circus/build/jestAdapterInit.js:829:11)
    at run (/Users/acedergr/Projects/alecs-mcp-server-akamai/node_modules/jest-circus/build/jestAdapterInit.js:757:3)
    at runAndTransformResultsToJestFormat (/Users/acedergr/Projects/alecs-mcp-server-akamai/node_modules/jest-circus/build/jestAdapterInit.js:1920:21)
    at jestAdapter (/Users/acedergr/Projects/alecs-mcp-server-akamai/node_modules/jest-circus/build/runner.js:101:19)
    at runTestInternal (/Users/acedergr/Projects/alecs-mcp-server-akamai/node_modules/jest-runner/build/index.js:272:16)
    at runTest (/Users/acedergr/Projects/alecs-mcp-server-akamai/node_modules/jest-runner/build/index.js:340:7)</failure>
    </testcase>
    <testcase classname="EnhancedEdgeGrid Metrics and Monitoring should calculate success rate" name="EnhancedEdgeGrid Metrics and Monitoring should calculate success rate" time="0">
      <failure>TypeError: EdgeGrid is not a constructor
    at new EnhancedEdgeGrid (/Users/acedergr/Projects/alecs-mcp-server-akamai/src/auth/EnhancedEdgeGrid.ts:71:21)
    at Object.&lt;anonymous&gt; (/Users/acedergr/Projects/alecs-mcp-server-akamai/__tests__/unit/auth/EnhancedEdgeGrid.test.ts:52:24)
    at Promise.finally.completed (/Users/acedergr/Projects/alecs-mcp-server-akamai/node_modules/jest-circus/build/jestAdapterInit.js:1559:28)
    at new Promise (&lt;anonymous&gt;)
    at callAsyncCircusFn (/Users/acedergr/Projects/alecs-mcp-server-akamai/node_modules/jest-circus/build/jestAdapterInit.js:1499:10)
    at _callCircusHook (/Users/acedergr/Projects/alecs-mcp-server-akamai/node_modules/jest-circus/build/jestAdapterInit.js:978:40)
    at _runTest (/Users/acedergr/Projects/alecs-mcp-server-akamai/node_modules/jest-circus/build/jestAdapterInit.js:943:5)
    at _runTestsForDescribeBlock (/Users/acedergr/Projects/alecs-mcp-server-akamai/node_modules/jest-circus/build/jestAdapterInit.js:839:13)
    at _runTestsForDescribeBlock (/Users/acedergr/Projects/alecs-mcp-server-akamai/node_modules/jest-circus/build/jestAdapterInit.js:829:11)
    at _runTestsForDescribeBlock (/Users/acedergr/Projects/alecs-mcp-server-akamai/node_modules/jest-circus/build/jestAdapterInit.js:829:11)
    at run (/Users/acedergr/Projects/alecs-mcp-server-akamai/node_modules/jest-circus/build/jestAdapterInit.js:757:3)
    at runAndTransformResultsToJestFormat (/Users/acedergr/Projects/alecs-mcp-server-akamai/node_modules/jest-circus/build/jestAdapterInit.js:1920:21)
    at jestAdapter (/Users/acedergr/Projects/alecs-mcp-server-akamai/node_modules/jest-circus/build/runner.js:101:19)
    at runTestInternal (/Users/acedergr/Projects/alecs-mcp-server-akamai/node_modules/jest-runner/build/index.js:272:16)
    at runTest (/Users/acedergr/Projects/alecs-mcp-server-akamai/node_modules/jest-runner/build/index.js:340:7)</failure>
    </testcase>
    <testcase classname="EnhancedEdgeGrid Metrics and Monitoring should get network metrics from optimized client" name="EnhancedEdgeGrid Metrics and Monitoring should get network metrics from optimized client" time="0.001">
      <failure>TypeError: EdgeGrid is not a constructor
    at new EnhancedEdgeGrid (/Users/acedergr/Projects/alecs-mcp-server-akamai/src/auth/EnhancedEdgeGrid.ts:71:21)
    at Object.&lt;anonymous&gt; (/Users/acedergr/Projects/alecs-mcp-server-akamai/__tests__/unit/auth/EnhancedEdgeGrid.test.ts:52:24)
    at Promise.finally.completed (/Users/acedergr/Projects/alecs-mcp-server-akamai/node_modules/jest-circus/build/jestAdapterInit.js:1559:28)
    at new Promise (&lt;anonymous&gt;)
    at callAsyncCircusFn (/Users/acedergr/Projects/alecs-mcp-server-akamai/node_modules/jest-circus/build/jestAdapterInit.js:1499:10)
    at _callCircusHook (/Users/acedergr/Projects/alecs-mcp-server-akamai/node_modules/jest-circus/build/jestAdapterInit.js:978:40)
    at _runTest (/Users/acedergr/Projects/alecs-mcp-server-akamai/node_modules/jest-circus/build/jestAdapterInit.js:943:5)
    at _runTestsForDescribeBlock (/Users/acedergr/Projects/alecs-mcp-server-akamai/node_modules/jest-circus/build/jestAdapterInit.js:839:13)
    at _runTestsForDescribeBlock (/Users/acedergr/Projects/alecs-mcp-server-akamai/node_modules/jest-circus/build/jestAdapterInit.js:829:11)
    at _runTestsForDescribeBlock (/Users/acedergr/Projects/alecs-mcp-server-akamai/node_modules/jest-circus/build/jestAdapterInit.js:829:11)
    at run (/Users/acedergr/Projects/alecs-mcp-server-akamai/node_modules/jest-circus/build/jestAdapterInit.js:757:3)
    at runAndTransformResultsToJestFormat (/Users/acedergr/Projects/alecs-mcp-server-akamai/node_modules/jest-circus/build/jestAdapterInit.js:1920:21)
    at jestAdapter (/Users/acedergr/Projects/alecs-mcp-server-akamai/node_modules/jest-circus/build/runner.js:101:19)
    at runTestInternal (/Users/acedergr/Projects/alecs-mcp-server-akamai/node_modules/jest-runner/build/index.js:272:16)
    at runTest (/Users/acedergr/Projects/alecs-mcp-server-akamai/node_modules/jest-runner/build/index.js:340:7)</failure>
    </testcase>
    <testcase classname="EnhancedEdgeGrid Metrics and Monitoring should get connection reuse rate" name="EnhancedEdgeGrid Metrics and Monitoring should get connection reuse rate" time="0">
      <failure>TypeError: EdgeGrid is not a constructor
    at new EnhancedEdgeGrid (/Users/acedergr/Projects/alecs-mcp-server-akamai/src/auth/EnhancedEdgeGrid.ts:71:21)
    at Object.&lt;anonymous&gt; (/Users/acedergr/Projects/alecs-mcp-server-akamai/__tests__/unit/auth/EnhancedEdgeGrid.test.ts:52:24)
    at Promise.finally.completed (/Users/acedergr/Projects/alecs-mcp-server-akamai/node_modules/jest-circus/build/jestAdapterInit.js:1559:28)
    at new Promise (&lt;anonymous&gt;)
    at callAsyncCircusFn (/Users/acedergr/Projects/alecs-mcp-server-akamai/node_modules/jest-circus/build/jestAdapterInit.js:1499:10)
    at _callCircusHook (/Users/acedergr/Projects/alecs-mcp-server-akamai/node_modules/jest-circus/build/jestAdapterInit.js:978:40)
    at _runTest (/Users/acedergr/Projects/alecs-mcp-server-akamai/node_modules/jest-circus/build/jestAdapterInit.js:943:5)
    at _runTestsForDescribeBlock (/Users/acedergr/Projects/alecs-mcp-server-akamai/node_modules/jest-circus/build/jestAdapterInit.js:839:13)
    at _runTestsForDescribeBlock (/Users/acedergr/Projects/alecs-mcp-server-akamai/node_modules/jest-circus/build/jestAdapterInit.js:829:11)
    at _runTestsForDescribeBlock (/Users/acedergr/Projects/alecs-mcp-server-akamai/node_modules/jest-circus/build/jestAdapterInit.js:829:11)
    at run (/Users/acedergr/Projects/alecs-mcp-server-akamai/node_modules/jest-circus/build/jestAdapterInit.js:757:3)
    at runAndTransformResultsToJestFormat (/Users/acedergr/Projects/alecs-mcp-server-akamai/node_modules/jest-circus/build/jestAdapterInit.js:1920:21)
    at jestAdapter (/Users/acedergr/Projects/alecs-mcp-server-akamai/node_modules/jest-circus/build/runner.js:101:19)
    at runTestInternal (/Users/acedergr/Projects/alecs-mcp-server-akamai/node_modules/jest-runner/build/index.js:272:16)
    at runTest (/Users/acedergr/Projects/alecs-mcp-server-akamai/node_modules/jest-runner/build/index.js:340:7)</failure>
    </testcase>
    <testcase classname="EnhancedEdgeGrid Health Check should perform comprehensive health check" name="EnhancedEdgeGrid Health Check should perform comprehensive health check" time="0">
      <failure>TypeError: EdgeGrid is not a constructor
    at new EnhancedEdgeGrid (/Users/acedergr/Projects/alecs-mcp-server-akamai/src/auth/EnhancedEdgeGrid.ts:71:21)
    at Object.&lt;anonymous&gt; (/Users/acedergr/Projects/alecs-mcp-server-akamai/__tests__/unit/auth/EnhancedEdgeGrid.test.ts:52:24)
    at Promise.finally.completed (/Users/acedergr/Projects/alecs-mcp-server-akamai/node_modules/jest-circus/build/jestAdapterInit.js:1559:28)
    at new Promise (&lt;anonymous&gt;)
    at callAsyncCircusFn (/Users/acedergr/Projects/alecs-mcp-server-akamai/node_modules/jest-circus/build/jestAdapterInit.js:1499:10)
    at _callCircusHook (/Users/acedergr/Projects/alecs-mcp-server-akamai/node_modules/jest-circus/build/jestAdapterInit.js:978:40)
    at _runTest (/Users/acedergr/Projects/alecs-mcp-server-akamai/node_modules/jest-circus/build/jestAdapterInit.js:943:5)
    at _runTestsForDescribeBlock (/Users/acedergr/Projects/alecs-mcp-server-akamai/node_modules/jest-circus/build/jestAdapterInit.js:839:13)
    at _runTestsForDescribeBlock (/Users/acedergr/Projects/alecs-mcp-server-akamai/node_modules/jest-circus/build/jestAdapterInit.js:829:11)
    at _runTestsForDescribeBlock (/Users/acedergr/Projects/alecs-mcp-server-akamai/node_modules/jest-circus/build/jestAdapterInit.js:829:11)
    at run (/Users/acedergr/Projects/alecs-mcp-server-akamai/node_modules/jest-circus/build/jestAdapterInit.js:757:3)
    at runAndTransformResultsToJestFormat (/Users/acedergr/Projects/alecs-mcp-server-akamai/node_modules/jest-circus/build/jestAdapterInit.js:1920:21)
    at jestAdapter (/Users/acedergr/Projects/alecs-mcp-server-akamai/node_modules/jest-circus/build/runner.js:101:19)
    at runTestInternal (/Users/acedergr/Projects/alecs-mcp-server-akamai/node_modules/jest-runner/build/index.js:272:16)
    at runTest (/Users/acedergr/Projects/alecs-mcp-server-akamai/node_modules/jest-runner/build/index.js:340:7)</failure>
    </testcase>
    <testcase classname="EnhancedEdgeGrid Health Check should return healthy status for good metrics" name="EnhancedEdgeGrid Health Check should return healthy status for good metrics" time="0">
      <failure>TypeError: EdgeGrid is not a constructor
    at new EnhancedEdgeGrid (/Users/acedergr/Projects/alecs-mcp-server-akamai/src/auth/EnhancedEdgeGrid.ts:71:21)
    at Object.&lt;anonymous&gt; (/Users/acedergr/Projects/alecs-mcp-server-akamai/__tests__/unit/auth/EnhancedEdgeGrid.test.ts:52:24)
    at Promise.finally.completed (/Users/acedergr/Projects/alecs-mcp-server-akamai/node_modules/jest-circus/build/jestAdapterInit.js:1559:28)
    at new Promise (&lt;anonymous&gt;)
    at callAsyncCircusFn (/Users/acedergr/Projects/alecs-mcp-server-akamai/node_modules/jest-circus/build/jestAdapterInit.js:1499:10)
    at _callCircusHook (/Users/acedergr/Projects/alecs-mcp-server-akamai/node_modules/jest-circus/build/jestAdapterInit.js:978:40)
    at _runTest (/Users/acedergr/Projects/alecs-mcp-server-akamai/node_modules/jest-circus/build/jestAdapterInit.js:943:5)
    at _runTestsForDescribeBlock (/Users/acedergr/Projects/alecs-mcp-server-akamai/node_modules/jest-circus/build/jestAdapterInit.js:839:13)
    at _runTestsForDescribeBlock (/Users/acedergr/Projects/alecs-mcp-server-akamai/node_modules/jest-circus/build/jestAdapterInit.js:829:11)
    at _runTestsForDescribeBlock (/Users/acedergr/Projects/alecs-mcp-server-akamai/node_modules/jest-circus/build/jestAdapterInit.js:829:11)
    at run (/Users/acedergr/Projects/alecs-mcp-server-akamai/node_modules/jest-circus/build/jestAdapterInit.js:757:3)
    at runAndTransformResultsToJestFormat (/Users/acedergr/Projects/alecs-mcp-server-akamai/node_modules/jest-circus/build/jestAdapterInit.js:1920:21)
    at jestAdapter (/Users/acedergr/Projects/alecs-mcp-server-akamai/node_modules/jest-circus/build/runner.js:101:19)
    at runTestInternal (/Users/acedergr/Projects/alecs-mcp-server-akamai/node_modules/jest-runner/build/index.js:272:16)
    at runTest (/Users/acedergr/Projects/alecs-mcp-server-akamai/node_modules/jest-runner/build/index.js:340:7)</failure>
    </testcase>
    <testcase classname="EnhancedEdgeGrid Health Check should return unhealthy status for circuit breaker open" name="EnhancedEdgeGrid Health Check should return unhealthy status for circuit breaker open" time="0">
      <failure>TypeError: EdgeGrid is not a constructor
    at new EnhancedEdgeGrid (/Users/acedergr/Projects/alecs-mcp-server-akamai/src/auth/EnhancedEdgeGrid.ts:71:21)
    at Object.&lt;anonymous&gt; (/Users/acedergr/Projects/alecs-mcp-server-akamai/__tests__/unit/auth/EnhancedEdgeGrid.test.ts:52:24)
    at Promise.finally.completed (/Users/acedergr/Projects/alecs-mcp-server-akamai/node_modules/jest-circus/build/jestAdapterInit.js:1559:28)
    at new Promise (&lt;anonymous&gt;)
    at callAsyncCircusFn (/Users/acedergr/Projects/alecs-mcp-server-akamai/node_modules/jest-circus/build/jestAdapterInit.js:1499:10)
    at _callCircusHook (/Users/acedergr/Projects/alecs-mcp-server-akamai/node_modules/jest-circus/build/jestAdapterInit.js:978:40)
    at _runTest (/Users/acedergr/Projects/alecs-mcp-server-akamai/node_modules/jest-circus/build/jestAdapterInit.js:943:5)
    at _runTestsForDescribeBlock (/Users/acedergr/Projects/alecs-mcp-server-akamai/node_modules/jest-circus/build/jestAdapterInit.js:839:13)
    at _runTestsForDescribeBlock (/Users/acedergr/Projects/alecs-mcp-server-akamai/node_modules/jest-circus/build/jestAdapterInit.js:829:11)
    at _runTestsForDescribeBlock (/Users/acedergr/Projects/alecs-mcp-server-akamai/node_modules/jest-circus/build/jestAdapterInit.js:829:11)
    at run (/Users/acedergr/Projects/alecs-mcp-server-akamai/node_modules/jest-circus/build/jestAdapterInit.js:757:3)
    at runAndTransformResultsToJestFormat (/Users/acedergr/Projects/alecs-mcp-server-akamai/node_modules/jest-circus/build/jestAdapterInit.js:1920:21)
    at jestAdapter (/Users/acedergr/Projects/alecs-mcp-server-akamai/node_modules/jest-circus/build/runner.js:101:19)
    at runTestInternal (/Users/acedergr/Projects/alecs-mcp-server-akamai/node_modules/jest-runner/build/index.js:272:16)
    at runTest (/Users/acedergr/Projects/alecs-mcp-server-akamai/node_modules/jest-runner/build/index.js:340:7)</failure>
    </testcase>
    <testcase classname="EnhancedEdgeGrid Health Check should return degraded status for poor connection reuse" name="EnhancedEdgeGrid Health Check should return degraded status for poor connection reuse" time="0">
      <failure>TypeError: EdgeGrid is not a constructor
    at new EnhancedEdgeGrid (/Users/acedergr/Projects/alecs-mcp-server-akamai/src/auth/EnhancedEdgeGrid.ts:71:21)
    at Object.&lt;anonymous&gt; (/Users/acedergr/Projects/alecs-mcp-server-akamai/__tests__/unit/auth/EnhancedEdgeGrid.test.ts:52:24)
    at Promise.finally.completed (/Users/acedergr/Projects/alecs-mcp-server-akamai/node_modules/jest-circus/build/jestAdapterInit.js:1559:28)
    at new Promise (&lt;anonymous&gt;)
    at callAsyncCircusFn (/Users/acedergr/Projects/alecs-mcp-server-akamai/node_modules/jest-circus/build/jestAdapterInit.js:1499:10)
    at _callCircusHook (/Users/acedergr/Projects/alecs-mcp-server-akamai/node_modules/jest-circus/build/jestAdapterInit.js:978:40)
    at _runTest (/Users/acedergr/Projects/alecs-mcp-server-akamai/node_modules/jest-circus/build/jestAdapterInit.js:943:5)
    at _runTestsForDescribeBlock (/Users/acedergr/Projects/alecs-mcp-server-akamai/node_modules/jest-circus/build/jestAdapterInit.js:839:13)
    at _runTestsForDescribeBlock (/Users/acedergr/Projects/alecs-mcp-server-akamai/node_modules/jest-circus/build/jestAdapterInit.js:829:11)
    at _runTestsForDescribeBlock (/Users/acedergr/Projects/alecs-mcp-server-akamai/node_modules/jest-circus/build/jestAdapterInit.js:829:11)
    at run (/Users/acedergr/Projects/alecs-mcp-server-akamai/node_modules/jest-circus/build/jestAdapterInit.js:757:3)
    at runAndTransformResultsToJestFormat (/Users/acedergr/Projects/alecs-mcp-server-akamai/node_modules/jest-circus/build/jestAdapterInit.js:1920:21)
    at jestAdapter (/Users/acedergr/Projects/alecs-mcp-server-akamai/node_modules/jest-circus/build/runner.js:101:19)
    at runTestInternal (/Users/acedergr/Projects/alecs-mcp-server-akamai/node_modules/jest-runner/build/index.js:272:16)
    at runTest (/Users/acedergr/Projects/alecs-mcp-server-akamai/node_modules/jest-runner/build/index.js:340:7)</failure>
    </testcase>
[...]
    </testcase>
    <testcase classname="Cache Service Unit Tests SmartCache should handle JSON values" name="Cache Service Unit Tests SmartCache should handle JSON values" time="0">
    </testcase>
    <testcase classname="Cache Service Unit Tests SmartCache should respect TTL" name="Cache Service Unit Tests SmartCache should respect TTL" time="0.001">
    </testcase>
    <testcase classname="Cache Service Unit Tests SmartCache should delete keys" name="Cache Service Unit Tests SmartCache should delete keys" time="0.001">
    </testcase>
    <testcase classname="Cache Service Unit Tests SmartCache should handle mget for multiple keys" name="Cache Service Unit Tests SmartCache should handle mget for multiple keys" time="0.001">
      <failure>Error: expect(received).toEqual(expected) // deep equality

Expected: [&quot;value1&quot;, &quot;value2&quot;, &quot;value3&quot;, null]
Received: Map {&quot;key1&quot; =&gt; &quot;value1&quot;, &quot;key2&quot; =&gt; &quot;value2&quot;, &quot;key3&quot; =&gt; &quot;value3&quot;}
    at Object.&lt;anonymous&gt; (/Users/acedergr/Projects/alecs-mcp-server-akamai/__tests__/unit/cache-service.test.ts:74:23)</failure>
    </testcase>
    <testcase classname="Cache Service Unit Tests SmartCache should track cache metrics" name="Cache Service Unit Tests SmartCache should track cache metrics" time="0">
    </testcase>
    <testcase classname="Cache Service Unit Tests SmartCache should handle large values with compression" name="Cache Service Unit Tests SmartCache should handle large values with compression" time="0">
    </testcase>
    <testcase classname="Cache Service Unit Tests SmartCache should handle eviction based on maxSize" name="Cache Service Unit Tests SmartCache should handle eviction based on maxSize" time="0.001">
      <failure>Error: expect(received).toBeNull()

Received: &quot;value1&quot;
    at Object.&lt;anonymous&gt; (/Users/acedergr/Projects/alecs-mcp-server-akamai/__tests__/unit/cache-service.test.ts:109:23)</failure>
    </testcase>
    <testcase classname="Cache Service Unit Tests AkamaiCacheService should cache API responses" name="Cache Service Unit Tests AkamaiCacheService should cache API responses" time="0">
      <failure>TypeError: fetchFn is not a function
    at /Users/acedergr/Projects/alecs-mcp-server-akamai/src/utils/smart-cache.ts:462:47
    at CircuitBreaker.execute (/Users/acedergr/Projects/alecs-mcp-server-akamai/src/utils/circuit-breaker.ts:60:28)
    at SmartCache.getWithRefresh (/Users/acedergr/Projects/alecs-mcp-server-akamai/src/utils/smart-cache.ts:462:33)
    at Object.&lt;anonymous&gt; (/Users/acedergr/Projects/alecs-mcp-server-akamai/__tests__/unit/cache-service.test.ts:134:23)</failure>
    </testcase>
    <testcase classname="Cache Service Unit Tests AkamaiCacheService should bypass cache when disabled" name="Cache Service Unit Tests AkamaiCacheService should bypass cache when disabled" time="0.001">
      <failure>TypeError: fetchFn is not a function
    at /Users/acedergr/Projects/alecs-mcp-server-akamai/src/utils/smart-cache.ts:462:47
    at CircuitBreaker.execute (/Users/acedergr/Projects/alecs-mcp-server-akamai/src/utils/circuit-breaker.ts:60:28)
    at SmartCache.getWithRefresh (/Users/acedergr/Projects/alecs-mcp-server-akamai/src/utils/smart-cache.ts:462:33)
    at Object.&lt;anonymous&gt; (/Users/acedergr/Projects/alecs-mcp-server-akamai/__tests__/unit/cache-service.test.ts:157:7)</failure>
    </testcase>
  </testsuite>
  <testsuite name="FastPurge - Reliable Tests" errors="0" failures="7" skipped="0" timestamp="2025-06-30T09:17:40" time="50.08" tests="7">
    <testcase classname="FastPurge - Reliable Tests CP Code Purge should require confirmation for high-impact purge" name="FastPurge - Reliable Tests CP Code Purge should require confirmation for high-impact purge" time="10.003">
      <failure>Error: thrown: &quot;Exceeded timeout of 10000 ms for a test.
Add a timeout value to this test to increase the timeout, if this is a long-running test. See https://jestjs.io/docs/api#testname-fn-timeout.&quot;
    at /Users/acedergr/Projects/alecs-mcp-server-akamai/__tests__/reliable/fastpurge-reliable.test.ts:22:5
    at _dispatchDescribe (/Users/acedergr/Projects/alecs-mcp-server-akamai/node_modules/jest-circus/build/jestAdapterInit.js:604:26)
    at describe (/Users/acedergr/Projects/alecs-mcp-server-akamai/node_modules/jest-circus/build/jestAdapterInit.js:572:44)
    at /Users/acedergr/Projects/alecs-mcp-server-akamai/__tests__/reliable/fastpurge-reliable.test.ts:21:3
    at _dispatchDescribe (/Users/acedergr/Projects/alecs-mcp-server-akamai/node_modules/jest-circus/build/jestAdapterInit.js:604:26)
    at describe (/Users/acedergr/Projects/alecs-mcp-server-akamai/node_modules/jest-circus/build/jestAdapterInit.js:572:44)
    at Object.&lt;anonymous&gt; (/Users/acedergr/Projects/alecs-mcp-server-akamai/__tests__/reliable/fastpurge-reliable.test.ts:9:1)
    at Runtime._execModule (/Users/acedergr/Projects/alecs-mcp-server-akamai/node_modules/jest-runtime/build/index.js:1264:24)
    at Runtime._loadModule (/Users/acedergr/Projects/alecs-mcp-server-akamai/node_modules/jest-runtime/build/index.js:940:12)
    at Runtime.requireModule (/Users/acedergr/Projects/alecs-mcp-server-akamai/node_modules/jest-runtime/build/index.js:828:12)
    at jestAdapter (/Users/acedergr/Projects/alecs-mcp-server-akamai/node_modules/jest-circus/build/runner.js:95:13)
    at runTestInternal (/Users/acedergr/Projects/alecs-mcp-server-akamai/node_modules/jest-runner/build/index.js:272:16)
    at runTest (/Users/acedergr/Projects/alecs-mcp-server-akamai/node_modules/jest-runner/build/index.js:340:7)</failure>
    </testcase>
    <testcase classname="FastPurge - Reliable Tests CP Code Purge should proceed with confirmed high-impact purge" name="FastPurge - Reliable Tests CP Code Purge should proceed with confirmed high-impact purge" time="10.008">
      <failure>Error: thrown: &quot;Exceeded timeout of 10000 ms for a test.
Add a timeout value to this test to increase the timeout, if this is a long-running test. See https://jestjs.io/docs/api#testname-fn-timeout.&quot;
    at /Users/acedergr/Projects/alecs-mcp-server-akamai/__tests__/reliable/fastpurge-reliable.test.ts:45:5
    at _dispatchDescribe (/Users/acedergr/Projects/alecs-mcp-server-akamai/node_modules/jest-circus/build/jestAdapterInit.js:604:26)
    at describe (/Users/acedergr/Projects/alecs-mcp-server-akamai/node_modules/jest-circus/build/jestAdapterInit.js:572:44)
    at /Users/acedergr/Projects/alecs-mcp-server-akamai/__tests__/reliable/fastpurge-reliable.test.ts:21:3
    at _dispatchDescribe (/Users/acedergr/Projects/alecs-mcp-server-akamai/node_modules/jest-circus/build/jestAdapterInit.js:604:26)
    at describe (/Users/acedergr/Projects/alecs-mcp-server-akamai/node_modules/jest-circus/build/jestAdapterInit.js:572:44)
    at Object.&lt;anonymous&gt; (/Users/acedergr/Projects/alecs-mcp-server-akamai/__tests__/reliable/fastpurge-reliable.test.ts:9:1)
    at Runtime._execModule (/Users/acedergr/Projects/alecs-mcp-server-akamai/node_modules/jest-runtime/build/index.js:1264:24)
    at Runtime._loadModule (/Users/acedergr/Projects/alecs-mcp-server-akamai/node_modules/jest-runtime/build/index.js:940:12)
    at Runtime.requireModule (/Users/acedergr/Projects/alecs-mcp-server-akamai/node_modules/jest-runtime/build/index.js:828:12)
    at jestAdapter (/Users/acedergr/Projects/alecs-mcp-server-akamai/node_modules/jest-circus/build/runner.js:95:13)
    at runTestInternal (/Users/acedergr/Projects/alecs-mcp-server-akamai/node_modules/jest-runner/build/index.js:272:16)
    at runTest (/Users/acedergr/Projects/alecs-mcp-server-akamai/node_modules/jest-runner/build/index.js:340:7)</failure>
    </testcase>
    <testcase classname="FastPurge - Reliable Tests CP Code Purge should handle authentication errors gracefully" name="FastPurge - Reliable Tests CP Code Purge should handle authentication errors gracefully" time="10.004">
      <failure>Error: thrown: &quot;Exceeded timeout of 10000 ms for a test.
Add a timeout value to this test to increase the timeout, if this is a long-running test. See https://jestjs.io/docs/api#testname-fn-timeout.&quot;
    at /Users/acedergr/Projects/alecs-mcp-server-akamai/__tests__/reliable/fastpurge-reliable.test.ts:69:5
    at _dispatchDescribe (/Users/acedergr/Projects/alecs-mcp-server-akamai/node_modules/jest-circus/build/jestAdapterInit.js:604:26)
    at describe (/Users/acedergr/Projects/alecs-mcp-server-akamai/node_modules/jest-circus/build/jestAdapterInit.js:572:44)
    at /Users/acedergr/Projects/alecs-mcp-server-akamai/__tests__/reliable/fastpurge-reliable.test.ts:21:3
    at _dispatchDescribe (/Users/acedergr/Projects/alecs-mcp-server-akamai/node_modules/jest-circus/build/jestAdapterInit.js:604:26)
    at describe (/Users/acedergr/Projects/alecs-mcp-server-akamai/node_modules/jest-circus/build/jestAdapterInit.js:572:44)
    at Object.&lt;anonymous&gt; (/Users/acedergr/Projects/alecs-mcp-server-akamai/__tests__/reliable/fastpurge-reliable.test.ts:9:1)
    at Runtime._execModule (/Users/acedergr/Projects/alecs-mcp-server-akamai/node_modules/jest-runtime/build/index.js:1264:24)
    at Runtime._loadModule (/Users/acedergr/Projects/alecs-mcp-server-akamai/node_modules/jest-runtime/build/index.js:940:12)
    at Runtime.requireModule (/Users/acedergr/Projects/alecs-mcp-server-akamai/node_modules/jest-runtime/build/index.js:828:12)
    at jestAdapter (/Users/acedergr/Projects/alecs-mcp-server-akamai/node_modules/jest-circus/build/runner.js:95:13)
    at runTestInternal (/Users/acedergr/Projects/alecs-mcp-server-akamai/node_modules/jest-runner/build/index.js:272:16)
    at runTest (/Users/acedergr/Projects/alecs-mcp-server-akamai/node_modules/jest-runner/build/index.js:340:7)</failure>
    </testcase>
    <testcase classname="FastPurge - Reliable Tests CP Code Purge should handle rate limiting" name="FastPurge - Reliable Tests CP Code Purge should handle rate limiting" time="10.006">
      <failure>Error: thrown: &quot;Exceeded timeout of 10000 ms for a test.
Add a timeout value to this test to increase the timeout, if this is a long-running test. See https://jestjs.io/docs/api#testname-fn-timeout.&quot;
    at /Users/acedergr/Projects/alecs-mcp-server-akamai/__tests__/reliable/fastpurge-reliable.test.ts:84:5
    at _dispatchDescribe (/Users/acedergr/Projects/alecs-mcp-server-akamai/node_modules/jest-circus/build/jestAdapterInit.js:604:26)
    at describe (/Users/acedergr/Projects/alecs-mcp-server-akamai/node_modules/jest-circus/build/jestAdapterInit.js:572:44)
    at /Users/acedergr/Projects/alecs-mcp-server-akamai/__tests__/reliable/fastpurge-reliable.test.ts:21:3
    at _dispatchDescribe (/Users/acedergr/Projects/alecs-mcp-server-akamai/node_modules/jest-circus/build/jestAdapterInit.js:604:26)
    at describe (/Users/acedergr/Projects/alecs-mcp-server-akamai/node_modules/jest-circus/build/jestAdapterInit.js:572:44)
    at Object.&lt;anonymous&gt; (/Users/acedergr/Projects/alecs-mcp-server-akamai/__tests__/reliable/fastpurge-reliable.test.ts:9:1)
    at Runtime._execModule (/Users/acedergr/Projects/alecs-mcp-server-akamai/node_modules/jest-runtime/build/index.js:1264:24)
    at Runtime._loadModule (/Users/acedergr/Projects/alecs-mcp-server-akamai/node_modules/jest-runtime/build/index.js:940:12)
    at Runtime.requireModule (/Users/acedergr/Projects/alecs-mcp-server-akamai/node_modules/jest-runtime/build/index.js:828:12)
    at jestAdapter (/Users/acedergr/Projects/alecs-mcp-server-akamai/node_modules/jest-circus/build/runner.js:95:13)
    at runTestInternal (/Users/acedergr/Projects/alecs-mcp-server-akamai/node_modules/jest-runner/build/index.js:272:16)
    at runTest (/Users/acedergr/Projects/alecs-mcp-server-akamai/node_modules/jest-runner/build/index.js:340:7)</failure>
    </testcase>
    <testcase classname="FastPurge - Reliable Tests URL Purge should successfully purge URLs" name="FastPurge - Reliable Tests URL Purge should successfully purge URLs" time="10.003">
      <failure>Error: thrown: &quot;Exceeded timeout of 10000 ms for a test.
Add a timeout value to this test to increase the timeout, if this is a long-running test. See https://jestjs.io/docs/api#testname-fn-timeout.&quot;
    at /Users/acedergr/Projects/alecs-mcp-server-akamai/__tests__/reliable/fastpurge-reliable.test.ts:101:5
    at _dispatchDescribe (/Users/acedergr/Projects/alecs-mcp-server-akamai/node_modules/jest-circus/build/jestAdapterInit.js:604:26)
    at describe (/Users/acedergr/Projects/alecs-mcp-server-akamai/node_modules/jest-circus/build/jestAdapterInit.js:572:44)
    at /Users/acedergr/Projects/alecs-mcp-server-akamai/__tests__/reliable/fastpurge-reliable.test.ts:100:3
    at _dispatchDescribe (/Users/acedergr/Projects/alecs-mcp-server-akamai/node_modules/jest-circus/build/jestAdapterInit.js:604:26)
    at describe (/Users/acedergr/Projects/alecs-mcp-server-akamai/node_modules/jest-circus/build/jestAdapterInit.js:572:44)
    at Object.&lt;anonymous&gt; (/Users/acedergr/Projects/alecs-mcp-server-akamai/__tests__/reliable/fastpurge-reliable.test.ts:9:1)
    at Runtime._execModule (/Users/acedergr/Projects/alecs-mcp-server-akamai/node_modules/jest-runtime/build/index.js:1264:24)
    at Runtime._loadModule (/Users/acedergr/Projects/alecs-mcp-server-akamai/node_modules/jest-runtime/build/index.js:940:12)
    at Runtime.requireModule (/Users/acedergr/Projects/alecs-mcp-server-akamai/node_modules/jest-runtime/build/index.js:828:12)
    at jestAdapter (/Users/acedergr/Projects/alecs-mcp-server-akamai/node_modules/jest-circus/build/runner.js:95:13)
    at runTestInternal (/Users/acedergr/Projects/alecs-mcp-server-akamai/node_modules/jest-runner/build/index.js:272:16)
    at runTest (/Users/acedergr/Projects/alecs-mcp-server-akamai/node_modules/jest-runner/build/index.js:340:7)</failure>
    </testcase>
    <testcase classname="FastPurge - Reliable Tests URL Purge should validate URL format" name="FastPurge - Reliable Tests URL Purge should validate URL format" time="0.004">
      <failure>Error: expect(received).rejects.toThrow()

Received promise resolved instead of rejected
Resolved to value: {&quot;error&quot;: &quot;INVALID_URLS&quot;, &quot;guidance&quot;: &quot;Check URL format and network parameters&quot;, &quot;message&quot;: &quot;Invalid URLs detected: invalid-url&quot;, &quot;success&quot;: false}
    at expect (/Users/acedergr/Projects/alecs-mcp-server-akamai/node_modules/expect/build/index.js:2113:15)
    at Object.&lt;anonymous&gt; (/Users/acedergr/Projects/alecs-mcp-server-akamai/__tests__/reliable/fastpurge-reliable.test.ts:130:13)
    at Promise.finally.completed (/Users/acedergr/Projects/alecs-mcp-server-akamai/node_modules/jest-circus/build/jestAdapterInit.js:1559:28)
    at new Promise (&lt;anonymous&gt;)
    at callAsyncCircusFn (/Users/acedergr/Projects/alecs-mcp-server-akamai/node_modules/jest-circus/build/jestAdapterInit.js:1499:10)
    at _callCircusTest (/Users/acedergr/Projects/alecs-mcp-server-akamai/node_modules/jest-circus/build/jestAdapterInit.js:1009:40)
    at _runTest (/Users/acedergr/Projects/alecs-mcp-server-akamai/node_modules/jest-circus/build/jestAdapterInit.js:949:3)
    at _runTestsForDescribeBlock (/Users/acedergr/Projects/alecs-mcp-server-akamai/node_modules/jest-circus/build/jestAdapterInit.js:839:13)
    at _runTestsForDescribeBlock (/Users/acedergr/Projects/alecs-mcp-server-akamai/node_modules/jest-circus/build/jestAdapterInit.js:829:11)
    at _runTestsForDescribeBlock (/Users/acedergr/Projects/alecs-mcp-server-akamai/node_modules/jest-circus/build/jestAdapterInit.js:829:11)
    at run (/Users/acedergr/Projects/alecs-mcp-server-akamai/node_modules/jest-circus/build/jestAdapterInit.js:757:3)
    at runAndTransformResultsToJestFormat (/Users/acedergr/Projects/alecs-mcp-server-akamai/node_modules/jest-circus/build/jestAdapterInit.js:1920:21)
    at jestAdapter (/Users/acedergr/Projects/alecs-mcp-server-akamai/node_modules/jest-circus/build/runner.js:101:19)
    at runTestInternal (/Users/acedergr/Projects/alecs-mcp-server-akamai/node_modules/jest-runner/build/index.js:272:16)
    at runTest (/Users/acedergr/Projects/alecs-mcp-server-akamai/node_modules/jest-runner/build/index.js:340:7)</failure>
    </testcase>
    <testcase classname="FastPurge - Reliable Tests Purge Status should check purge status" name="FastPurge - Reliable Tests Purge Status should check purge status" time="0.002">
      <failure>TypeError: Cannot read properties of undefined (reading &apos;handler&apos;)
    at Object.&lt;anonymous&gt; (/Users/acedergr/Projects/alecs-mcp-server-akamai/__tests__/reliable/fastpurge-reliable.test.ts:151:46)
    at Promise.finally.completed (/Users/acedergr/Projects/alecs-mcp-server-akamai/node_modules/jest-circus/build/jestAdapterInit.js:1559:28)
    at new Promise (&lt;anonymous&gt;)
    at callAsyncCircusFn (/Users/acedergr/Projects/alecs-mcp-server-akamai/node_modules/jest-circus/build/jestAdapterInit.js:1499:10)
    at _callCircusTest (/Users/acedergr/Projects/alecs-mcp-server-akamai/node_modules/jest-circus/build/jestAdapterInit.js:1009:40)
    at _runTest (/Users/acedergr/Projects/alecs-mcp-server-akamai/node_modules/jest-circus/build/jestAdapterInit.js:949:3)
    at _runTestsForDescribeBlock (/Users/acedergr/Projects/alecs-mcp-server-akamai/node_modules/jest-circus/build/jestAdapterInit.js:839:13)
    at _runTestsForDescribeBlock (/Users/acedergr/Projects/alecs-mcp-server-akamai/node_modules/jest-circus/build/jestAdapterInit.js:829:11)
    at _runTestsForDescribeBlock (/Users/acedergr/Projects/alecs-mcp-server-akamai/node_modules/jest-circus/build/jestAdapterInit.js:829:11)
    at run (/Users/acedergr/Projects/alecs-mcp-server-akamai/node_modules/jest-circus/build/jestAdapterInit.js:757:3)
    at runAndTransformResultsToJestFormat (/Users/acedergr/Projects/alecs-mcp-server-akamai/node_modules/jest-circus/build/jestAdapterInit.js:1920:21)
    at jestAdapter (/Users/acedergr/Projects/alecs-mcp-server-akamai/node_modules/jest-circus/build/runner.js:101:19)
    at runTestInternal (/Users/acedergr/Projects/alecs-mcp-server-akamai/node_modules/jest-runner/build/index.js:272:16)
    at runTest (/Users/acedergr/Projects/alecs-mcp-server-akamai/node_modules/jest-runner/build/index.js:340:7)</failure>
    </testcase>
  </testsuite>
  <testsuite name="Reporting Tools - Basic Tests" errors="0" failures="0" skipped="0" timestamp="2025-06-30T09:18:30" time="0.098" tests="7">
    <testcase classname="Reporting Tools - Basic Tests should export reporting tools array" name="Reporting Tools - Basic Tests should export reporting tools array" time="0">
    </testcase>
    <testcase classname="Reporting Tools - Basic Tests should have core reporting tools" name="Reporting Tools - Basic Tests should have core reporting tools" time="0.001">
    </testcase>
    <testcase classname="Reporting Tools - Basic Tests should have valid tool schemas" name="Reporting Tools - Basic Tests should have valid tool schemas" time="0.002">
    </testcase>
    <testcase classname="Reporting Tools - Basic Tests should have get-traffic-summary tool with correct schema" name="Reporting Tools - Basic Tests should have get-traffic-summary tool with correct schema" time="0.001">
    </testcase>
    <testcase classname="Reporting Tools - Basic Tests should have export tool with format options" name="Reporting Tools - Basic Tests should have export tool with format options" time="0">
    </testcase>
    <testcase classname="Reporting Tools - Basic Tests should have dashboard creation tool" name="Reporting Tools - Basic Tests should have dashboard creation tool" time="0">
    </testcase>
    <testcase classname="Reporting Tools - Basic Tests should have alert configuration tool" name="Reporting Tools - Basic Tests should have alert configuration tool" time="0.001">
    </testcase>
  </testsuite>
</testsuites>