
> alecs-mcp-server-akamai@1.6.2 build
> npm run clean && npm run build:ts


> alecs-mcp-server-akamai@1.6.2 clean
> rm -rf dist .tsbuildinfo


> alecs-mcp-server-akamai@1.6.2 build:ts
> tsc --project tsconfig.json

src/demo/type-safe-wrapper.ts(8,1): error TS6133: 'z' is declared but its value is never read.
src/demo/type-safe-wrapper.ts(46,11): error TS2554: Expected 2 arguments, but got 1.
src/demo/type-safe-wrapper.ts(65,28): error TS2345: Argument of type '{}' is not assignable to parameter of type 'string'.
src/demo/type-safe-wrapper.ts(98,43): error TS2322: Type 'string' is not assignable to type '{ start: string; end: string; granularity: "hour" | "day" | "week" | "month"; }'.
src/demo/type-safe-wrapper.ts(192,38): error TS6133: 'propertyId' is declared but its value is never read.
src/demo/type-safe-wrapper.ts(218,28): error TS4111: Property 'NODE_ENV' comes from an index signature, so it must be accessed with ['NODE_ENV'].
src/services/appsec-perfect.ts(18,6): error TS6196: 'ConfigListResponse' is declared but never used.
src/services/appsec-perfect.ts(45,3): error TS6133: 'args' is declared but its value is never read.
src/services/cps-perfect.ts(19,6): error TS6196: 'EnrollmentListResponse' is declared but never used.
src/services/cps-perfect.ts(20,6): error TS6196: 'EnrollmentDetailResponse' is declared but never used.
src/services/cps-perfect.ts(21,6): error TS6196: 'EnrollmentCreateRequest' is declared but never used.
src/services/cps-perfect.ts(22,6): error TS6196: 'EnrollmentCreateResponse' is declared but never used.
src/services/cps-perfect.ts(88,38): error TS4111: Property 'contractId' comes from an index signature, so it must be accessed with ['contractId'].
src/services/cps-perfect.ts(195,3): error TS6133: 'client' is declared but its value is never read.
src/services/reporting-perfect.ts(17,6): error TS6196: 'ListReportsResponse' is declared but never used.
src/services/reporting-perfect.ts(20,6): error TS6196: 'ReportDataResponse' is declared but never used.
src/services/reporting-perfect.ts(53,3): error TS6133: 'args' is declared but its value is never read.
src/tools/analysis/fix-strategy.ts(124,11): error TS6133: 'strategyTypes' is declared but its value is never read.
src/tools/analysis/fix-strategy.ts(127,11): error TS6133: 'dependencyTypes' is declared but its value is never read.
src/tools/analysis/fix-strategy.ts(302,9): error TS2532: Object is possibly 'undefined'.
src/tools/analysis/fix-strategy.ts(305,9): error TS2532: Object is possibly 'undefined'.
src/tools/analysis/fix-strategy.ts(308,9): error TS2532: Object is possibly 'undefined'.
src/tools/analysis/fix-strategy.ts(411,9): error TS18048: 'groups.other' is possibly 'undefined'.
src/tools/analysis/fix-strategy.ts(411,16): error TS4111: Property 'other' comes from an index signature, so it must be accessed with ['other'].
src/tools/analysis/fix-strategy.ts(417,7): error TS2532: Object is possibly 'undefined'.
src/tools/analysis/fix-strategy.ts(817,11): error TS6133: '_description' is declared but its value is never read.
src/tools/analysis/output-analyzer.ts(10,11): error TS6196: 'SeverityWeights' is declared but never used.
src/tools/analysis/output-analyzer.ts(22,11): error TS6196: 'TestCategories' is declared but never used.
src/tools/analysis/output-analyzer.ts(303,11): error TS6133: '_results' is declared but its value is never read.
src/tools/analysis/output-analyzer.ts(418,33): error TS2345: Argument of type 'string | undefined' is not assignable to parameter of type 'string'.
  Type 'undefined' is not assignable to type 'string'.
src/tools/analysis/output-analyzer.ts(419,33): error TS2345: Argument of type 'string | undefined' is not assignable to parameter of type 'string'.
  Type 'undefined' is not assignable to type 'string'.
src/tools/analysis/output-analyzer.ts(420,32): error TS2345: Argument of type 'string | undefined' is not assignable to parameter of type 'string'.
  Type 'undefined' is not assignable to type 'string'.
src/tools/analysis/output-analyzer.ts(433,11): error TS2322: Type 'string | undefined' is not assignable to type 'string'.
  Type 'undefined' is not assignable to type 'string'.
src/tools/analysis/output-analyzer.ts(434,19): error TS2532: Object is possibly 'undefined'.
src/tools/analysis/output-analyzer.ts(446,11): error TS2322: Type 'string | undefined' is not assignable to type 'string'.
  Type 'undefined' is not assignable to type 'string'.
src/tools/analysis/todo-generator.ts(796,9): error TS2532: Object is possibly 'undefined'.
src/tools/analysis/todo-generator.ts(796,50): error TS2532: Object is possibly 'undefined'.
src/tools/analysis/todo-generator.ts(801,14): error TS2532: Object is possibly 'undefined'.
src/tools/analysis/todo-generator.ts(801,53): error TS2532: Object is possibly 'undefined'.
src/tools/analysis/todo-generator.ts(807,28): error TS2532: Object is possibly 'undefined'.
src/tools/analysis/todo-generator.ts(855,9): error TS2532: Object is possibly 'undefined'.
src/tools/analysis/todo-generator.ts(931,16): error TS18048: 'effort' is possibly 'undefined'.
src/tools/analysis/todo-generator.ts(931,37): error TS18048: 'priority' is possibly 'undefined'.
src/tools/dns-dnssec-operations.ts(119,7): error TS6133: 'DNSSECValidationSchema' is declared but its value is never read.
src/tools/dns-dnssec-operations.ts(338,47): error TS2345: Argument of type 'number' is not assignable to parameter of type 'string'.
src/tools/dns-dnssec-operations.ts(352,47): error TS2345: Argument of type 'number' is not assignable to parameter of type 'string'.
src/tools/dns-dnssec-operations.ts(417,45): error TS2345: Argument of type 'number' is not assignable to parameter of type 'string'.
src/tools/dns-dnssec-operations.ts(418,47): error TS2345: Argument of type 'number' is not assignable to parameter of type 'string'.
src/tools/dns-dnssec-operations.ts(419,49): error TS2345: Argument of type 'number' is not assignable to parameter of type 'string'.
src/tools/dns-migration-tools.ts(649,20): error TS18048: 'cfZone' is possibly 'undefined'.
src/tools/documentation-tools.ts(807,19): error TS4111: Property 'other' comes from an index signature, so it must be accessed with ['other'].
src/tools/documentation-tools.ts(808,17): error TS4111: Property 'other' comes from an index signature, so it must be accessed with ['other'].
src/tools/elicitation/dns-elicitation-tool.ts(20,3): error TS6133: 'ensureCleanChangeList' is declared but its value is never read.
src/tools/elicitation/dns-elicitation-tool.ts(21,3): error TS6133: 'submitChangeList' is declared but its value is never read.
src/tools/elicitation/dns-elicitation-tool.ts(22,3): error TS6133: 'waitForZoneActivation' is declared but its value is never read.
src/tools/elicitation/dns-elicitation-tool.ts(26,8): error TS2305: Module '"../dns-tools"' has no exported member 'DNSRecordSet'.
src/tools/elicitation/dns-elicitation-tool.ts(27,8): error TS2459: Module '"../dns-tools"' declares 'ZoneActivationStatus' locally, but it is not exported.
src/tools/elicitation/dns-elicitation-tool.ts(304,13): error TS2532: Object is possibly 'undefined'.
src/tools/elicitation/dns-elicitation-tool.ts(561,17): error TS2532: Object is possibly 'undefined'.
src/tools/elicitation/dns-elicitation-tool.ts(641,17): error TS2532: Object is possibly 'undefined'.
src/tools/elicitation/secure-hostname-onboarding.ts(303,11): error TS6133: 'explanation' is declared but its value is never read.
src/tools/elicitation/secure-hostname-onboarding.ts(358,3): error TS6133: 'state' is declared but its value is never read.
src/tools/elicitation/secure-hostname-onboarding.ts(471,3): error TS6133: 'state' is declared but its value is never read.
src/tools/elicitation/secure-hostname-onboarding.ts(964,11): error TS6133: 'zoneResult' is declared but its value is never read.
src/tools/elicitation/secure-hostname-onboarding.ts(1025,3): error TS6133: 'client' is declared but its value is never read.
src/tools/elicitation/secure-hostname-onboarding.ts(1027,3): error TS6133: 'state' is declared but its value is never read.
src/tools/elicitation/secure-hostname-onboarding.ts(1118,3): error TS6133: 'client' is declared but its value is never read.
src/tools/elicitation/secure-hostname-onboarding.ts(1120,3): error TS6133: 'state' is declared but its value is never read.
src/tools/hostname-discovery-engine.ts(8,31): error TS6133: 'isPropertyResponse' is declared but its value is never read.
src/tools/hostname-discovery-engine.ts(8,51): error TS6133: 'isHostnamesResponse' is declared but its value is never read.
src/tools/hostname-management-advanced.ts(1183,9): error TS2532: Object is possibly 'undefined'.
src/tools/hostname-management-advanced.ts(1202,9): error TS2532: Object is possibly 'undefined'.
src/tools/property-manager-advanced-tools.ts(527,22): error TS18046: 'propertyResponse' is of type 'unknown'.
src/tools/property-manager-advanced-tools.ts(635,45): error TS4111: Property 'createdFromVersion' comes from an index signature, so it must be accessed with ['createdFromVersion'].
src/tools/property-manager-advanced-tools.ts(724,9): error TS2322: Type 'number | null' is not assignable to type 'number | undefined'.
  Type 'null' is not assignable to type 'number | undefined'.
src/tools/property-manager-advanced-tools.ts(728,9): error TS2322: Type 'number | null' is not assignable to type 'number | undefined'.
  Type 'null' is not assignable to type 'number | undefined'.
src/tools/property-manager-advanced-tools.ts(956,41): error TS2339: Property 'errors' does not exist on type '{ propertyId: string; hostnames: { items: objectInputType<{ cnameFrom: ZodString; cnameTo: ZodOptional<ZodString>; cnameType: ZodOptional<ZodEnum<["EDGE_HOSTNAME"]>>; edgeHostnameId: ZodOptional<...>; certProvisioningType: ZodOptional<...>; certStatus: ZodOptional<...>; }, ZodTypeAny, "passthrough">[]; }; ... 4 more...'.
src/tools/property-manager-advanced-tools.ts(958,37): error TS2339: Property 'errors' does not exist on type '{ propertyId: string; hostnames: { items: objectInputType<{ cnameFrom: ZodString; cnameTo: ZodOptional<ZodString>; cnameType: ZodOptional<ZodEnum<["EDGE_HOSTNAME"]>>; edgeHostnameId: ZodOptional<...>; certProvisioningType: ZodOptional<...>; certStatus: ZodOptional<...>; }, ZodTypeAny, "passthrough">[]; }; ... 4 more...'.
src/tools/property-manager-advanced-tools.ts(963,41): error TS2339: Property 'warnings' does not exist on type '{ propertyId: string; hostnames: { items: objectInputType<{ cnameFrom: ZodString; cnameTo: ZodOptional<ZodString>; cnameType: ZodOptional<ZodEnum<["EDGE_HOSTNAME"]>>; edgeHostnameId: ZodOptional<...>; certProvisioningType: ZodOptional<...>; certStatus: ZodOptional<...>; }, ZodTypeAny, "passthrough">[]; }; ... 4 more...'.
src/tools/property-manager-advanced-tools.ts(965,38): error TS2339: Property 'warnings' does not exist on type '{ propertyId: string; hostnames: { items: objectInputType<{ cnameFrom: ZodString; cnameTo: ZodOptional<ZodString>; cnameType: ZodOptional<ZodEnum<["EDGE_HOSTNAME"]>>; edgeHostnameId: ZodOptional<...>; certProvisioningType: ZodOptional<...>; certStatus: ZodOptional<...>; }, ZodTypeAny, "passthrough">[]; }; ... 4 more...'.
src/tools/property-onboarding-tools.ts(154,28): error TS2532: Object is possibly 'undefined'.
src/tools/property-onboarding-tools.ts(169,28): error TS2532: Object is possibly 'undefined'.
src/tools/property-onboarding-tools.ts(187,28): error TS2532: Object is possibly 'undefined'.
src/tools/reporting-tools.ts(1265,53): error TS2532: Object is possibly 'undefined'.
src/tools/reporting-tools.ts(1268,46): error TS2532: Object is possibly 'undefined'.
src/tools/secure-by-default-onboarding.ts(216,31): error TS4111: Property 'MCP_ENVIRONMENT' comes from an index signature, so it must be accessed with ['MCP_ENVIRONMENT'].
src/tools/security/network-lists-activation.ts(210,19): error TS4111: Property 'listType' comes from an index signature, so it must be accessed with ['listType'].
src/tools/security/network-lists-activation.ts(213,19): error TS4111: Property 'network' comes from an index signature, so it must be accessed with ['network'].
src/tools/security/network-lists-activation.ts(216,19): error TS4111: Property 'status' comes from an index signature, so it must be accessed with ['status'].
src/tools/security/network-lists-tools.ts(133,19): error TS4111: Property 'listType' comes from an index signature, so it must be accessed with ['listType'].
src/tools/security/network-lists-tools.ts(136,19): error TS4111: Property 'search' comes from an index signature, so it must be accessed with ['search'].
src/tools/security/network-lists-tools.ts(139,19): error TS4111: Property 'includeElements' comes from an index signature, so it must be accessed with ['includeElements'].
src/tools/security/network-lists-tools.ts(142,19): error TS4111: Property 'extended' comes from an index signature, so it must be accessed with ['extended'].
src/tools/security/network-lists-tools.ts(237,19): error TS4111: Property 'includeElements' comes from an index signature, so it must be accessed with ['includeElements'].
src/tools/security/network-lists-tools.ts(240,19): error TS4111: Property 'extended' comes from an index signature, so it must be accessed with ['extended'].
src/types/generated/index.ts(11,34): error TS2307: Cannot find module './reporting' or its corresponding type declarations.
src/types/generated/index.ts(13,39): error TS2307: Cannot find module './edge-hostnames' or its corresponding type declarations.
src/types/generated/index.ts(21,46): error TS2307: Cannot find module './reporting' or its corresponding type declarations.
src/types/generated/index.ts(23,50): error TS2307: Cannot find module './edge-hostnames' or its corresponding type declarations.
src/types/generated/validation.ts(17,25): error TS2536: Type '"responses"' cannot be used to index type 'paths[TPath][TMethod]'.
src/types/generated/validation.ts(17,77): error TS2344: Type 'number' does not satisfy the constraint 'keyof paths[TPath][TMethod]["responses"]'.
  Type 'number' is not assignable to type 'keyof paths[TPath][keyof paths[TPath]]["responses"]'.
    Type 'number' is not assignable to type 'keyof paths[TPath][string | number | symbol]["responses"]'.
      Type 'number' is not assignable to type 'keyof paths[TPath][string]["responses"] & keyof paths[TPath][number]["responses"] & keyof paths[TPath][symbol]["responses"]'.
        Type 'number' is not assignable to type 'keyof paths[TPath][string]["responses"]'.
src/types/generated/validation.ts(18,5): error TS2536: Type '"responses"' cannot be used to index type 'paths[TPath][TMethod]'.
src/types/generated/validation.ts(25,25): error TS2536: Type '"responses"' cannot be used to index type 'paths[TPath][TMethod]'.
src/types/generated/validation.ts(25,69): error TS2344: Type 'number' does not satisfy the constraint 'keyof paths[TPath][TMethod]["responses"]'.
  Type 'number' is not assignable to type 'keyof paths[TPath][keyof paths[TPath]]["responses"]'.
    Type 'number' is not assignable to type 'keyof paths[TPath][string | number | symbol]["responses"]'.
      Type 'number' is not assignable to type 'keyof paths[TPath][string]["responses"] & keyof paths[TPath][number]["responses"] & keyof paths[TPath][symbol]["responses"]'.
        Type 'number' is not assignable to type 'keyof paths[TPath][string]["responses"]'.
src/types/generated/validation.ts(26,5): error TS2536: Type '"responses"' cannot be used to index type 'paths[TPath][TMethod]'.
src/types/middleware.ts(226,17): error TS4111: Property 'params' comes from an index signature, so it must be accessed with ['params'].
src/types/tool-infrastructure.ts(187,15): error TS6133: 'TArgs' is declared but its value is never read.
src/utils/akamai-id-validator.ts(240,5): error TS2322: Type 'string | undefined' is not assignable to type 'string | null'.
  Type 'undefined' is not assignable to type 'string | null'.
src/utils/akamai-id-validator.ts(251,5): error TS2322: Type 'string | undefined' is not assignable to type 'string | null'.
  Type 'undefined' is not assignable to type 'string | null'.
src/utils/bloom-filter.ts(170,9): error TS2532: Object is possibly 'undefined'.
src/utils/bloom-filter.ts(170,29): error TS2532: Object is possibly 'undefined'.
src/utils/circuit-breaker.ts(34,11): error TS6133: 'lastFailureTime' is declared but its value is never read.
src/utils/customer-config.ts(93,19): error TS4111: Property 'EDGERC_PATH' comes from an index signature, so it must be accessed with ['EDGERC_PATH'].
src/utils/error-diagnostics.ts(163,39): error TS6133: 'context' is declared but its value is never read.
src/utils/errors.ts(133,30): error TS4111: Property 'propertyId' comes from an index signature, so it must be accessed with ['propertyId'].
src/utils/etag-handler.ts(155,34): error TS4111: Property 'validateRules' comes from an index signature, so it must be accessed with ['validateRules'].
src/utils/etag-handler.ts(185,43): error TS4111: Property 'validateRules' comes from an index signature, so it must be accessed with ['validateRules'].
src/utils/json-response-builder.ts(55,11): error TS6133: 'maxSize' is declared but its value is never read.
src/utils/json-response-builder.ts(140,10): error TS6133: 'T' is declared but its value is never read.
src/utils/json-response-builder.ts(246,5): error TS6133: 'metadata' is declared but its value is never read.
src/utils/json-response-builder.ts(257,5): error TS6133: 'operation' is declared but its value is never read.
src/utils/logger.ts(13,34): error TS4111: Property 'DEBUG' comes from an index signature, so it must be accessed with ['DEBUG'].
src/utils/mcp-streaming.ts(221,7): error TS18048: 'lastChunk' is possibly 'undefined'.
src/utils/modular-server-factory.ts(54,11): error TS6133: 'config' is declared but its value is never read.
src/utils/modular-server-factory.ts(94,58): error TS2345: Argument of type '(request: { params: { name: string; _meta?: objectOutputType<{ progressToken: ZodOptional<ZodUnion<[ZodString, ZodNumber]>>; }, ZodTypeAny, "passthrough"> | undefined; arguments?: Record<...> | undefined; } & { ...; }; method: "tools/call"; }) => Promise<...>' is not assignable to parameter of type '(request: { params: { name: string; _meta?: objectOutputType<{ progressToken: ZodOptional<ZodUnion<[ZodString, ZodNumber]>>; }, ZodTypeAny, "passthrough"> | undefined; arguments?: Record<...> | undefined; } & { ...; }; method: "tools/call"; }, extra: RequestHandlerExtra<...>) => { ...; } | ... 1 more ... | Promise<....'.
  Type 'Promise<MCPToolResponse>' is not assignable to type '{ [x: string]: unknown; _meta?: { [x: string]: unknown; } | undefined; } | ServerResult | Promise<{ [x: string]: unknown; _meta?: { [x: string]: unknown; } | undefined; } | ServerResult>'.
    Type 'Promise<MCPToolResponse>' is not assignable to type 'Promise<{ [x: string]: unknown; _meta?: { [x: string]: unknown; } | undefined; } | ServerResult>'.
      Type 'MCPToolResponse' is not assignable to type '{ [x: string]: unknown; _meta?: { [x: string]: unknown; } | undefined; } | ServerResult'.
        Property 'tools' is missing in type 'MCPToolResponse' but required in type '{ [x: string]: unknown; tools: { [x: string]: unknown; name: string; inputSchema: { [x: string]: unknown; type: "object"; properties?: { [x: string]: unknown; } | undefined; required?: string[] | undefined; }; title?: string | undefined; description?: string | undefined; _meta?: { ...; } | undefined; outputSchema?: ...'.
src/utils/modular-server-factory.ts(102,41): error TS18048: 'args' is possibly 'undefined'.
src/utils/modular-server-factory.ts(102,46): error TS4111: Property 'customer' comes from an index signature, so it must be accessed with ['customer'].
src/utils/modular-server-factory.ts(102,56): error TS18048: 'args' is possibly 'undefined'.
src/utils/modular-server-factory.ts(102,61): error TS4111: Property 'contractId' comes from an index signature, so it must be accessed with ['contractId'].
src/utils/modular-server-factory.ts(102,73): error TS18048: 'args' is possibly 'undefined'.
src/utils/modular-server-factory.ts(102,73): error TS2554: Expected 2 arguments, but got 3.
src/utils/modular-server-factory.ts(102,78): error TS4111: Property 'groupId' comes from an index signature, so it must be accessed with ['groupId'].
src/utils/property-validation.ts(46,7): error TS2353: Object literal may only specify known properties, and 'customer' does not exist in type '{ path: string; method?: string | undefined; body?: unknown; headers?: Record<string, string> | undefined; queryParams?: Record<string, string> | undefined; }'.
src/utils/request-coalescer.ts(15,1): error TS6133: 'z' is declared but its value is never read.
src/utils/request-coalescer.ts(213,11): error TS6133: 'now' is declared but its value is never read.
src/utils/timeout-handler.ts(82,14): error TS6133: 'headers' is declared but its value is never read.
src/utils/timeout-handler.ts(172,38): error TS4111: Property 'propertyId' comes from an index signature, so it must be accessed with ['propertyId'].
src/utils/timeout-handler.ts(263,13): error TS6138: Property 'operation' is declared but its value is never read.
